  File "/www/wwwroot/review/run.sh", line 2
    source /root/.bashrc
                 ^
SyntaxError: invalid syntax
  File "/www/wwwroot/review/run.sh", line 2
    source /root/.bashrc
                 ^
SyntaxError: invalid syntax
Watching for file changes with StatReloader
[10/Jun/2022 15:02:42] "GET / HTTP/1.1" 200 644
[10/Jun/2022 15:04:38] "POST /department/ HTTP/1.1" 200 976
[10/Jun/2022 15:05:10] "POST /department/ HTTP/1.1" 200 976
[10/Jun/2022 15:05:18] "POST /searchdoctor/ HTTP/1.1" 200 122
Internal Server Error: /initDoctor/
Traceback (most recent call last):
  File "/www/wwwroot/review/Doctor-Review-backend/backend/1c67665285fb6a7d761414e12578e574_venv/lib/python3.9/site-packages/django/db/models/fields/__init__.py", line 1823, in get_prep_value
    return int(value)
ValueError: invalid literal for int() with base 10: 'undefined'

The above exception was the direct cause of the following exception:

Traceback (most recent call last):
  File "/www/wwwroot/review/Doctor-Review-backend/backend/1c67665285fb6a7d761414e12578e574_venv/lib/python3.9/site-packages/django/core/handlers/exception.py", line 47, in inner
    response = get_response(request)
  File "/www/wwwroot/review/Doctor-Review-backend/backend/1c67665285fb6a7d761414e12578e574_venv/lib/python3.9/site-packages/django/core/handlers/base.py", line 181, in _get_response
    response = wrapped_callback(request, *callback_args, **callback_kwargs)
  File "/www/wwwroot/review/Doctor-Review-backend/backend/1c67665285fb6a7d761414e12578e574_venv/lib/python3.9/site-packages/django/views/decorators/csrf.py", line 54, in wrapped_view
    return view_func(*args, **kwargs)
  File "/www/wwwroot/review/Doctor-Review-backend/backend/backend/views.py", line 111, in return_doc
    doc_set = models.DoctorInfo.objects.filter(id=doc_id)
  File "/www/wwwroot/review/Doctor-Review-backend/backend/1c67665285fb6a7d761414e12578e574_venv/lib/python3.9/site-packages/django/db/models/manager.py", line 85, in manager_method
    return getattr(self.get_queryset(), name)(*args, **kwargs)
  File "/www/wwwroot/review/Doctor-Review-backend/backend/1c67665285fb6a7d761414e12578e574_venv/lib/python3.9/site-packages/django/db/models/query.py", line 941, in filter
    return self._filter_or_exclude(False, args, kwargs)
  File "/www/wwwroot/review/Doctor-Review-backend/backend/1c67665285fb6a7d761414e12578e574_venv/lib/python3.9/site-packages/django/db/models/query.py", line 961, in _filter_or_exclude
    clone._filter_or_exclude_inplace(negate, args, kwargs)
  File "/www/wwwroot/review/Doctor-Review-backend/backend/1c67665285fb6a7d761414e12578e574_venv/lib/python3.9/site-packages/django/db/models/query.py", line 968, in _filter_or_exclude_inplace
    self._query.add_q(Q(*args, **kwargs))
  File "/www/wwwroot/review/Doctor-Review-backend/backend/1c67665285fb6a7d761414e12578e574_venv/lib/python3.9/site-packages/django/db/models/sql/query.py", line 1393, in add_q
    clause, _ = self._add_q(q_object, self.used_aliases)
  File "/www/wwwroot/review/Doctor-Review-backend/backend/1c67665285fb6a7d761414e12578e574_venv/lib/python3.9/site-packages/django/db/models/sql/query.py", line 1412, in _add_q
    child_clause, needed_inner = self.build_filter(
  File "/www/wwwroot/review/Doctor-Review-backend/backend/1c67665285fb6a7d761414e12578e574_venv/lib/python3.9/site-packages/django/db/models/sql/query.py", line 1347, in build_filter
    condition = self.build_lookup(lookups, col, value)
  File "/www/wwwroot/review/Doctor-Review-backend/backend/1c67665285fb6a7d761414e12578e574_venv/lib/python3.9/site-packages/django/db/models/sql/query.py", line 1193, in build_lookup
    lookup = lookup_class(lhs, rhs)
  File "/www/wwwroot/review/Doctor-Review-backend/backend/1c67665285fb6a7d761414e12578e574_venv/lib/python3.9/site-packages/django/db/models/lookups.py", line 25, in __init__
    self.rhs = self.get_prep_lookup()
  File "/www/wwwroot/review/Doctor-Review-backend/backend/1c67665285fb6a7d761414e12578e574_venv/lib/python3.9/site-packages/django/db/models/lookups.py", line 77, in get_prep_lookup
    return self.lhs.output_field.get_prep_value(self.rhs)
  File "/www/wwwroot/review/Doctor-Review-backend/backend/1c67665285fb6a7d761414e12578e574_venv/lib/python3.9/site-packages/django/db/models/fields/__init__.py", line 1825, in get_prep_value
    raise e.__class__(
ValueError: Field 'id' expected a number but got 'undefined'.
Internal Server Error: /initComment/
Traceback (most recent call last):
  File "/www/wwwroot/review/Doctor-Review-backend/backend/1c67665285fb6a7d761414e12578e574_venv/lib/python3.9/site-packages/django/db/models/fields/__init__.py", line 1823, in get_prep_value
    return int(value)
ValueError: invalid literal for int() with base 10: 'undefined'

The above exception was the direct cause of the following exception:

Traceback (most recent call last):
  File "/www/wwwroot/review/Doctor-Review-backend/backend/1c67665285fb6a7d761414e12578e574_venv/lib/python3.9/site-packages/django/core/handlers/exception.py", line 47, in inner
    response = get_response(request)
  File "/www/wwwroot/review/Doctor-Review-backend/backend/1c67665285fb6a7d761414e12578e574_venv/lib/python3.9/site-packages/django/core/handlers/base.py", line 181, in _get_response
    response = wrapped_callback(request, *callback_args, **callback_kwargs)
  File "/www/wwwroot/review/Doctor-Review-backend/backend/1c67665285fb6a7d761414e12578e574_venv/lib/python3.9/site-packages/django/views/decorators/csrf.py", line 54, in wrapped_view
    return view_func(*args, **kwargs)
  File "/www/wwwroot/review/Doctor-Review-backend/backend/backend/views.py", line 152, in return_comment_list
    doc_set = models.DoctorInfo.objects.filter(id=doc_id)
  File "/www/wwwroot/review/Doctor-Review-backend/backend/1c67665285fb6a7d761414e12578e574_venv/lib/python3.9/site-packages/django/db/models/manager.py", line 85, in manager_method
    return getattr(self.get_queryset(), name)(*args, **kwargs)
  File "/www/wwwroot/review/Doctor-Review-backend/backend/1c67665285fb6a7d761414e12578e574_venv/lib/python3.9/site-packages/django/db/models/query.py", line 941, in filter
    return self._filter_or_exclude(False, args, kwargs)
  File "/www/wwwroot/review/Doctor-Review-backend/backend/1c67665285fb6a7d761414e12578e574_venv/lib/python3.9/site-packages/django/db/models/query.py", line 961, in _filter_or_exclude
    clone._filter_or_exclude_inplace(negate, args, kwargs)
  File "/www/wwwroot/review/Doctor-Review-backend/backend/1c67665285fb6a7d761414e12578e574_venv/lib/python3.9/site-packages/django/db/models/query.py", line 968, in _filter_or_exclude_inplace
    self._query.add_q(Q(*args, **kwargs))
  File "/www/wwwroot/review/Doctor-Review-backend/backend/1c67665285fb6a7d761414e12578e574_venv/lib/python3.9/site-packages/django/db/models/sql/query.py", line 1393, in add_q
    clause, _ = self._add_q(q_object, self.used_aliases)
  File "/www/wwwroot/review/Doctor-Review-backend/backend/1c67665285fb6a7d761414e12578e574_venv/lib/python3.9/site-packages/django/db/models/sql/query.py", line 1412, in _add_q
    child_clause, needed_inner = self.build_filter(
  File "/www/wwwroot/review/Doctor-Review-backend/backend/1c67665285fb6a7d761414e12578e574_venv/lib/python3.9/site-packages/django/db/models/sql/query.py", line 1347, in build_filter
    condition = self.build_lookup(lookups, col, value)
  File "/www/wwwroot/review/Doctor-Review-backend/backend/1c67665285fb6a7d761414e12578e574_venv/lib/python3.9/site-packages/django/db/models/sql/query.py", line 1193, in build_lookup
    lookup = lookup_class(lhs, rhs)
  File "/www/wwwroot/review/Doctor-Review-backend/backend/1c67665285fb6a7d761414e12578e574_venv/lib/python3.9/site-packages/django/db/models/lookups.py", line 25, in __init__
    self.rhs = self.get_prep_lookup()
  File "/www/wwwroot/review/Doctor-Review-backend/backend/1c67665285fb6a7d761414e12578e574_venv/lib/python3.9/site-packages/django/db/models/lookups.py", line 77, in get_prep_lookup
    return self.lhs.output_field.get_prep_value(self.rhs)
  File "/www/wwwroot/review/Doctor-Review-backend/backend/1c67665285fb6a7d761414e12578e574_venv/lib/python3.9/site-packages/django/db/models/fields/__init__.py", line 1825, in get_prep_value
    raise e.__class__(
ValueError: Field 'id' expected a number but got 'undefined'.
[10/Jun/2022 15:05:20] "POST /initDoctor/ HTTP/1.1" 500 133359
[10/Jun/2022 15:05:20] "POST /initComment/ HTTP/1.1" 500 133637
[10/Jun/2022 15:05:23] "POST /searchdoctor/ HTTP/1.1" 200 122
Internal Server Error: /initComment/
Traceback (most recent call last):
  File "/www/wwwroot/review/Doctor-Review-backend/backend/1c67665285fb6a7d761414e12578e574_venv/lib/python3.9/site-packages/django/db/models/fields/__init__.py", line 1823, in get_prep_value
    return int(value)
ValueError: invalid literal for int() with base 10: 'undefined'

The above exception was the direct cause of the following exception:

Traceback (most recent call last):
  File "/www/wwwroot/review/Doctor-Review-backend/backend/1c67665285fb6a7d761414e12578e574_venv/lib/python3.9/site-packages/django/core/handlers/exception.py", line 47, in inner
    response = get_response(request)
  File "/www/wwwroot/review/Doctor-Review-backend/backend/1c67665285fb6a7d761414e12578e574_venv/lib/python3.9/site-packages/django/core/handlers/base.py", line 181, in _get_response
    response = wrapped_callback(request, *callback_args, **callback_kwargs)
  File "/www/wwwroot/review/Doctor-Review-backend/backend/1c67665285fb6a7d761414e12578e574_venv/lib/python3.9/site-packages/django/views/decorators/csrf.py", line 54, in wrapped_view
    return view_func(*args, **kwargs)
  File "/www/wwwroot/review/Doctor-Review-backend/backend/backend/views.py", line 152, in return_comment_list
    doc_set = models.DoctorInfo.objects.filter(id=doc_id)
  File "/www/wwwroot/review/Doctor-Review-backend/backend/1c67665285fb6a7d761414e12578e574_venv/lib/python3.9/site-packages/django/db/models/manager.py", line 85, in manager_method
    return getattr(self.get_queryset(), name)(*args, **kwargs)
  File "/www/wwwroot/review/Doctor-Review-backend/backend/1c67665285fb6a7d761414e12578e574_venv/lib/python3.9/site-packages/django/db/models/query.py", line 941, in filter
    return self._filter_or_exclude(False, args, kwargs)
  File "/www/wwwroot/review/Doctor-Review-backend/backend/1c67665285fb6a7d761414e12578e574_venv/lib/python3.9/site-packages/django/db/models/query.py", line 961, in _filter_or_exclude
    clone._filter_or_exclude_inplace(negate, args, kwargs)
  File "/www/wwwroot/review/Doctor-Review-backend/backend/1c67665285fb6a7d761414e12578e574_venv/lib/python3.9/site-packages/django/db/models/query.py", line 968, in _filter_or_exclude_inplace
    self._query.add_q(Q(*args, **kwargs))
  File "/www/wwwroot/review/Doctor-Review-backend/backend/1c67665285fb6a7d761414e12578e574_venv/lib/python3.9/site-packages/django/db/models/sql/query.py", line 1393, in add_q
    clause, _ = self._add_q(q_object, self.used_aliases)
  File "/www/wwwroot/review/Doctor-Review-backend/backend/1c67665285fb6a7d761414e12578e574_venv/lib/python3.9/site-packages/django/db/models/sql/query.py", line 1412, in _add_q
    child_clause, needed_inner = self.build_filter(
  File "/www/wwwroot/review/Doctor-Review-backend/backend/1c67665285fb6a7d761414e12578e574_venv/lib/python3.9/site-packages/django/db/models/sql/query.py", line 1347, in build_filter
    condition = self.build_lookup(lookups, col, value)
  File "/www/wwwroot/review/Doctor-Review-backend/backend/1c67665285fb6a7d761414e12578e574_venv/lib/python3.9/site-packages/django/db/models/sql/query.py", line 1193, in build_lookup
    lookup = lookup_class(lhs, rhs)
  File "/www/wwwroot/review/Doctor-Review-backend/backend/1c67665285fb6a7d761414e12578e574_venv/lib/python3.9/site-packages/django/db/models/lookups.py", line 25, in __init__
    self.rhs = self.get_prep_lookup()
  File "/www/wwwroot/review/Doctor-Review-backend/backend/1c67665285fb6a7d761414e12578e574_venv/lib/python3.9/site-packages/django/db/models/lookups.py", line 77, in get_prep_lookup
    return self.lhs.output_field.get_prep_value(self.rhs)
  File "/www/wwwroot/review/Doctor-Review-backend/backend/1c67665285fb6a7d761414e12578e574_venv/lib/python3.9/site-packages/django/db/models/fields/__init__.py", line 1825, in get_prep_value
    raise e.__class__(
ValueError: Field 'id' expected a number but got 'undefined'.
Internal Server Error: /initDoctor/
Traceback (most recent call last):
  File "/www/wwwroot/review/Doctor-Review-backend/backend/1c67665285fb6a7d761414e12578e574_venv/lib/python3.9/site-packages/django/db/models/fields/__init__.py", line 1823, in get_prep_value
    return int(value)
ValueError: invalid literal for int() with base 10: 'undefined'

The above exception was the direct cause of the following exception:

Traceback (most recent call last):
  File "/www/wwwroot/review/Doctor-Review-backend/backend/1c67665285fb6a7d761414e12578e574_venv/lib/python3.9/site-packages/django/core/handlers/exception.py", line 47, in inner
    response = get_response(request)
  File "/www/wwwroot/review/Doctor-Review-backend/backend/1c67665285fb6a7d761414e12578e574_venv/lib/python3.9/site-packages/django/core/handlers/base.py", line 181, in _get_response
    response = wrapped_callback(request, *callback_args, **callback_kwargs)
  File "/www/wwwroot/review/Doctor-Review-backend/backend/1c67665285fb6a7d761414e12578e574_venv/lib/python3.9/site-packages/django/views/decorators/csrf.py", line 54, in wrapped_view
    return view_func(*args, **kwargs)
  File "/www/wwwroot/review/Doctor-Review-backend/backend/backend/views.py", line 111, in return_doc
    doc_set = models.DoctorInfo.objects.filter(id=doc_id)
  File "/www/wwwroot/review/Doctor-Review-backend/backend/1c67665285fb6a7d761414e12578e574_venv/lib/python3.9/site-packages/django/db/models/manager.py", line 85, in manager_method
    return getattr(self.get_queryset(), name)(*args, **kwargs)
  File "/www/wwwroot/review/Doctor-Review-backend/backend/1c67665285fb6a7d761414e12578e574_venv/lib/python3.9/site-packages/django/db/models/query.py", line 941, in filter
    return self._filter_or_exclude(False, args, kwargs)
  File "/www/wwwroot/review/Doctor-Review-backend/backend/1c67665285fb6a7d761414e12578e574_venv/lib/python3.9/site-packages/django/db/models/query.py", line 961, in _filter_or_exclude
    clone._filter_or_exclude_inplace(negate, args, kwargs)
  File "/www/wwwroot/review/Doctor-Review-backend/backend/1c67665285fb6a7d761414e12578e574_venv/lib/python3.9/site-packages/django/db/models/query.py", line 968, in _filter_or_exclude_inplace
    self._query.add_q(Q(*args, **kwargs))
  File "/www/wwwroot/review/Doctor-Review-backend/backend/1c67665285fb6a7d761414e12578e574_venv/lib/python3.9/site-packages/django/db/models/sql/query.py", line 1393, in add_q
    clause, _ = self._add_q(q_object, self.used_aliases)
  File "/www/wwwroot/review/Doctor-Review-backend/backend/1c67665285fb6a7d761414e12578e574_venv/lib/python3.9/site-packages/django/db/models/sql/query.py", line 1412, in _add_q
    child_clause, needed_inner = self.build_filter(
  File "/www/wwwroot/review/Doctor-Review-backend/backend/1c67665285fb6a7d761414e12578e574_venv/lib/python3.9/site-packages/django/db/models/sql/query.py", line 1347, in build_filter
    condition = self.build_lookup(lookups, col, value)
  File "/www/wwwroot/review/Doctor-Review-backend/backend/1c67665285fb6a7d761414e12578e574_venv/lib/python3.9/site-packages/django/db/models/sql/query.py", line 1193, in build_lookup
    lookup = lookup_class(lhs, rhs)
  File "/www/wwwroot/review/Doctor-Review-backend/backend/1c67665285fb6a7d761414e12578e574_venv/lib/python3.9/site-packages/django/db/models/lookups.py", line 25, in __init__
    self.rhs = self.get_prep_lookup()
  File "/www/wwwroot/review/Doctor-Review-backend/backend/1c67665285fb6a7d761414e12578e574_venv/lib/python3.9/site-packages/django/db/models/lookups.py", line 77, in get_prep_lookup
    return self.lhs.output_field.get_prep_value(self.rhs)
  File "/www/wwwroot/review/Doctor-Review-backend/backend/1c67665285fb6a7d761414e12578e574_venv/lib/python3.9/site-packages/django/db/models/fields/__init__.py", line 1825, in get_prep_value
    raise e.__class__(
ValueError: Field 'id' expected a number but got 'undefined'.
[10/Jun/2022 15:05:25] "POST /initComment/ HTTP/1.1" 500 133637
[10/Jun/2022 15:05:25] "POST /initDoctor/ HTTP/1.1" 500 133360
[10/Jun/2022 15:06:08] "POST /department/ HTTP/1.1" 200 976
[10/Jun/2022 15:10:49] "GET / HTTP/1.1" 200 644
[10/Jun/2022 15:10:49] "GET /static/css/main.9fc8d8b4.css HTTP/1.1" 200 558211
[10/Jun/2022 15:10:50] "GET /static/js/main.8c258a47.js HTTP/1.1" 200 930947
Not Found: /favicon.ico
[10/Jun/2022 15:10:50] "GET /favicon.ico HTTP/1.1" 404 2900
[10/Jun/2022 15:10:55] "POST /department/ HTTP/1.1" 200 976
[10/Jun/2022 15:10:55] "GET /static/media/doctor_1.def389160d219cbf5223.png HTTP/1.1" 200 239953
[10/Jun/2022 15:11:08] "POST /searchdoctor/ HTTP/1.1" 200 122
[10/Jun/2022 15:15:41] code 400, message Bad request version ("Â¯nÃ£YÂ»bhlÃ¿(=':Â©\x82Ã™oÃˆÂ¢Ã—\x93\x98Â´Ã¯\x80Ã¥Â¹\x90\x00(Ã€")
[10/Jun/2022 15:15:41] You're accessing the development server over HTTPS, but it only supports HTTP.

[10/Jun/2022 16:32:30] "GET / HTTP/1.1" 200 644
[10/Jun/2022 16:32:31] "GET /static/js/main.8c258a47.js HTTP/1.1" 200 930947
Not Found: /favicon.ico
[10/Jun/2022 16:32:32] "GET /favicon.ico HTTP/1.1" 404 2900
[10/Jun/2022 16:32:42] "GET / HTTP/1.1" 200 644
[10/Jun/2022 16:38:58] "GET / HTTP/1.1" 200 644
[10/Jun/2022 16:38:59] "GET /static/css/main.9fc8d8b4.css HTTP/1.1" 200 558211
[10/Jun/2022 16:38:59] "GET /static/js/main.8c258a47.js HTTP/1.1" 200 930947
Not Found: /favicon.ico
[10/Jun/2022 16:38:59] "GET /favicon.ico HTTP/1.1" 404 2900
[10/Jun/2022 16:41:44] "GET / HTTP/1.1" 200 644
[10/Jun/2022 16:41:44] "GET /static/css/main.9fc8d8b4.css HTTP/1.1" 200 558211
[10/Jun/2022 16:41:45] "GET /static/js/main.8c258a47.js HTTP/1.1" 200 930947
[10/Jun/2022 16:41:54] "POST /department/ HTTP/1.1" 200 730
[10/Jun/2022 16:41:54] "GET /static/media/doctor_1.def389160d219cbf5223.png HTTP/1.1" 200 239953
[10/Jun/2022 16:42:24] "GET / HTTP/1.1" 200 644
[10/Jun/2022 16:42:24] "GET /static/css/main.9fc8d8b4.css HTTP/1.1" 200 558211
[10/Jun/2022 16:42:25] "GET /static/js/main.8c258a47.js HTTP/1.1" 200 930947
[10/Jun/2022 16:42:37] "GET / HTTP/1.1" 200 644
[10/Jun/2022 16:42:37] "GET /static/css/main.9fc8d8b4.css HTTP/1.1" 200 558211
[10/Jun/2022 16:42:38] "GET /static/js/main.8c258a47.js HTTP/1.1" 200 930947
[10/Jun/2022 16:51:28] code 400, message Bad request syntax ('\x03\x00\x00\x13\x0eÃ \x00\x00\x00\x00\x00\x01\x00\x08\x00\x02\x00\x00\x00')
[10/Jun/2022 16:51:28] "  Ã           " 400 -
[10/Jun/2022 17:12:48] code 400, message Bad request syntax ('\x05\x01\x00')
[10/Jun/2022 17:12:48] " " 400 -
Not Found: /http:/passport.baidu.com/
[10/Jun/2022 17:12:48] "GET http://passport.baidu.com/ HTTP/1.1" 404 1829
[10/Jun/2022 17:13:24] code 400, message Bad request syntax ('\x04\x01\x00Pg)Â§Ãª\x00')
[10/Jun/2022 17:13:24] " Pg)Â§Ãª " 400 -
[10/Jun/2022 17:37:48] code 400, message Bad request syntax ('\x05\x03\x00\x01\x02')
[10/Jun/2022 17:37:48] " " 400 -
[10/Jun/2022 17:45:24] "GET /initComment/ HTTP/1.1" 200 62
[10/Jun/2022 18:26:52] code 400, message Bad request syntax ('\x05\x01\x00')
[10/Jun/2022 18:26:52] " " 400 -
[10/Jun/2022 18:27:08] code 400, message Bad request syntax ('\x04\x01\x00Pg)Â§Ãª\x00')
[10/Jun/2022 18:27:08] " Pg)Â§Ãª " 400 -
Not Found: /http:/passport.baidu.com/
[10/Jun/2022 18:27:10] "GET http://passport.baidu.com/ HTTP/1.1" 404 1829
[10/Jun/2022 21:16:41] code 400, message Bad request syntax ('\x05\x01\x00')
[10/Jun/2022 21:16:41] " " 400 -
[10/Jun/2022 21:16:50] code 400, message Bad request syntax ('\x04\x01\x00Pg)Â§Ãª\x00')
[10/Jun/2022 21:16:50] " Pg)Â§Ãª " 400 -
[10/Jun/2022 21:16:56] code 400, message Bad request syntax ('\x05\x03\x00\x01\x02')
[10/Jun/2022 21:16:56] " " 400 -
Not Found: /http:/passport.baidu.com/
[10/Jun/2022 21:17:01] "GET http://passport.baidu.com/ HTTP/1.1" 404 1829
Not Found: /http:/passport.baidu.com/
[10/Jun/2022 22:45:03] "GET http://passport.baidu.com/ HTTP/1.1" 404 1829
[10/Jun/2022 22:45:04] code 400, message Bad request syntax ('\x05\x01\x00')
[10/Jun/2022 22:45:04] " " 400 -
[10/Jun/2022 22:45:32] code 400, message Bad request syntax ('\x04\x01\x00Pg)Â§Ãª\x00')
[10/Jun/2022 22:45:32] " Pg)Â§Ãª " 400 -
[11/Jun/2022 03:03:14] "GET / HTTP/1.1" 200 644
[11/Jun/2022 03:51:02] "GET / HTTP/1.1" 200 644
[11/Jun/2022 03:51:03] "GET /static/css/main.9fc8d8b4.css HTTP/1.1" 200 558211
[11/Jun/2022 03:51:03] "GET /static/js/main.8c258a47.js HTTP/1.1" 200 930947
Not Found: /favicon.ico
[11/Jun/2022 03:51:03] "GET /favicon.ico HTTP/1.1" 404 2900
[11/Jun/2022 03:51:11] "POST /department/ HTTP/1.1" 200 1409
[11/Jun/2022 03:51:11] "GET /static/media/doctor_1.def389160d219cbf5223.png HTTP/1.1" 200 239953
[11/Jun/2022 03:51:20] "POST /department/ HTTP/1.1" 200 1571
[11/Jun/2022 03:51:29] "POST /department/ HTTP/1.1" 200 976
[11/Jun/2022 03:51:37] "POST /department/ HTTP/1.1" 200 1067
[11/Jun/2022 03:51:51] "POST /searchdoctor/ HTTP/1.1" 200 122
[11/Jun/2022 03:51:58] "POST /searchdoctor/ HTTP/1.1" 200 122
Internal Server Error: /initDoctor/
Traceback (most recent call last):
  File "/www/wwwroot/review/Doctor-Review-backend/backend/1c67665285fb6a7d761414e12578e574_venv/lib/python3.9/site-packages/django/db/models/fields/__init__.py", line 1823, in get_prep_value
    return int(value)
ValueError: invalid literal for int() with base 10: 'undefined'

The above exception was the direct cause of the following exception:

Traceback (most recent call last):
  File "/www/wwwroot/review/Doctor-Review-backend/backend/1c67665285fb6a7d761414e12578e574_venv/lib/python3.9/site-packages/django/core/handlers/exception.py", line 47, in inner
    response = get_response(request)
  File "/www/wwwroot/review/Doctor-Review-backend/backend/1c67665285fb6a7d761414e12578e574_venv/lib/python3.9/site-packages/django/core/handlers/base.py", line 181, in _get_response
    response = wrapped_callback(request, *callback_args, **callback_kwargs)
  File "/www/wwwroot/review/Doctor-Review-backend/backend/1c67665285fb6a7d761414e12578e574_venv/lib/python3.9/site-packages/django/views/decorators/csrf.py", line 54, in wrapped_view
    return view_func(*args, **kwargs)
  File "/www/wwwroot/review/Doctor-Review-backend/backend/backend/views.py", line 111, in return_doc
    doc_set = models.DoctorInfo.objects.filter(id=doc_id)
  File "/www/wwwroot/review/Doctor-Review-backend/backend/1c67665285fb6a7d761414e12578e574_venv/lib/python3.9/site-packages/django/db/models/manager.py", line 85, in manager_method
    return getattr(self.get_queryset(), name)(*args, **kwargs)
  File "/www/wwwroot/review/Doctor-Review-backend/backend/1c67665285fb6a7d761414e12578e574_venv/lib/python3.9/site-packages/django/db/models/query.py", line 941, in filter
    return self._filter_or_exclude(False, args, kwargs)
  File "/www/wwwroot/review/Doctor-Review-backend/backend/1c67665285fb6a7d761414e12578e574_venv/lib/python3.9/site-packages/django/db/models/query.py", line 961, in _filter_or_exclude
    clone._filter_or_exclude_inplace(negate, args, kwargs)
  File "/www/wwwroot/review/Doctor-Review-backend/backend/1c67665285fb6a7d761414e12578e574_venv/lib/python3.9/site-packages/django/db/models/query.py", line 968, in _filter_or_exclude_inplace
    self._query.add_q(Q(*args, **kwargs))
  File "/www/wwwroot/review/Doctor-Review-backend/backend/1c67665285fb6a7d761414e12578e574_venv/lib/python3.9/site-packages/django/db/models/sql/query.py", line 1393, in add_q
    clause, _ = self._add_q(q_object, self.used_aliases)
  File "/www/wwwroot/review/Doctor-Review-backend/backend/1c67665285fb6a7d761414e12578e574_venv/lib/python3.9/site-packages/django/db/models/sql/query.py", line 1412, in _add_q
    child_clause, needed_inner = self.build_filter(
  File "/www/wwwroot/review/Doctor-Review-backend/backend/1c67665285fb6a7d761414e12578e574_venv/lib/python3.9/site-packages/django/db/models/sql/query.py", line 1347, in build_filter
    condition = self.build_lookup(lookups, col, value)
  File "/www/wwwroot/review/Doctor-Review-backend/backend/1c67665285fb6a7d761414e12578e574_venv/lib/python3.9/site-packages/django/db/models/sql/query.py", line 1193, in build_lookup
    lookup = lookup_class(lhs, rhs)
  File "/www/wwwroot/review/Doctor-Review-backend/backend/1c67665285fb6a7d761414e12578e574_venv/lib/python3.9/site-packages/django/db/models/lookups.py", line 25, in __init__
    self.rhs = self.get_prep_lookup()
  File "/www/wwwroot/review/Doctor-Review-backend/backend/1c67665285fb6a7d761414e12578e574_venv/lib/python3.9/site-packages/django/db/models/lookups.py", line 77, in get_prep_lookup
    return self.lhs.output_field.get_prep_value(self.rhs)
  File "/www/wwwroot/review/Doctor-Review-backend/backend/1c67665285fb6a7d761414e12578e574_venv/lib/python3.9/site-packages/django/db/models/fields/__init__.py", line 1825, in get_prep_value
    raise e.__class__(
ValueError: Field 'id' expected a number but got 'undefined'.
Internal Server Error: /initComment/
Traceback (most recent call last):
  File "/www/wwwroot/review/Doctor-Review-backend/backend/1c67665285fb6a7d761414e12578e574_venv/lib/python3.9/site-packages/django/db/models/fields/__init__.py", line 1823, in get_prep_value
    return int(value)
ValueError: invalid literal for int() with base 10: 'undefined'

The above exception was the direct cause of the following exception:

Traceback (most recent call last):
  File "/www/wwwroot/review/Doctor-Review-backend/backend/1c67665285fb6a7d761414e12578e574_venv/lib/python3.9/site-packages/django/core/handlers/exception.py", line 47, in inner
    response = get_response(request)
  File "/www/wwwroot/review/Doctor-Review-backend/backend/1c67665285fb6a7d761414e12578e574_venv/lib/python3.9/site-packages/django/core/handlers/base.py", line 181, in _get_response
    response = wrapped_callback(request, *callback_args, **callback_kwargs)
  File "/www/wwwroot/review/Doctor-Review-backend/backend/1c67665285fb6a7d761414e12578e574_venv/lib/python3.9/site-packages/django/views/decorators/csrf.py", line 54, in wrapped_view
    return view_func(*args, **kwargs)
  File "/www/wwwroot/review/Doctor-Review-backend/backend/backend/views.py", line 152, in return_comment_list
    doc_set = models.DoctorInfo.objects.filter(id=doc_id)
  File "/www/wwwroot/review/Doctor-Review-backend/backend/1c67665285fb6a7d761414e12578e574_venv/lib/python3.9/site-packages/django/db/models/manager.py", line 85, in manager_method
    return getattr(self.get_queryset(), name)(*args, **kwargs)
  File "/www/wwwroot/review/Doctor-Review-backend/backend/1c67665285fb6a7d761414e12578e574_venv/lib/python3.9/site-packages/django/db/models/query.py", line 941, in filter
    return self._filter_or_exclude(False, args, kwargs)
  File "/www/wwwroot/review/Doctor-Review-backend/backend/1c67665285fb6a7d761414e12578e574_venv/lib/python3.9/site-packages/django/db/models/query.py", line 961, in _filter_or_exclude
    clone._filter_or_exclude_inplace(negate, args, kwargs)
  File "/www/wwwroot/review/Doctor-Review-backend/backend/1c67665285fb6a7d761414e12578e574_venv/lib/python3.9/site-packages/django/db/models/query.py", line 968, in _filter_or_exclude_inplace
    self._query.add_q(Q(*args, **kwargs))
  File "/www/wwwroot/review/Doctor-Review-backend/backend/1c67665285fb6a7d761414e12578e574_venv/lib/python3.9/site-packages/django/db/models/sql/query.py", line 1393, in add_q
    clause, _ = self._add_q(q_object, self.used_aliases)
  File "/www/wwwroot/review/Doctor-Review-backend/backend/1c67665285fb6a7d761414e12578e574_venv/lib/python3.9/site-packages/django/db/models/sql/query.py", line 1412, in _add_q
    child_clause, needed_inner = self.build_filter(
  File "/www/wwwroot/review/Doctor-Review-backend/backend/1c67665285fb6a7d761414e12578e574_venv/lib/python3.9/site-packages/django/db/models/sql/query.py", line 1347, in build_filter
    condition = self.build_lookup(lookups, col, value)
  File "/www/wwwroot/review/Doctor-Review-backend/backend/1c67665285fb6a7d761414e12578e574_venv/lib/python3.9/site-packages/django/db/models/sql/query.py", line 1193, in build_lookup
    lookup = lookup_class(lhs, rhs)
  File "/www/wwwroot/review/Doctor-Review-backend/backend/1c67665285fb6a7d761414e12578e574_venv/lib/python3.9/site-packages/django/db/models/lookups.py", line 25, in __init__
    self.rhs = self.get_prep_lookup()
  File "/www/wwwroot/review/Doctor-Review-backend/backend/1c67665285fb6a7d761414e12578e574_venv/lib/python3.9/site-packages/django/db/models/lookups.py", line 77, in get_prep_lookup
    return self.lhs.output_field.get_prep_value(self.rhs)
  File "/www/wwwroot/review/Doctor-Review-backend/backend/1c67665285fb6a7d761414e12578e574_venv/lib/python3.9/site-packages/django/db/models/fields/__init__.py", line 1825, in get_prep_value
    raise e.__class__(
ValueError: Field 'id' expected a number but got 'undefined'.
[11/Jun/2022 03:52:00] "POST /initComment/ HTTP/1.1" 500 124097
[11/Jun/2022 03:52:00] "POST /initDoctor/ HTTP/1.1" 500 123819
[11/Jun/2022 03:52:14] "POST /addComments/ HTTP/1.1" 200 2689
[11/Jun/2022 03:52:18] "GET / HTTP/1.1" 200 644
Internal Server Error: /initDoctor/
Traceback (most recent call last):
  File "/www/wwwroot/review/Doctor-Review-backend/backend/1c67665285fb6a7d761414e12578e574_venv/lib/python3.9/site-packages/django/db/models/fields/__init__.py", line 1823, in get_prep_value
    return int(value)
ValueError: invalid literal for int() with base 10: 'undefined'

The above exception was the direct cause of the following exception:

Traceback (most recent call last):
  File "/www/wwwroot/review/Doctor-Review-backend/backend/1c67665285fb6a7d761414e12578e574_venv/lib/python3.9/site-packages/django/core/handlers/exception.py", line 47, in inner
    response = get_response(request)
  File "/www/wwwroot/review/Doctor-Review-backend/backend/1c67665285fb6a7d761414e12578e574_venv/lib/python3.9/site-packages/django/core/handlers/base.py", line 181, in _get_response
    response = wrapped_callback(request, *callback_args, **callback_kwargs)
  File "/www/wwwroot/review/Doctor-Review-backend/backend/1c67665285fb6a7d761414e12578e574_venv/lib/python3.9/site-packages/django/views/decorators/csrf.py", line 54, in wrapped_view
    return view_func(*args, **kwargs)
  File "/www/wwwroot/review/Doctor-Review-backend/backend/backend/views.py", line 111, in return_doc
    doc_set = models.DoctorInfo.objects.filter(id=doc_id)
  File "/www/wwwroot/review/Doctor-Review-backend/backend/1c67665285fb6a7d761414e12578e574_venv/lib/python3.9/site-packages/django/db/models/manager.py", line 85, in manager_method
    return getattr(self.get_queryset(), name)(*args, **kwargs)
  File "/www/wwwroot/review/Doctor-Review-backend/backend/1c67665285fb6a7d761414e12578e574_venv/lib/python3.9/site-packages/django/db/models/query.py", line 941, in filter
    return self._filter_or_exclude(False, args, kwargs)
  File "/www/wwwroot/review/Doctor-Review-backend/backend/1c67665285fb6a7d761414e12578e574_venv/lib/python3.9/site-packages/django/db/models/query.py", line 961, in _filter_or_exclude
    clone._filter_or_exclude_inplace(negate, args, kwargs)
  File "/www/wwwroot/review/Doctor-Review-backend/backend/1c67665285fb6a7d761414e12578e574_venv/lib/python3.9/site-packages/django/db/models/query.py", line 968, in _filter_or_exclude_inplace
    self._query.add_q(Q(*args, **kwargs))
  File "/www/wwwroot/review/Doctor-Review-backend/backend/1c67665285fb6a7d761414e12578e574_venv/lib/python3.9/site-packages/django/db/models/sql/query.py", line 1393, in add_q
    clause, _ = self._add_q(q_object, self.used_aliases)
  File "/www/wwwroot/review/Doctor-Review-backend/backend/1c67665285fb6a7d761414e12578e574_venv/lib/python3.9/site-packages/django/db/models/sql/query.py", line 1412, in _add_q
    child_clause, needed_inner = self.build_filter(
  File "/www/wwwroot/review/Doctor-Review-backend/backend/1c67665285fb6a7d761414e12578e574_venv/lib/python3.9/site-packages/django/db/models/sql/query.py", line 1347, in build_filter
    condition = self.build_lookup(lookups, col, value)
  File "/www/wwwroot/review/Doctor-Review-backend/backend/1c67665285fb6a7d761414e12578e574_venv/lib/python3.9/site-packages/django/db/models/sql/query.py", line 1193, in build_lookup
    lookup = lookup_class(lhs, rhs)
  File "/www/wwwroot/review/Doctor-Review-backend/backend/1c67665285fb6a7d761414e12578e574_venv/lib/python3.9/site-packages/django/db/models/lookups.py", line 25, in __init__
    self.rhs = self.get_prep_lookup()
  File "/www/wwwroot/review/Doctor-Review-backend/backend/1c67665285fb6a7d761414e12578e574_venv/lib/python3.9/site-packages/django/db/models/lookups.py", line 77, in get_prep_lookup
    return self.lhs.output_field.get_prep_value(self.rhs)
  File "/www/wwwroot/review/Doctor-Review-backend/backend/1c67665285fb6a7d761414e12578e574_venv/lib/python3.9/site-packages/django/db/models/fields/__init__.py", line 1825, in get_prep_value
    raise e.__class__(
ValueError: Field 'id' expected a number but got 'undefined'.
Internal Server Error: /initComment/
Traceback (most recent call last):
  File "/www/wwwroot/review/Doctor-Review-backend/backend/1c67665285fb6a7d761414e12578e574_venv/lib/python3.9/site-packages/django/db/models/fields/__init__.py", line 1823, in get_prep_value
    return int(value)
ValueError: invalid literal for int() with base 10: 'undefined'

The above exception was the direct cause of the following exception:

Traceback (most recent call last):
  File "/www/wwwroot/review/Doctor-Review-backend/backend/1c67665285fb6a7d761414e12578e574_venv/lib/python3.9/site-packages/django/core/handlers/exception.py", line 47, in inner
    response = get_response(request)
  File "/www/wwwroot/review/Doctor-Review-backend/backend/1c67665285fb6a7d761414e12578e574_venv/lib/python3.9/site-packages/django/core/handlers/base.py", line 181, in _get_response
    response = wrapped_callback(request, *callback_args, **callback_kwargs)
  File "/www/wwwroot/review/Doctor-Review-backend/backend/1c67665285fb6a7d761414e12578e574_venv/lib/python3.9/site-packages/django/views/decorators/csrf.py", line 54, in wrapped_view
    return view_func(*args, **kwargs)
  File "/www/wwwroot/review/Doctor-Review-backend/backend/backend/views.py", line 152, in return_comment_list
    doc_set = models.DoctorInfo.objects.filter(id=doc_id)
  File "/www/wwwroot/review/Doctor-Review-backend/backend/1c67665285fb6a7d761414e12578e574_venv/lib/python3.9/site-packages/django/db/models/manager.py", line 85, in manager_method
    return getattr(self.get_queryset(), name)(*args, **kwargs)
  File "/www/wwwroot/review/Doctor-Review-backend/backend/1c67665285fb6a7d761414e12578e574_venv/lib/python3.9/site-packages/django/db/models/query.py", line 941, in filter
    return self._filter_or_exclude(False, args, kwargs)
  File "/www/wwwroot/review/Doctor-Review-backend/backend/1c67665285fb6a7d761414e12578e574_venv/lib/python3.9/site-packages/django/db/models/query.py", line 961, in _filter_or_exclude
    clone._filter_or_exclude_inplace(negate, args, kwargs)
  File "/www/wwwroot/review/Doctor-Review-backend/backend/1c67665285fb6a7d761414e12578e574_venv/lib/python3.9/site-packages/django/db/models/query.py", line 968, in _filter_or_exclude_inplace
    self._query.add_q(Q(*args, **kwargs))
  File "/www/wwwroot/review/Doctor-Review-backend/backend/1c67665285fb6a7d761414e12578e574_venv/lib/python3.9/site-packages/django/db/models/sql/query.py", line 1393, in add_q
    clause, _ = self._add_q(q_object, self.used_aliases)
  File "/www/wwwroot/review/Doctor-Review-backend/backend/1c67665285fb6a7d761414e12578e574_venv/lib/python3.9/site-packages/django/db/models/sql/query.py", line 1412, in _add_q
    child_clause, needed_inner = self.build_filter(
  File "/www/wwwroot/review/Doctor-Review-backend/backend/1c67665285fb6a7d761414e12578e574_venv/lib/python3.9/site-packages/django/db/models/sql/query.py", line 1347, in build_filter
    condition = self.build_lookup(lookups, col, value)
  File "/www/wwwroot/review/Doctor-Review-backend/backend/1c67665285fb6a7d761414e12578e574_venv/lib/python3.9/site-packages/django/db/models/sql/query.py", line 1193, in build_lookup
    lookup = lookup_class(lhs, rhs)
  File "/www/wwwroot/review/Doctor-Review-backend/backend/1c67665285fb6a7d761414e12578e574_venv/lib/python3.9/site-packages/django/db/models/lookups.py", line 25, in __init__
    self.rhs = self.get_prep_lookup()
  File "/www/wwwroot/review/Doctor-Review-backend/backend/1c67665285fb6a7d761414e12578e574_venv/lib/python3.9/site-packages/django/db/models/lookups.py", line 77, in get_prep_lookup
    return self.lhs.output_field.get_prep_value(self.rhs)
  File "/www/wwwroot/review/Doctor-Review-backend/backend/1c67665285fb6a7d761414e12578e574_venv/lib/python3.9/site-packages/django/db/models/fields/__init__.py", line 1825, in get_prep_value
    raise e.__class__(
ValueError: Field 'id' expected a number but got 'undefined'.
[11/Jun/2022 03:52:18] "POST /initComment/ HTTP/1.1" 500 123876
[11/Jun/2022 03:52:18] "POST /initDoctor/ HTTP/1.1" 500 123598
[11/Jun/2022 03:52:21] "GET / HTTP/1.1" 200 644
Internal Server Error: /initComment/
Traceback (most recent call last):
  File "/www/wwwroot/review/Doctor-Review-backend/backend/1c67665285fb6a7d761414e12578e574_venv/lib/python3.9/site-packages/django/db/models/fields/__init__.py", line 1823, in get_prep_value
    return int(value)
ValueError: invalid literal for int() with base 10: 'undefined'

The above exception was the direct cause of the following exception:

Traceback (most recent call last):
  File "/www/wwwroot/review/Doctor-Review-backend/backend/1c67665285fb6a7d761414e12578e574_venv/lib/python3.9/site-packages/django/core/handlers/exception.py", line 47, in inner
    response = get_response(request)
  File "/www/wwwroot/review/Doctor-Review-backend/backend/1c67665285fb6a7d761414e12578e574_venv/lib/python3.9/site-packages/django/core/handlers/base.py", line 181, in _get_response
    response = wrapped_callback(request, *callback_args, **callback_kwargs)
  File "/www/wwwroot/review/Doctor-Review-backend/backend/1c67665285fb6a7d761414e12578e574_venv/lib/python3.9/site-packages/django/views/decorators/csrf.py", line 54, in wrapped_view
    return view_func(*args, **kwargs)
  File "/www/wwwroot/review/Doctor-Review-backend/backend/backend/views.py", line 152, in return_comment_list
    doc_set = models.DoctorInfo.objects.filter(id=doc_id)
  File "/www/wwwroot/review/Doctor-Review-backend/backend/1c67665285fb6a7d761414e12578e574_venv/lib/python3.9/site-packages/django/db/models/manager.py", line 85, in manager_method
    return getattr(self.get_queryset(), name)(*args, **kwargs)
  File "/www/wwwroot/review/Doctor-Review-backend/backend/1c67665285fb6a7d761414e12578e574_venv/lib/python3.9/site-packages/django/db/models/query.py", line 941, in filter
    return self._filter_or_exclude(False, args, kwargs)
  File "/www/wwwroot/review/Doctor-Review-backend/backend/1c67665285fb6a7d761414e12578e574_venv/lib/python3.9/site-packages/django/db/models/query.py", line 961, in _filter_or_exclude
    clone._filter_or_exclude_inplace(negate, args, kwargs)
  File "/www/wwwroot/review/Doctor-Review-backend/backend/1c67665285fb6a7d761414e12578e574_venv/lib/python3.9/site-packages/django/db/models/query.py", line 968, in _filter_or_exclude_inplace
    self._query.add_q(Q(*args, **kwargs))
  File "/www/wwwroot/review/Doctor-Review-backend/backend/1c67665285fb6a7d761414e12578e574_venv/lib/python3.9/site-packages/django/db/models/sql/query.py", line 1393, in add_q
    clause, _ = self._add_q(q_object, self.used_aliases)
  File "/www/wwwroot/review/Doctor-Review-backend/backend/1c67665285fb6a7d761414e12578e574_venv/lib/python3.9/site-packages/django/db/models/sql/query.py", line 1412, in _add_q
    child_clause, needed_inner = self.build_filter(
  File "/www/wwwroot/review/Doctor-Review-backend/backend/1c67665285fb6a7d761414e12578e574_venv/lib/python3.9/site-packages/django/db/models/sql/query.py", line 1347, in build_filter
    condition = self.build_lookup(lookups, col, value)
  File "/www/wwwroot/review/Doctor-Review-backend/backend/1c67665285fb6a7d761414e12578e574_venv/lib/python3.9/site-packages/django/db/models/sql/query.py", line 1193, in build_lookup
    lookup = lookup_class(lhs, rhs)
  File "/www/wwwroot/review/Doctor-Review-backend/backend/1c67665285fb6a7d761414e12578e574_venv/lib/python3.9/site-packages/django/db/models/lookups.py", line 25, in __init__
    self.rhs = self.get_prep_lookup()
  File "/www/wwwroot/review/Doctor-Review-backend/backend/1c67665285fb6a7d761414e12578e574_venv/lib/python3.9/site-packages/django/db/models/lookups.py", line 77, in get_prep_lookup
    return self.lhs.output_field.get_prep_value(self.rhs)
  File "/www/wwwroot/review/Doctor-Review-backend/backend/1c67665285fb6a7d761414e12578e574_venv/lib/python3.9/site-packages/django/db/models/fields/__init__.py", line 1825, in get_prep_value
    raise e.__class__(
ValueError: Field 'id' expected a number but got 'undefined'.
Internal Server Error: /initDoctor/
Traceback (most recent call last):
  File "/www/wwwroot/review/Doctor-Review-backend/backend/1c67665285fb6a7d761414e12578e574_venv/lib/python3.9/site-packages/django/db/models/fields/__init__.py", line 1823, in get_prep_value
    return int(value)
ValueError: invalid literal for int() with base 10: 'undefined'

The above exception was the direct cause of the following exception:

Traceback (most recent call last):
  File "/www/wwwroot/review/Doctor-Review-backend/backend/1c67665285fb6a7d761414e12578e574_venv/lib/python3.9/site-packages/django/core/handlers/exception.py", line 47, in inner
    response = get_response(request)
  File "/www/wwwroot/review/Doctor-Review-backend/backend/1c67665285fb6a7d761414e12578e574_venv/lib/python3.9/site-packages/django/core/handlers/base.py", line 181, in _get_response
    response = wrapped_callback(request, *callback_args, **callback_kwargs)
  File "/www/wwwroot/review/Doctor-Review-backend/backend/1c67665285fb6a7d761414e12578e574_venv/lib/python3.9/site-packages/django/views/decorators/csrf.py", line 54, in wrapped_view
    return view_func(*args, **kwargs)
  File "/www/wwwroot/review/Doctor-Review-backend/backend/backend/views.py", line 111, in return_doc
    doc_set = models.DoctorInfo.objects.filter(id=doc_id)
  File "/www/wwwroot/review/Doctor-Review-backend/backend/1c67665285fb6a7d761414e12578e574_venv/lib/python3.9/site-packages/django/db/models/manager.py", line 85, in manager_method
    return getattr(self.get_queryset(), name)(*args, **kwargs)
  File "/www/wwwroot/review/Doctor-Review-backend/backend/1c67665285fb6a7d761414e12578e574_venv/lib/python3.9/site-packages/django/db/models/query.py", line 941, in filter
    return self._filter_or_exclude(False, args, kwargs)
  File "/www/wwwroot/review/Doctor-Review-backend/backend/1c67665285fb6a7d761414e12578e574_venv/lib/python3.9/site-packages/django/db/models/query.py", line 961, in _filter_or_exclude
    clone._filter_or_exclude_inplace(negate, args, kwargs)
  File "/www/wwwroot/review/Doctor-Review-backend/backend/1c67665285fb6a7d761414e12578e574_venv/lib/python3.9/site-packages/django/db/models/query.py", line 968, in _filter_or_exclude_inplace
    self._query.add_q(Q(*args, **kwargs))
  File "/www/wwwroot/review/Doctor-Review-backend/backend/1c67665285fb6a7d761414e12578e574_venv/lib/python3.9/site-packages/django/db/models/sql/query.py", line 1393, in add_q
    clause, _ = self._add_q(q_object, self.used_aliases)
  File "/www/wwwroot/review/Doctor-Review-backend/backend/1c67665285fb6a7d761414e12578e574_venv/lib/python3.9/site-packages/django/db/models/sql/query.py", line 1412, in _add_q
    child_clause, needed_inner = self.build_filter(
  File "/www/wwwroot/review/Doctor-Review-backend/backend/1c67665285fb6a7d761414e12578e574_venv/lib/python3.9/site-packages/django/db/models/sql/query.py", line 1347, in build_filter
    condition = self.build_lookup(lookups, col, value)
  File "/www/wwwroot/review/Doctor-Review-backend/backend/1c67665285fb6a7d761414e12578e574_venv/lib/python3.9/site-packages/django/db/models/sql/query.py", line 1193, in build_lookup
    lookup = lookup_class(lhs, rhs)
  File "/www/wwwroot/review/Doctor-Review-backend/backend/1c67665285fb6a7d761414e12578e574_venv/lib/python3.9/site-packages/django/db/models/lookups.py", line 25, in __init__
    self.rhs = self.get_prep_lookup()
  File "/www/wwwroot/review/Doctor-Review-backend/backend/1c67665285fb6a7d761414e12578e574_venv/lib/python3.9/site-packages/django/db/models/lookups.py", line 77, in get_prep_lookup
    return self.lhs.output_field.get_prep_value(self.rhs)
  File "/www/wwwroot/review/Doctor-Review-backend/backend/1c67665285fb6a7d761414e12578e574_venv/lib/python3.9/site-packages/django/db/models/fields/__init__.py", line 1825, in get_prep_value
    raise e.__class__(
ValueError: Field 'id' expected a number but got 'undefined'.
[11/Jun/2022 03:52:21] "POST /initComment/ HTTP/1.1" 500 123876
[11/Jun/2022 03:52:21] "POST /initDoctor/ HTTP/1.1" 500 123598
[11/Jun/2022 03:52:23] "GET / HTTP/1.1" 200 644
Internal Server Error: /initDoctor/
Traceback (most recent call last):
  File "/www/wwwroot/review/Doctor-Review-backend/backend/1c67665285fb6a7d761414e12578e574_venv/lib/python3.9/site-packages/django/db/models/fields/__init__.py", line 1823, in get_prep_value
    return int(value)
ValueError: invalid literal for int() with base 10: 'undefined'

The above exception was the direct cause of the following exception:

Traceback (most recent call last):
  File "/www/wwwroot/review/Doctor-Review-backend/backend/1c67665285fb6a7d761414e12578e574_venv/lib/python3.9/site-packages/django/core/handlers/exception.py", line 47, in inner
    response = get_response(request)
  File "/www/wwwroot/review/Doctor-Review-backend/backend/1c67665285fb6a7d761414e12578e574_venv/lib/python3.9/site-packages/django/core/handlers/base.py", line 181, in _get_response
    response = wrapped_callback(request, *callback_args, **callback_kwargs)
  File "/www/wwwroot/review/Doctor-Review-backend/backend/1c67665285fb6a7d761414e12578e574_venv/lib/python3.9/site-packages/django/views/decorators/csrf.py", line 54, in wrapped_view
    return view_func(*args, **kwargs)
  File "/www/wwwroot/review/Doctor-Review-backend/backend/backend/views.py", line 111, in return_doc
    doc_set = models.DoctorInfo.objects.filter(id=doc_id)
  File "/www/wwwroot/review/Doctor-Review-backend/backend/1c67665285fb6a7d761414e12578e574_venv/lib/python3.9/site-packages/django/db/models/manager.py", line 85, in manager_method
    return getattr(self.get_queryset(), name)(*args, **kwargs)
  File "/www/wwwroot/review/Doctor-Review-backend/backend/1c67665285fb6a7d761414e12578e574_venv/lib/python3.9/site-packages/django/db/models/query.py", line 941, in filter
    return self._filter_or_exclude(False, args, kwargs)
  File "/www/wwwroot/review/Doctor-Review-backend/backend/1c67665285fb6a7d761414e12578e574_venv/lib/python3.9/site-packages/django/db/models/query.py", line 961, in _filter_or_exclude
    clone._filter_or_exclude_inplace(negate, args, kwargs)
  File "/www/wwwroot/review/Doctor-Review-backend/backend/1c67665285fb6a7d761414e12578e574_venv/lib/python3.9/site-packages/django/db/models/query.py", line 968, in _filter_or_exclude_inplace
    self._query.add_q(Q(*args, **kwargs))
  File "/www/wwwroot/review/Doctor-Review-backend/backend/1c67665285fb6a7d761414e12578e574_venv/lib/python3.9/site-packages/django/db/models/sql/query.py", line 1393, in add_q
    clause, _ = self._add_q(q_object, self.used_aliases)
  File "/www/wwwroot/review/Doctor-Review-backend/backend/1c67665285fb6a7d761414e12578e574_venv/lib/python3.9/site-packages/django/db/models/sql/query.py", line 1412, in _add_q
    child_clause, needed_inner = self.build_filter(
  File "/www/wwwroot/review/Doctor-Review-backend/backend/1c67665285fb6a7d761414e12578e574_venv/lib/python3.9/site-packages/django/db/models/sql/query.py", line 1347, in build_filter
    condition = self.build_lookup(lookups, col, value)
  File "/www/wwwroot/review/Doctor-Review-backend/backend/1c67665285fb6a7d761414e12578e574_venv/lib/python3.9/site-packages/django/db/models/sql/query.py", line 1193, in build_lookup
    lookup = lookup_class(lhs, rhs)
  File "/www/wwwroot/review/Doctor-Review-backend/backend/1c67665285fb6a7d761414e12578e574_venv/lib/python3.9/site-packages/django/db/models/lookups.py", line 25, in __init__
    self.rhs = self.get_prep_lookup()
  File "/www/wwwroot/review/Doctor-Review-backend/backend/1c67665285fb6a7d761414e12578e574_venv/lib/python3.9/site-packages/django/db/models/lookups.py", line 77, in get_prep_lookup
    return self.lhs.output_field.get_prep_value(self.rhs)
  File "/www/wwwroot/review/Doctor-Review-backend/backend/1c67665285fb6a7d761414e12578e574_venv/lib/python3.9/site-packages/django/db/models/fields/__init__.py", line 1825, in get_prep_value
    raise e.__class__(
ValueError: Field 'id' expected a number but got 'undefined'.
Internal Server Error: /initComment/
Traceback (most recent call last):
  File "/www/wwwroot/review/Doctor-Review-backend/backend/1c67665285fb6a7d761414e12578e574_venv/lib/python3.9/site-packages/django/db/models/fields/__init__.py", line 1823, in get_prep_value
    return int(value)
ValueError: invalid literal for int() with base 10: 'undefined'

The above exception was the direct cause of the following exception:

Traceback (most recent call last):
  File "/www/wwwroot/review/Doctor-Review-backend/backend/1c67665285fb6a7d761414e12578e574_venv/lib/python3.9/site-packages/django/core/handlers/exception.py", line 47, in inner
    response = get_response(request)
  File "/www/wwwroot/review/Doctor-Review-backend/backend/1c67665285fb6a7d761414e12578e574_venv/lib/python3.9/site-packages/django/core/handlers/base.py", line 181, in _get_response
    response = wrapped_callback(request, *callback_args, **callback_kwargs)
  File "/www/wwwroot/review/Doctor-Review-backend/backend/1c67665285fb6a7d761414e12578e574_venv/lib/python3.9/site-packages/django/views/decorators/csrf.py", line 54, in wrapped_view
    return view_func(*args, **kwargs)
  File "/www/wwwroot/review/Doctor-Review-backend/backend/backend/views.py", line 152, in return_comment_list
    doc_set = models.DoctorInfo.objects.filter(id=doc_id)
  File "/www/wwwroot/review/Doctor-Review-backend/backend/1c67665285fb6a7d761414e12578e574_venv/lib/python3.9/site-packages/django/db/models/manager.py", line 85, in manager_method
    return getattr(self.get_queryset(), name)(*args, **kwargs)
  File "/www/wwwroot/review/Doctor-Review-backend/backend/1c67665285fb6a7d761414e12578e574_venv/lib/python3.9/site-packages/django/db/models/query.py", line 941, in filter
    return self._filter_or_exclude(False, args, kwargs)
  File "/www/wwwroot/review/Doctor-Review-backend/backend/1c67665285fb6a7d761414e12578e574_venv/lib/python3.9/site-packages/django/db/models/query.py", line 961, in _filter_or_exclude
    clone._filter_or_exclude_inplace(negate, args, kwargs)
  File "/www/wwwroot/review/Doctor-Review-backend/backend/1c67665285fb6a7d761414e12578e574_venv/lib/python3.9/site-packages/django/db/models/query.py", line 968, in _filter_or_exclude_inplace
    self._query.add_q(Q(*args, **kwargs))
  File "/www/wwwroot/review/Doctor-Review-backend/backend/1c67665285fb6a7d761414e12578e574_venv/lib/python3.9/site-packages/django/db/models/sql/query.py", line 1393, in add_q
    clause, _ = self._add_q(q_object, self.used_aliases)
  File "/www/wwwroot/review/Doctor-Review-backend/backend/1c67665285fb6a7d761414e12578e574_venv/lib/python3.9/site-packages/django/db/models/sql/query.py", line 1412, in _add_q
    child_clause, needed_inner = self.build_filter(
  File "/www/wwwroot/review/Doctor-Review-backend/backend/1c67665285fb6a7d761414e12578e574_venv/lib/python3.9/site-packages/django/db/models/sql/query.py", line 1347, in build_filter
    condition = self.build_lookup(lookups, col, value)
  File "/www/wwwroot/review/Doctor-Review-backend/backend/1c67665285fb6a7d761414e12578e574_venv/lib/python3.9/site-packages/django/db/models/sql/query.py", line 1193, in build_lookup
    lookup = lookup_class(lhs, rhs)
  File "/www/wwwroot/review/Doctor-Review-backend/backend/1c67665285fb6a7d761414e12578e574_venv/lib/python3.9/site-packages/django/db/models/lookups.py", line 25, in __init__
    self.rhs = self.get_prep_lookup()
  File "/www/wwwroot/review/Doctor-Review-backend/backend/1c67665285fb6a7d761414e12578e574_venv/lib/python3.9/site-packages/django/db/models/lookups.py", line 77, in get_prep_lookup
    return self.lhs.output_field.get_prep_value(self.rhs)
  File "/www/wwwroot/review/Doctor-Review-backend/backend/1c67665285fb6a7d761414e12578e574_venv/lib/python3.9/site-packages/django/db/models/fields/__init__.py", line 1825, in get_prep_value
    raise e.__class__(
ValueError: Field 'id' expected a number but got 'undefined'.
[11/Jun/2022 03:52:23] "POST /initComment/ HTTP/1.1" 500 123876
[11/Jun/2022 03:52:23] "POST /initDoctor/ HTTP/1.1" 500 123598
[11/Jun/2022 03:58:06] "POST /department/ HTTP/1.1" 200 730
Performing system checks...

System check identified no issues (0 silenced).
June 10, 2022 - 15:02:20
Django version 3.2.8, using settings 'DoctorReview.settings'
Starting development server at http://0.0.0.0:8800/
Quit the server with CONTROL-C.
<QueryDict: {'name': ['çš®è‚¤ç§‘']}>
çš®è‚¤ç§‘
1
['æˆ‘ä»¬çš„ä¸“ä¸šçš®è‚¤ç§‘å›¢é˜Ÿè‡´åŠ›äºŽä¸ºä¸åŒå¹´é¾„äººå£«åŠå„ç§çš®è‚¤é—®é¢˜çš„æ‚£è€…æä¾›å…¨é¢çš„è¯Šæ–­å’Œæ²»ç–—ã€‚']
{'description': ['æˆ‘ä»¬çš„ä¸“ä¸šçš®è‚¤ç§‘å›¢é˜Ÿè‡´åŠ›äºŽä¸ºä¸åŒå¹´é¾„äººå£«åŠå„ç§çš®è‚¤é—®é¢˜çš„æ‚£è€…æä¾›å…¨é¢çš„è¯Šæ–­å’Œæ²»ç–—ã€‚']}
[{'doctorName': 'è¢æž—ä¿', 'position': 'åŒ»å£«', 'doctorDescription': 'è¢æž—ä¿å·±ä»»èŒå¤šå¹´ï¼Œæœ‰ç€ä¸°å¯Œçš„ç»éªŒï¼Œæ›¾å¤šæ¬¡èŽ·å¾—å›½å†…å¤–å¤šé¡¹å¥–é¡¹ï¼Œå¹¿å—æ‚£è€…å¥½è¯„'}, {'doctorName': 'äºŽå‰æœˆ', 'position': 'ä¸»æ²»åŒ»å¸ˆ', 'doctorDescription': 'äºŽå‰æœˆå·±ä»»èŒå¤šå¹´ï¼Œæœ‰ç€ä¸°å¯Œçš„ç»éªŒï¼Œæ›¾å¤šæ¬¡èŽ·å¾—å›½å†…å¤–å¤šé¡¹å¥–é¡¹ï¼Œå¹¿å—æ‚£è€…å¥½è¯„'}]
<QueryDict: {'name': ['çš®è‚¤ç§‘']}>
çš®è‚¤ç§‘
1
['æˆ‘ä»¬çš„ä¸“ä¸šçš®è‚¤ç§‘å›¢é˜Ÿè‡´åŠ›äºŽä¸ºä¸åŒå¹´é¾„äººå£«åŠå„ç§çš®è‚¤é—®é¢˜çš„æ‚£è€…æä¾›å…¨é¢çš„è¯Šæ–­å’Œæ²»ç–—ã€‚']
{'description': ['æˆ‘ä»¬çš„ä¸“ä¸šçš®è‚¤ç§‘å›¢é˜Ÿè‡´åŠ›äºŽä¸ºä¸åŒå¹´é¾„äººå£«åŠå„ç§çš®è‚¤é—®é¢˜çš„æ‚£è€…æä¾›å…¨é¢çš„è¯Šæ–­å’Œæ²»ç–—ã€‚']}
[{'doctorName': 'è¢æž—ä¿', 'position': 'åŒ»å£«', 'doctorDescription': 'è¢æž—ä¿å·±ä»»èŒå¤šå¹´ï¼Œæœ‰ç€ä¸°å¯Œçš„ç»éªŒï¼Œæ›¾å¤šæ¬¡èŽ·å¾—å›½å†…å¤–å¤šé¡¹å¥–é¡¹ï¼Œå¹¿å—æ‚£è€…å¥½è¯„'}, {'doctorName': 'äºŽå‰æœˆ', 'position': 'ä¸»æ²»åŒ»å¸ˆ', 'doctorDescription': 'äºŽå‰æœˆå·±ä»»èŒå¤šå¹´ï¼Œæœ‰ç€ä¸°å¯Œçš„ç»éªŒï¼Œæ›¾å¤šæ¬¡èŽ·å¾—å›½å†…å¤–å¤šé¡¹å¥–é¡¹ï¼Œå¹¿å—æ‚£è€…å¥½è¯„'}]
<QueryDict: {'name': ['çš®è‚¤ç§‘']}>
çš®è‚¤ç§‘
1
['æˆ‘ä»¬çš„ä¸“ä¸šçš®è‚¤ç§‘å›¢é˜Ÿè‡´åŠ›äºŽä¸ºä¸åŒå¹´é¾„äººå£«åŠå„ç§çš®è‚¤é—®é¢˜çš„æ‚£è€…æä¾›å…¨é¢çš„è¯Šæ–­å’Œæ²»ç–—ã€‚']
{'description': ['æˆ‘ä»¬çš„ä¸“ä¸šçš®è‚¤ç§‘å›¢é˜Ÿè‡´åŠ›äºŽä¸ºä¸åŒå¹´é¾„äººå£«åŠå„ç§çš®è‚¤é—®é¢˜çš„æ‚£è€…æä¾›å…¨é¢çš„è¯Šæ–­å’Œæ²»ç–—ã€‚']}
[{'doctorName': 'è¢æž—ä¿', 'position': 'åŒ»å£«', 'doctorDescription': 'è¢æž—ä¿å·±ä»»èŒå¤šå¹´ï¼Œæœ‰ç€ä¸°å¯Œçš„ç»éªŒï¼Œæ›¾å¤šæ¬¡èŽ·å¾—å›½å†…å¤–å¤šé¡¹å¥–é¡¹ï¼Œå¹¿å—æ‚£è€…å¥½è¯„'}, {'doctorName': 'äºŽå‰æœˆ', 'position': 'ä¸»æ²»åŒ»å¸ˆ', 'doctorDescription': 'äºŽå‰æœˆå·±ä»»èŒå¤šå¹´ï¼Œæœ‰ç€ä¸°å¯Œçš„ç»éªŒï¼Œæ›¾å¤šæ¬¡èŽ·å¾—å›½å†…å¤–å¤šé¡¹å¥–é¡¹ï¼Œå¹¿å—æ‚£è€…å¥½è¯„'}]
<QueryDict: {'name': ['çš®è‚¤ç§‘']}>
çš®è‚¤ç§‘
1
['æˆ‘ä»¬çš„ä¸“ä¸šçš®è‚¤ç§‘å›¢é˜Ÿè‡´åŠ›äºŽä¸ºä¸åŒå¹´é¾„äººå£«åŠå„ç§çš®è‚¤é—®é¢˜çš„æ‚£è€…æä¾›å…¨é¢çš„è¯Šæ–­å’Œæ²»ç–—ã€‚']
{'description': ['æˆ‘ä»¬çš„ä¸“ä¸šçš®è‚¤ç§‘å›¢é˜Ÿè‡´åŠ›äºŽä¸ºä¸åŒå¹´é¾„äººå£«åŠå„ç§çš®è‚¤é—®é¢˜çš„æ‚£è€…æä¾›å…¨é¢çš„è¯Šæ–­å’Œæ²»ç–—ã€‚']}
[{'doctorName': 'è¢æž—ä¿', 'position': 'åŒ»å£«', 'doctorDescription': 'è¢æž—ä¿å·±ä»»èŒå¤šå¹´ï¼Œæœ‰ç€ä¸°å¯Œçš„ç»éªŒï¼Œæ›¾å¤šæ¬¡èŽ·å¾—å›½å†…å¤–å¤šé¡¹å¥–é¡¹ï¼Œå¹¿å—æ‚£è€…å¥½è¯„'}, {'doctorName': 'äºŽå‰æœˆ', 'position': 'ä¸»æ²»åŒ»å¸ˆ', 'doctorDescription': 'äºŽå‰æœˆå·±ä»»èŒå¤šå¹´ï¼Œæœ‰ç€ä¸°å¯Œçš„ç»éªŒï¼Œæ›¾å¤šæ¬¡èŽ·å¾—å›½å†…å¤–å¤šé¡¹å¥–é¡¹ï¼Œå¹¿å—æ‚£è€…å¥½è¯„'}]
<QueryDict: {'name': ['æ³Œå°¿å¤–ç§‘']}>
æ³Œå°¿å¤–ç§‘
1
['']
{'description': ['']}
[{'doctorName': 'å²‘ç‘¶å‹', 'position': 'åŒ»å¸ˆ', 'doctorDescription': 'å²‘ç‘¶å‹å·±ä»»èŒå¤šå¹´ï¼Œæœ‰ç€ä¸°å¯Œçš„ç»éªŒï¼Œæ›¾å¤šæ¬¡èŽ·å¾—å›½å†…å¤–å¤šé¡¹å¥–é¡¹ï¼Œå¹¿å—æ‚£è€…å¥½è¯„'}, {'doctorName': 'é²æ˜Žäº‘', 'position': 'ä¸»ä»»åŒ»å¸ˆ', 'doctorDescription': 'é²æ˜Žäº‘å·±ä»»èŒå¤šå¹´ï¼Œæœ‰ç€ä¸°å¯Œçš„ç»éªŒï¼Œæ›¾å¤šæ¬¡èŽ·å¾—å›½å†…å¤–å¤šé¡¹å¥–é¡¹ï¼Œå¹¿å—æ‚£è€…å¥½è¯„'}]
<QueryDict: {'name': ['å£è…”ç§‘']}>
å£è…”ç§‘
1
['æœ¬é™¢å£è…”å¤–ç§‘æ‰§è¡Œä¸šåŠ¡èŒƒå›´ä»Žè½¯ç»„ç»‡åˆ°ç¡¬ç»„ç»‡æœ‰è®¸å¤šä¸åŒè¯Šæ²»é¡¹ç›®ã€‚ è¯Šæ²»é¡¹ç›®æœ‰ä¸€èˆ¬åŠå›°éš¾æ‹”ç‰™ã€é˜»ç”Ÿç‰™ä¸Žå¤šç”Ÿç‰™æ‰‹æœ¯ã€æ¤ç‰™æ‰‹æœ¯ã€å…¶ä»–ä¹‹ç‰™é½¿ä¸Žé½¿æ§½éª¨æ‰‹æœ¯ã€å‡ç‰™å‡†å¤‡å‰æ‰‹æœ¯ã€é¢šé¢œé¢å¤–ä¼¤ã€å¤´é¢ˆéƒ¨æ„ŸæŸ“ã€è‰¯æ€§è‚¿ç˜¤ã€å›Šè‚¿ã€å£è…”é»è†œç—…å˜ã€å”¾æ¶²è…ºç–¾ç—…ç­‰ã€‚']
{'description': ['æœ¬é™¢å£è…”å¤–ç§‘æ‰§è¡Œä¸šåŠ¡èŒƒå›´ä»Žè½¯ç»„ç»‡åˆ°ç¡¬ç»„ç»‡æœ‰è®¸å¤šä¸åŒè¯Šæ²»é¡¹ç›®ã€‚ è¯Šæ²»é¡¹ç›®æœ‰ä¸€èˆ¬åŠå›°éš¾æ‹”ç‰™ã€é˜»ç”Ÿç‰™ä¸Žå¤šç”Ÿç‰™æ‰‹æœ¯ã€æ¤ç‰™æ‰‹æœ¯ã€å…¶ä»–ä¹‹ç‰™é½¿ä¸Žé½¿æ§½éª¨æ‰‹æœ¯ã€å‡ç‰™å‡†å¤‡å‰æ‰‹æœ¯ã€é¢šé¢œé¢å¤–ä¼¤ã€å¤´é¢ˆéƒ¨æ„ŸæŸ“ã€è‰¯æ€§è‚¿ç˜¤ã€å›Šè‚¿ã€å£è…”é»è†œç—…å˜ã€å”¾æ¶²è…ºç–¾ç—…ç­‰ã€‚']}
[{'doctorName': 'å‘¨è‹±ä¹‰', 'position': 'åŒ»å¸ˆ', 'doctorDescription': 'å‘¨è‹±ä¹‰å·±ä»»èŒå¤šå¹´ï¼Œæœ‰ç€ä¸°å¯Œçš„ç»éªŒï¼Œæ›¾å¤šæ¬¡èŽ·å¾—å›½å†…å¤–å¤šé¡¹å¥–é¡¹ï¼Œå¹¿å—æ‚£è€…å¥½è¯„'}, {'doctorName': 'éŸ¦é‘«ä½©', 'position': 'å‰¯ä¸»ä»»åŒ»å¸ˆ', 'doctorDescription': 'éŸ¦é‘«ä½©å·±ä»»èŒå¤šå¹´ï¼Œæœ‰ç€ä¸°å¯Œçš„ç»éªŒï¼Œæ›¾å¤šæ¬¡èŽ·å¾—å›½å†…å¤–å¤šé¡¹å¥–é¡¹ï¼Œå¹¿å—æ‚£è€…å¥½è¯„'}]
<QueryDict: {'name': ['å„¿ç§‘']}>
å„¿ç§‘
1
['å„¿ç§‘éƒ¨æ˜¯æœ¬æ¸¯å…¶ä¸­ä¸€ä¸ªä¸»è¦çš„å„¿ç§‘éƒ¨é—¨ï¼Œä¸ºä¸­ä¹é¾™åœ°åŒºæä¾›äºŒåå››å°æ—¶æœåŠ¡ã€‚æ—¨åœ¨ç”±ä¸“ä¸šåŒ»ç–—åŠæŠ€æœ¯äººå‘˜å¸¦é¢†ä¸‹ï¼Œä»¥â€œå„¿ç«¥ä¸ºæœ¬â€çš„ç†å¿µï¼Œä¸ºæœ‰éœ€è¦çš„å„¿ç«¥åŠå…¶å®¶åº­æä¾›é«˜è´¨ç´ åŠå…¨é¢çš„å„¿ç§‘æœåŠ¡ã€‚']
{'description': ['å„¿ç§‘éƒ¨æ˜¯æœ¬æ¸¯å…¶ä¸­ä¸€ä¸ªä¸»è¦çš„å„¿ç§‘éƒ¨é—¨ï¼Œä¸ºä¸­ä¹é¾™åœ°åŒºæä¾›äºŒåå››å°æ—¶æœåŠ¡ã€‚æ—¨åœ¨ç”±ä¸“ä¸šåŒ»ç–—åŠæŠ€æœ¯äººå‘˜å¸¦é¢†ä¸‹ï¼Œä»¥â€œå„¿ç«¥ä¸ºæœ¬â€çš„ç†å¿µï¼Œä¸ºæœ‰éœ€è¦çš„å„¿ç«¥åŠå…¶å®¶åº­æä¾›é«˜è´¨ç´ åŠå…¨é¢çš„å„¿ç§‘æœåŠ¡ã€‚']}
[{'doctorName': 'å€ªè´¢éœž', 'position': 'åŒ»å£«', 'doctorDescription': 'å€ªè´¢éœžå·±ä»»èŒå¤šå¹´ï¼Œæœ‰ç€ä¸°å¯Œçš„ç»éªŒï¼Œæ›¾å¤šæ¬¡èŽ·å¾—å›½å†…å¤–å¤šé¡¹å¥–é¡¹ï¼Œå¹¿å—æ‚£è€…å¥½è¯„'}, {'doctorName': 'è´ºå„’ç››', 'position': 'ä¸»ä»»åŒ»å¸ˆ', 'doctorDescription': 'è´ºå„’ç››å·±ä»»èŒå¤šå¹´ï¼Œæœ‰ç€ä¸°å¯Œçš„ç»éªŒï¼Œæ›¾å¤šæ¬¡èŽ·å¾—å›½å†…å¤–å¤šé¡¹å¥–é¡¹ï¼Œå¹¿å—æ‚£è€…å¥½è¯„'}, {'doctorName': 'è°¢æ±‰ä¼¯', 'position': 'å‰¯ä¸»ä»»åŒ»å¸ˆ', 'doctorDescription': 'è°¢æ±‰ä¼¯å·±ä»»èŒå¤šå¹´ï¼Œæœ‰ç€ä¸°å¯Œçš„ç»éªŒï¼Œæ›¾å¤šæ¬¡èŽ·å¾—å›½å†…å¤–å¤šé¡¹å¥–é¡¹ï¼Œå¹¿å—æ‚£è€…å¥½è¯„'}]
<QueryDict: {'name': ['çš®è‚¤ç§‘']}>
çš®è‚¤ç§‘
1
['æˆ‘ä»¬çš„ä¸“ä¸šçš®è‚¤ç§‘å›¢é˜Ÿè‡´åŠ›äºŽä¸ºä¸åŒå¹´é¾„äººå£«åŠå„ç§çš®è‚¤é—®é¢˜çš„æ‚£è€…æä¾›å…¨é¢çš„è¯Šæ–­å’Œæ²»ç–—ã€‚']
{'description': ['æˆ‘ä»¬çš„ä¸“ä¸šçš®è‚¤ç§‘å›¢é˜Ÿè‡´åŠ›äºŽä¸ºä¸åŒå¹´é¾„äººå£«åŠå„ç§çš®è‚¤é—®é¢˜çš„æ‚£è€…æä¾›å…¨é¢çš„è¯Šæ–­å’Œæ²»ç–—ã€‚']}
[{'doctorName': 'è¢æž—ä¿', 'position': 'åŒ»å£«', 'doctorDescription': 'è¢æž—ä¿å·±ä»»èŒå¤šå¹´ï¼Œæœ‰ç€ä¸°å¯Œçš„ç»éªŒï¼Œæ›¾å¤šæ¬¡èŽ·å¾—å›½å†…å¤–å¤šé¡¹å¥–é¡¹ï¼Œå¹¿å—æ‚£è€…å¥½è¯„'}, {'doctorName': 'äºŽå‰æœˆ', 'position': 'ä¸»æ²»åŒ»å¸ˆ', 'doctorDescription': 'äºŽå‰æœˆå·±ä»»èŒå¤šå¹´ï¼Œæœ‰ç€ä¸°å¯Œçš„ç»éªŒï¼Œæ›¾å¤šæ¬¡èŽ·å¾—å›½å†…å¤–å¤šé¡¹å¥–é¡¹ï¼Œå¹¿å—æ‚£è€…å¥½è¯„'}]
<QueryDict: {'name': ['äº§ç§‘']}>
äº§ç§‘
1
['']
{'description': ['']}
[{'doctorName': 'è®¸ä»°å¤©', 'position': 'ä¸»ä»»åŒ»å¸ˆ', 'doctorDescription': 'è®¸ä»°å¤©å·±ä»»èŒå¤šå¹´ï¼Œæœ‰ç€ä¸°å¯Œçš„ç»éªŒï¼Œæ›¾å¤šæ¬¡èŽ·å¾—å›½å†…å¤–å¤šé¡¹å¥–é¡¹ï¼Œå¹¿å—æ‚£è€…å¥½è¯„'}, {'doctorName': 'äºŽä¸°å…‰', 'position': 'ä¸»æ²»åŒ»å¸ˆ', 'doctorDescription': 'äºŽä¸°å…‰å·±ä»»èŒå¤šå¹´ï¼Œæœ‰ç€ä¸°å¯Œçš„ç»éªŒï¼Œæ›¾å¤šæ¬¡èŽ·å¾—å›½å†…å¤–å¤šé¡¹å¥–é¡¹ï¼Œå¹¿å—æ‚£è€…å¥½è¯„'}, {'doctorName': 'åœä¿žç­ ', 'position': 'å‰¯ä¸»ä»»åŒ»å¸ˆ', 'doctorDescription': 'åœä¿žç­ å·±ä»»èŒå¤šå¹´ï¼Œæœ‰ç€ä¸°å¯Œçš„ç»éªŒï¼Œæ›¾å¤šæ¬¡èŽ·å¾—å›½å†…å¤–å¤šé¡¹å¥–é¡¹ï¼Œå¹¿å—æ‚£è€…å¥½è¯„'}]
doctor_id1
<QueryDict: {'name': ['æ³Œå°¿å¤–ç§‘']}>
æ³Œå°¿å¤–ç§‘
1
['']
{'description': ['']}
[{'doctorName': 'å²‘ç‘¶å‹', 'position': 'åŒ»å¸ˆ', 'doctorDescription': 'å²‘ç‘¶å‹å·±ä»»èŒå¤šå¹´ï¼Œæœ‰ç€ä¸°å¯Œçš„ç»éªŒï¼Œæ›¾å¤šæ¬¡èŽ·å¾—å›½å†…å¤–å¤šé¡¹å¥–é¡¹ï¼Œå¹¿å—æ‚£è€…å¥½è¯„'}, {'doctorName': 'é²æ˜Žäº‘', 'position': 'ä¸»ä»»åŒ»å¸ˆ', 'doctorDescription': 'é²æ˜Žäº‘å·±ä»»èŒå¤šå¹´ï¼Œæœ‰ç€ä¸°å¯Œçš„ç»éªŒï¼Œæ›¾å¤šæ¬¡èŽ·å¾—å›½å†…å¤–å¤šé¡¹å¥–é¡¹ï¼Œå¹¿å—æ‚£è€…å¥½è¯„'}]
<QueryDict: {'name': ['äº§ç§‘']}>
äº§ç§‘
1
['']
{'description': ['']}
[11/Jun/2022 03:58:15] "POST /department/ HTTP/1.1" 200 1067
[11/Jun/2022 03:58:26] "POST /searchdoctor/ HTTP/1.1" 200 122
Internal Server Error: /initDoctor/
Traceback (most recent call last):
  File "/www/wwwroot/review/Doctor-Review-backend/backend/1c67665285fb6a7d761414e12578e574_venv/lib/python3.9/site-packages/django/db/models/fields/__init__.py", line 1823, in get_prep_value
    return int(value)
ValueError: invalid literal for int() with base 10: 'undefined'

The above exception was the direct cause of the following exception:

Traceback (most recent call last):
  File "/www/wwwroot/review/Doctor-Review-backend/backend/1c67665285fb6a7d761414e12578e574_venv/lib/python3.9/site-packages/django/core/handlers/exception.py", line 47, in inner
    response = get_response(request)
  File "/www/wwwroot/review/Doctor-Review-backend/backend/1c67665285fb6a7d761414e12578e574_venv/lib/python3.9/site-packages/django/core/handlers/base.py", line 181, in _get_response
    response = wrapped_callback(request, *callback_args, **callback_kwargs)
  File "/www/wwwroot/review/Doctor-Review-backend/backend/1c67665285fb6a7d761414e12578e574_venv/lib/python3.9/site-packages/django/views/decorators/csrf.py", line 54, in wrapped_view
    return view_func(*args, **kwargs)
  File "/www/wwwroot/review/Doctor-Review-backend/backend/backend/views.py", line 111, in return_doc
    doc_set = models.DoctorInfo.objects.filter(id=doc_id)
  File "/www/wwwroot/review/Doctor-Review-backend/backend/1c67665285fb6a7d761414e12578e574_venv/lib/python3.9/site-packages/django/db/models/manager.py", line 85, in manager_method
    return getattr(self.get_queryset(), name)(*args, **kwargs)
  File "/www/wwwroot/review/Doctor-Review-backend/backend/1c67665285fb6a7d761414e12578e574_venv/lib/python3.9/site-packages/django/db/models/query.py", line 941, in filter
    return self._filter_or_exclude(False, args, kwargs)
  File "/www/wwwroot/review/Doctor-Review-backend/backend/1c67665285fb6a7d761414e12578e574_venv/lib/python3.9/site-packages/django/db/models/query.py", line 961, in _filter_or_exclude
    clone._filter_or_exclude_inplace(negate, args, kwargs)
  File "/www/wwwroot/review/Doctor-Review-backend/backend/1c67665285fb6a7d761414e12578e574_venv/lib/python3.9/site-packages/django/db/models/query.py", line 968, in _filter_or_exclude_inplace
    self._query.add_q(Q(*args, **kwargs))
  File "/www/wwwroot/review/Doctor-Review-backend/backend/1c67665285fb6a7d761414e12578e574_venv/lib/python3.9/site-packages/django/db/models/sql/query.py", line 1393, in add_q
    clause, _ = self._add_q(q_object, self.used_aliases)
  File "/www/wwwroot/review/Doctor-Review-backend/backend/1c67665285fb6a7d761414e12578e574_venv/lib/python3.9/site-packages/django/db/models/sql/query.py", line 1412, in _add_q
    child_clause, needed_inner = self.build_filter(
  File "/www/wwwroot/review/Doctor-Review-backend/backend/1c67665285fb6a7d761414e12578e574_venv/lib/python3.9/site-packages/django/db/models/sql/query.py", line 1347, in build_filter
    condition = self.build_lookup(lookups, col, value)
  File "/www/wwwroot/review/Doctor-Review-backend/backend/1c67665285fb6a7d761414e12578e574_venv/lib/python3.9/site-packages/django/db/models/sql/query.py", line 1193, in build_lookup
    lookup = lookup_class(lhs, rhs)
  File "/www/wwwroot/review/Doctor-Review-backend/backend/1c67665285fb6a7d761414e12578e574_venv/lib/python3.9/site-packages/django/db/models/lookups.py", line 25, in __init__
    self.rhs = self.get_prep_lookup()
  File "/www/wwwroot/review/Doctor-Review-backend/backend/1c67665285fb6a7d761414e12578e574_venv/lib/python3.9/site-packages/django/db/models/lookups.py", line 77, in get_prep_lookup
    return self.lhs.output_field.get_prep_value(self.rhs)
  File "/www/wwwroot/review/Doctor-Review-backend/backend/1c67665285fb6a7d761414e12578e574_venv/lib/python3.9/site-packages/django/db/models/fields/__init__.py", line 1825, in get_prep_value
    raise e.__class__(
ValueError: Field 'id' expected a number but got 'undefined'.
Internal Server Error: /initComment/
Traceback (most recent call last):
  File "/www/wwwroot/review/Doctor-Review-backend/backend/1c67665285fb6a7d761414e12578e574_venv/lib/python3.9/site-packages/django/db/models/fields/__init__.py", line 1823, in get_prep_value
    return int(value)
ValueError: invalid literal for int() with base 10: 'undefined'

The above exception was the direct cause of the following exception:

Traceback (most recent call last):
  File "/www/wwwroot/review/Doctor-Review-backend/backend/1c67665285fb6a7d761414e12578e574_venv/lib/python3.9/site-packages/django/core/handlers/exception.py", line 47, in inner
    response = get_response(request)
  File "/www/wwwroot/review/Doctor-Review-backend/backend/1c67665285fb6a7d761414e12578e574_venv/lib/python3.9/site-packages/django/core/handlers/base.py", line 181, in _get_response
    response = wrapped_callback(request, *callback_args, **callback_kwargs)
  File "/www/wwwroot/review/Doctor-Review-backend/backend/1c67665285fb6a7d761414e12578e574_venv/lib/python3.9/site-packages/django/views/decorators/csrf.py", line 54, in wrapped_view
    return view_func(*args, **kwargs)
  File "/www/wwwroot/review/Doctor-Review-backend/backend/backend/views.py", line 152, in return_comment_list
    doc_set = models.DoctorInfo.objects.filter(id=doc_id)
  File "/www/wwwroot/review/Doctor-Review-backend/backend/1c67665285fb6a7d761414e12578e574_venv/lib/python3.9/site-packages/django/db/models/manager.py", line 85, in manager_method
    return getattr(self.get_queryset(), name)(*args, **kwargs)
  File "/www/wwwroot/review/Doctor-Review-backend/backend/1c67665285fb6a7d761414e12578e574_venv/lib/python3.9/site-packages/django/db/models/query.py", line 941, in filter
    return self._filter_or_exclude(False, args, kwargs)
  File "/www/wwwroot/review/Doctor-Review-backend/backend/1c67665285fb6a7d761414e12578e574_venv/lib/python3.9/site-packages/django/db/models/query.py", line 961, in _filter_or_exclude
    clone._filter_or_exclude_inplace(negate, args, kwargs)
  File "/www/wwwroot/review/Doctor-Review-backend/backend/1c67665285fb6a7d761414e12578e574_venv/lib/python3.9/site-packages/django/db/models/query.py", line 968, in _filter_or_exclude_inplace
    self._query.add_q(Q(*args, **kwargs))
  File "/www/wwwroot/review/Doctor-Review-backend/backend/1c67665285fb6a7d761414e12578e574_venv/lib/python3.9/site-packages/django/db/models/sql/query.py", line 1393, in add_q
    clause, _ = self._add_q(q_object, self.used_aliases)
  File "/www/wwwroot/review/Doctor-Review-backend/backend/1c67665285fb6a7d761414e12578e574_venv/lib/python3.9/site-packages/django/db/models/sql/query.py", line 1412, in _add_q
    child_clause, needed_inner = self.build_filter(
  File "/www/wwwroot/review/Doctor-Review-backend/backend/1c67665285fb6a7d761414e12578e574_venv/lib/python3.9/site-packages/django/db/models/sql/query.py", line 1347, in build_filter
    condition = self.build_lookup(lookups, col, value)
  File "/www/wwwroot/review/Doctor-Review-backend/backend/1c67665285fb6a7d761414e12578e574_venv/lib/python3.9/site-packages/django/db/models/sql/query.py", line 1193, in build_lookup
    lookup = lookup_class(lhs, rhs)
  File "/www/wwwroot/review/Doctor-Review-backend/backend/1c67665285fb6a7d761414e12578e574_venv/lib/python3.9/site-packages/django/db/models/lookups.py", line 25, in __init__
    self.rhs = self.get_prep_lookup()
  File "/www/wwwroot/review/Doctor-Review-backend/backend/1c67665285fb6a7d761414e12578e574_venv/lib/python3.9/site-packages/django/db/models/lookups.py", line 77, in get_prep_lookup
    return self.lhs.output_field.get_prep_value(self.rhs)
  File "/www/wwwroot/review/Doctor-Review-backend/backend/1c67665285fb6a7d761414e12578e574_venv/lib/python3.9/site-packages/django/db/models/fields/__init__.py", line 1825, in get_prep_value
    raise e.__class__(
ValueError: Field 'id' expected a number but got 'undefined'.
[11/Jun/2022 03:58:28] "POST /initDoctor/ HTTP/1.1" 500 123598
[11/Jun/2022 03:58:28] "POST /initComment/ HTTP/1.1" 500 123876
[11/Jun/2022 03:59:01] "POST /addComments/ HTTP/1.1" 200 2879
[11/Jun/2022 03:59:13] "POST /searchdoctor/ HTTP/1.1" 200 122
Internal Server Error: /initDoctor/
Traceback (most recent call last):
  File "/www/wwwroot/review/Doctor-Review-backend/backend/1c67665285fb6a7d761414e12578e574_venv/lib/python3.9/site-packages/django/db/models/fields/__init__.py", line 1823, in get_prep_value
    return int(value)
ValueError: invalid literal for int() with base 10: 'undefined'

The above exception was the direct cause of the following exception:

Traceback (most recent call last):
  File "/www/wwwroot/review/Doctor-Review-backend/backend/1c67665285fb6a7d761414e12578e574_venv/lib/python3.9/site-packages/django/core/handlers/exception.py", line 47, in inner
    response = get_response(request)
  File "/www/wwwroot/review/Doctor-Review-backend/backend/1c67665285fb6a7d761414e12578e574_venv/lib/python3.9/site-packages/django/core/handlers/base.py", line 181, in _get_response
    response = wrapped_callback(request, *callback_args, **callback_kwargs)
  File "/www/wwwroot/review/Doctor-Review-backend/backend/1c67665285fb6a7d761414e12578e574_venv/lib/python3.9/site-packages/django/views/decorators/csrf.py", line 54, in wrapped_view
    return view_func(*args, **kwargs)
  File "/www/wwwroot/review/Doctor-Review-backend/backend/backend/views.py", line 111, in return_doc
    doc_set = models.DoctorInfo.objects.filter(id=doc_id)
  File "/www/wwwroot/review/Doctor-Review-backend/backend/1c67665285fb6a7d761414e12578e574_venv/lib/python3.9/site-packages/django/db/models/manager.py", line 85, in manager_method
    return getattr(self.get_queryset(), name)(*args, **kwargs)
  File "/www/wwwroot/review/Doctor-Review-backend/backend/1c67665285fb6a7d761414e12578e574_venv/lib/python3.9/site-packages/django/db/models/query.py", line 941, in filter
    return self._filter_or_exclude(False, args, kwargs)
  File "/www/wwwroot/review/Doctor-Review-backend/backend/1c67665285fb6a7d761414e12578e574_venv/lib/python3.9/site-packages/django/db/models/query.py", line 961, in _filter_or_exclude
    clone._filter_or_exclude_inplace(negate, args, kwargs)
  File "/www/wwwroot/review/Doctor-Review-backend/backend/1c67665285fb6a7d761414e12578e574_venv/lib/python3.9/site-packages/django/db/models/query.py", line 968, in _filter_or_exclude_inplace
    self._query.add_q(Q(*args, **kwargs))
  File "/www/wwwroot/review/Doctor-Review-backend/backend/1c67665285fb6a7d761414e12578e574_venv/lib/python3.9/site-packages/django/db/models/sql/query.py", line 1393, in add_q
    clause, _ = self._add_q(q_object, self.used_aliases)
  File "/www/wwwroot/review/Doctor-Review-backend/backend/1c67665285fb6a7d761414e12578e574_venv/lib/python3.9/site-packages/django/db/models/sql/query.py", line 1412, in _add_q
    child_clause, needed_inner = self.build_filter(
  File "/www/wwwroot/review/Doctor-Review-backend/backend/1c67665285fb6a7d761414e12578e574_venv/lib/python3.9/site-packages/django/db/models/sql/query.py", line 1347, in build_filter
    condition = self.build_lookup(lookups, col, value)
  File "/www/wwwroot/review/Doctor-Review-backend/backend/1c67665285fb6a7d761414e12578e574_venv/lib/python3.9/site-packages/django/db/models/sql/query.py", line 1193, in build_lookup
    lookup = lookup_class(lhs, rhs)
  File "/www/wwwroot/review/Doctor-Review-backend/backend/1c67665285fb6a7d761414e12578e574_venv/lib/python3.9/site-packages/django/db/models/lookups.py", line 25, in __init__
    self.rhs = self.get_prep_lookup()
  File "/www/wwwroot/review/Doctor-Review-backend/backend/1c67665285fb6a7d761414e12578e574_venv/lib/python3.9/site-packages/django/db/models/lookups.py", line 77, in get_prep_lookup
    return self.lhs.output_field.get_prep_value(self.rhs)
  File "/www/wwwroot/review/Doctor-Review-backend/backend/1c67665285fb6a7d761414e12578e574_venv/lib/python3.9/site-packages/django/db/models/fields/__init__.py", line 1825, in get_prep_value
    raise e.__class__(
ValueError: Field 'id' expected a number but got 'undefined'.
Internal Server Error: /initComment/
Traceback (most recent call last):
  File "/www/wwwroot/review/Doctor-Review-backend/backend/1c67665285fb6a7d761414e12578e574_venv/lib/python3.9/site-packages/django/db/models/fields/__init__.py", line 1823, in get_prep_value
    return int(value)
ValueError: invalid literal for int() with base 10: 'undefined'

The above exception was the direct cause of the following exception:

Traceback (most recent call last):
  File "/www/wwwroot/review/Doctor-Review-backend/backend/1c67665285fb6a7d761414e12578e574_venv/lib/python3.9/site-packages/django/core/handlers/exception.py", line 47, in inner
    response = get_response(request)
  File "/www/wwwroot/review/Doctor-Review-backend/backend/1c67665285fb6a7d761414e12578e574_venv/lib/python3.9/site-packages/django/core/handlers/base.py", line 181, in _get_response
    response = wrapped_callback(request, *callback_args, **callback_kwargs)
  File "/www/wwwroot/review/Doctor-Review-backend/backend/1c67665285fb6a7d761414e12578e574_venv/lib/python3.9/site-packages/django/views/decorators/csrf.py", line 54, in wrapped_view
    return view_func(*args, **kwargs)
  File "/www/wwwroot/review/Doctor-Review-backend/backend/backend/views.py", line 152, in return_comment_list
    doc_set = models.DoctorInfo.objects.filter(id=doc_id)
  File "/www/wwwroot/review/Doctor-Review-backend/backend/1c67665285fb6a7d761414e12578e574_venv/lib/python3.9/site-packages/django/db/models/manager.py", line 85, in manager_method
    return getattr(self.get_queryset(), name)(*args, **kwargs)
  File "/www/wwwroot/review/Doctor-Review-backend/backend/1c67665285fb6a7d761414e12578e574_venv/lib/python3.9/site-packages/django/db/models/query.py", line 941, in filter
    return self._filter_or_exclude(False, args, kwargs)
  File "/www/wwwroot/review/Doctor-Review-backend/backend/1c67665285fb6a7d761414e12578e574_venv/lib/python3.9/site-packages/django/db/models/query.py", line 961, in _filter_or_exclude
    clone._filter_or_exclude_inplace(negate, args, kwargs)
  File "/www/wwwroot/review/Doctor-Review-backend/backend/1c67665285fb6a7d761414e12578e574_venv/lib/python3.9/site-packages/django/db/models/query.py", line 968, in _filter_or_exclude_inplace
    self._query.add_q(Q(*args, **kwargs))
  File "/www/wwwroot/review/Doctor-Review-backend/backend/1c67665285fb6a7d761414e12578e574_venv/lib/python3.9/site-packages/django/db/models/sql/query.py", line 1393, in add_q
    clause, _ = self._add_q(q_object, self.used_aliases)
  File "/www/wwwroot/review/Doctor-Review-backend/backend/1c67665285fb6a7d761414e12578e574_venv/lib/python3.9/site-packages/django/db/models/sql/query.py", line 1412, in _add_q
    child_clause, needed_inner = self.build_filter(
  File "/www/wwwroot/review/Doctor-Review-backend/backend/1c67665285fb6a7d761414e12578e574_venv/lib/python3.9/site-packages/django/db/models/sql/query.py", line 1347, in build_filter
    condition = self.build_lookup(lookups, col, value)
  File "/www/wwwroot/review/Doctor-Review-backend/backend/1c67665285fb6a7d761414e12578e574_venv/lib/python3.9/site-packages/django/db/models/sql/query.py", line 1193, in build_lookup
    lookup = lookup_class(lhs, rhs)
  File "/www/wwwroot/review/Doctor-Review-backend/backend/1c67665285fb6a7d761414e12578e574_venv/lib/python3.9/site-packages/django/db/models/lookups.py", line 25, in __init__
    self.rhs = self.get_prep_lookup()
  File "/www/wwwroot/review/Doctor-Review-backend/backend/1c67665285fb6a7d761414e12578e574_venv/lib/python3.9/site-packages/django/db/models/lookups.py", line 77, in get_prep_lookup
    return self.lhs.output_field.get_prep_value(self.rhs)
  File "/www/wwwroot/review/Doctor-Review-backend/backend/1c67665285fb6a7d761414e12578e574_venv/lib/python3.9/site-packages/django/db/models/fields/__init__.py", line 1825, in get_prep_value
    raise e.__class__(
ValueError: Field 'id' expected a number but got 'undefined'.
[11/Jun/2022 03:59:14] "POST /initComment/ HTTP/1.1" 500 123876
[11/Jun/2022 03:59:14] "POST /initDoctor/ HTTP/1.1" 500 123598
[11/Jun/2022 03:59:32] "POST /addComments/ HTTP/1.1" 200 3070
[11/Jun/2022 08:12:47] code 400, message Bad request syntax ('\x04\x01\x00Pg)Â§Ãª\x00')
[11/Jun/2022 08:12:47] " Pg)Â§Ãª " 400 -
Not Found: /http:/passport.baidu.com/
[11/Jun/2022 08:13:01] "GET http://passport.baidu.com/ HTTP/1.1" 404 1829
[11/Jun/2022 08:13:06] code 400, message Bad request syntax ('\x05\x01\x00')
[11/Jun/2022 08:13:06] " " 400 -
[11/Jun/2022 08:13:55] code 400, message Bad request syntax ('\x05\x03\x00\x01\x02')
[11/Jun/2022 08:13:55] " " 400 -
[11/Jun/2022 08:21:24] code 400, message Bad request syntax ('\x04\x01\x00Pg)Â§Ãª\x00')
[11/Jun/2022 08:21:24] " Pg)Â§Ãª " 400 -
Not Found: /http:/passport.baidu.com/
[11/Jun/2022 08:21:24] "GET http://passport.baidu.com/ HTTP/1.1" 404 1829
[11/Jun/2022 08:21:37] code 400, message Bad request syntax ('\x05\x01\x00')
[11/Jun/2022 08:21:37] " " 400 -
[11/Jun/2022 08:36:17] "GET / HTTP/1.1" 200 644
[11/Jun/2022 08:36:18] "GET /static/js/main.8c258a47.js HTTP/1.1" 200 930947
[11/Jun/2022 08:36:19] "GET /static/css/main.9fc8d8b4.css HTTP/1.1" 200 558211
[11/Jun/2022 09:26:22] code 400, message Bad HTTP/0.9 request type ('\x03\x00\x00/*Ã \x00\x00\x00\x00\x00Cookie:')
[11/Jun/2022 09:26:22] "  /*Ã      Cookie: mstshash=Administr" 400 -
[11/Jun/2022 09:32:42] "GET / HTTP/1.1" 200 644
Not Found: /favicon.ico
[11/Jun/2022 09:32:42] "GET /favicon.ico HTTP/1.1" 404 2900
[11/Jun/2022 09:38:00] "GET / HTTP/1.1" 200 644
[11/Jun/2022 09:38:17] code 400, message Bad request syntax ('\x03\x00\x00\x13\x0eÃ \x00\x00\x00\x00\x00\x01\x00\x08\x00\x02\x00\x00\x00')
[11/Jun/2022 09:38:17] "  Ã           " 400 -
[11/Jun/2022 09:52:48] "GET / HTTP/1.1" 200 644
[11/Jun/2022 09:52:49] "GET /static/css/main.9fc8d8b4.css HTTP/1.1" 200 558211
[11/Jun/2022 09:52:49] "GET /static/js/main.8c258a47.js HTTP/1.1" 200 930947
Not Found: /favicon.ico
[11/Jun/2022 09:52:49] "GET /favicon.ico HTTP/1.1" 404 2900
[11/Jun/2022 09:52:54] "POST /department/ HTTP/1.1" 200 1374
[11/Jun/2022 09:52:55] "GET /static/media/doctor_1.def389160d219cbf5223.png HTTP/1.1" 200 239953
[11/Jun/2022 09:53:13] "GET / HTTP/1.1" 200 644
[11/Jun/2022 09:53:16] "POST /department/ HTTP/1.1" 200 1983
[11/Jun/2022 09:53:34] "POST /department/ HTTP/1.1" 200 736
[11/Jun/2022 09:53:38] "POST /department/ HTTP/1.1" 200 1051
[11/Jun/2022 09:53:42] "POST /department/ HTTP/1.1" 200 2012
[11/Jun/2022 10:02:11] "GET / HTTP/1.1" 200 644
[11/Jun/2022 10:02:12] "GET /static/css/main.9fc8d8b4.css HTTP/1.1" 200 558211
[11/Jun/2022 10:02:12] "GET /static/js/main.8c258a47.js HTTP/1.1" 200 930947
Not Found: /favicon.ico
[11/Jun/2022 10:02:12] "GET /favicon.ico HTTP/1.1" 404 2900
[11/Jun/2022 10:02:28] "POST /department/ HTTP/1.1" 200 1409
[11/Jun/2022 10:02:28] "GET /static/media/doctor_1.def389160d219cbf5223.png HTTP/1.1" 200 239953
[11/Jun/2022 10:02:44] "POST /searchdoctor/ HTTP/1.1" 200 122
[11/Jun/2022 10:02:53] "POST /searchdoctor/ HTTP/1.1" 200 122
[11/Jun/2022 10:03:02] "POST /department/ HTTP/1.1" 200 1356
[11/Jun/2022 10:03:11] "POST /department/ HTTP/1.1" 200 976
Not Found: /robots.txt
[11/Jun/2022 10:06:32] "GET /robots.txt HTTP/1.1" 404 2892
[11/Jun/2022 10:06:40] "GET / HTTP/1.1" 200 644
[11/Jun/2022 10:06:44] "GET /static/js/main.8c258a47.js HTTP/1.1" 200 930947
[11/Jun/2022 10:06:44] "GET /static/css/main.9fc8d8b4.css HTTP/1.1" 200 558211
[11/Jun/2022 10:07:11] "GET / HTTP/1.1" 200 644
Internal Server Error: /department/
Traceback (most recent call last):
  File "/www/wwwroot/review/Doctor-Review-backend/backend/1c67665285fb6a7d761414e12578e574_venv/lib/python3.9/site-packages/django/core/handlers/exception.py", line 47, in inner
    response = get_response(request)
  File "/www/wwwroot/review/Doctor-Review-backend/backend/1c67665285fb6a7d761414e12578e574_venv/lib/python3.9/site-packages/django/core/handlers/base.py", line 181, in _get_response
    response = wrapped_callback(request, *callback_args, **callback_kwargs)
  File "/www/wwwroot/review/Doctor-Review-backend/backend/1c67665285fb6a7d761414e12578e574_venv/lib/python3.9/site-packages/django/views/decorators/csrf.py", line 54, in wrapped_view
    return view_func(*args, **kwargs)
  File "/www/wwwroot/review/Doctor-Review-backend/backend/backend/views.py", line 70, in get_department
    desp = dep_set[0].description
  File "/www/wwwroot/review/Doctor-Review-backend/backend/1c67665285fb6a7d761414e12578e574_venv/lib/python3.9/site-packages/django/db/models/query.py", line 318, in __getitem__
    return qs._result_cache[0]
IndexError: list index out of range
[11/Jun/2022 10:28:54] "GET /department/ HTTP/1.1" 500 66080
[11/Jun/2022 10:42:17] "GET / HTTP/1.1" 200 644
Not Found: /favicon.ico
[11/Jun/2022 10:42:18] "GET /favicon.ico HTTP/1.1" 404 2900
[11/Jun/2022 10:42:23] code 400, message Bad request syntax ('\x03\x8bqÂ¤b\x00\x00\x00\x00\x00\x00\x00\x00\x00\x00\x00\x00\x00\x00\x00\x00\x00\x00\x00\x00\x00\x00\x00\x00\x00\x00\x00\x00\x00\x00\x00\x00\x00\x00\x00\x00\x00\x00\x00\x00\x00\x00\x00\x00\x00\x00\x00\x00\x00\x00\x00\x00\x00\x00\x00\x00\x00\x00\x00\x00\x00\x00\x00\x00\x00\x00\x00\x00\x00\x00\x00\x00\x00\x00\x00\x00\x00\x00\x00\x00\x00\x00\x00\x00\x00\x00\x00\x00\x00\x00\x00\x00\x00\x00\x00\x00\x00\x00\x00\x00\x00\x00\x00\x00\x00\x00\x00\x00\x00\x00\x00\x00\x00\x00\x00\x00\x00\x00\x00\x00\x00\x00\x00\x00\x00\x00\x00\x00\x00\x00\x00\x00\x00\x00\x00\x00\x00\x00\x00\x00\x00\x00\x00\x00\x00\x00\x00\x00\x00\x00\x00\x00\x00\x00\x00\x00\x00\x00\x00\x00\x00\x00\x00\x00\x00\x00\x00\x00\x00\x00\x00\x00\x00\x00\x00\x00\x00\x00\x00\x00\x00\x00\x00\x00\x00\x00\x00\x00\x00\x00\x00\x00\x00\x00\x00\x00\x00\x00\x00\x00\x00\x00\x00\x00\x00\x00\x00\x00\x00\x00\x00\x00\x00\x00\x00\x00\x00\x00\x00\x00\x00\x00\x00\x00\x00\x00\x00\x00\x00\x00\x00\x00\x00\x00\x00\x00\x00\x00\x00\x00\x00\x00\x00\x00\x00\x00\x00\x00\x00\x00\x00\x00\x00\x00\x00\x00\x00\x00\x00\x00\x00\x00\x00\x00\x00\x00\x00\x00\x00\x00\x00\x00\x00\x00\x00\x00\x00\x00\x00\x00\x00\x00\x00\x00\x00\x00\x00\x00\x00\x00\x00\x00\x00\x00\x00\x00\x00\x00\x00\x00\x00\x00\x00\x00\x00\x00\x00\x00\x00\x00\x00\x00\x00\x00\x00\x00\x00\x00\x00\x00\x00\x00\x00\x00\x00\x00\x00\x00\x00\x00\x00\x00\x00\x00\x00\x00\x00\x00\x00\x00\x00\x00\x00\x00\x00\x00\x00\x00\x00\x00\x00\x00\x00\x00\x00\x00\x00\x00\x00\x00\x00\x00\x00\x00\x00\x00\x00\x00\x00\x00\x00\x00\x00\x00\x00\x00\x00\x00\x00\x00\x00\x00\x00\x00\x00\x00\x00\x00\x00\x00\x00\x00\x00\x00\x00\x00\x00\x00\x00\x00\x00\x00\x00\x00\x00\x00\x00\x00\x00\x00\x00\x00\x00\x00\x00\x00\x00\x00\x00\x00\x00\x00\x00\x00\x00\x00\x00\x00\x00\x00\x00\x00\x00\x00\x00\x00\x00\x00\x00\x00\x00\x00\x00\x00\x00\x00\x00\x00\x00\x00\x00\x00\x00\x00\x00\x00\x00\x00\x00\x00\x00\x00\x00\x00\x00\x00\x00\x00\x00\x00\x00\x00\x00\x00\x00\x00\x00\x00\x00\x00\x00\x00\x00\x00\x00\x00\x00\x00\x00\x00\x00\x00\x00\x00\x00\x00\x00\x00\x00\x00\x00\x00\x00\x00\x00\x00\x00\x00\x00\x00\x00\x00\x00\x00\x00\x00\x00\x00\x00\x00\x00\x00\x00\x00\x00\x00\x00\x00\x00\x00\x00\x00\x00\x00\x00\x00\x00\x00\x00\x00\x00\x00\x00\x00\x00\x00\x00\x00\x00\x00\x00\x00\x00\x00\x00\x00\x00\x00\x00\x00\x00\x00\x00\x00\x00\x00\x00\x00\x00\x00\x00\x00\x00\x00\x00\x00\x00\x00\x00\x00\x00\x00\x00\x00\x00\x00\x00\x00\x00\x00\x00\x00\x00\x00\x00\x00\x00\x00\x00\x00\x00\x00\x00\x00\x00\x00\x00\x00\x00\x00\x00\x00\x00\x00\x00\x00\x00\x00\x00\x00\x00\x00\x00\x00\x00\x00\x00\x00\x00\x00\x00\x00\x00\x00\x00\x00\x00\x00\x00\x00\x00\x00\x00\x00\x00\x00\x00\x00\x00\x00\x00\x00\x00\x00\x00\x00\x00\x00\x00\x00\x00\x00\x00\x00\x00\x00\x00\x00\x00\x00\x00\x00\x00\x00\x00\x00\x00\x00\x00\x00\x00\x00\x00\x00\x00\x00\x00\x00\x00\x00\x00\x00\x00\x00\x00\x00\x00\x00\x00\x00\x00\x00\x00\x00\x00\x00\x00\x00\x00\x00\x00\x00\x00\x00\x00\x00\x00\x00\x00\x00\x00\x00\x00\x00\x00\x00\x00\x00\x00\x00\x00\x00\x00\x00\x00\x00\x00\x00\x00\x00\x00\x00\x00\x00\x00\x00\x00\x00\x00\x00\x00\x00\x00\x00\x00\x00\x00\x00\x00\x00\x00\x00\x00\x00\x00\x00\x00\x00\x00\x00\x00\x00\x00\x00\x00\x00\x00\x00\x00\x00\x00\x00\x00\x00\x00\x00\x00\x00\x00\x00\x00\x00\x00\x00\x00\x00\x00\x00\x00\x00\x00\x00\x00\x00\x00\x00\x00\x00\x00\x00\x00\x00\x00\x00\x00\x00\x00\x00\x00\x00\x00\x00\x00\x00\x00\x00\x00\x00\x00\x00\x00\x00\x00\x00\x00\x00\x00\x00\x00\x00\x00\x00\x00\x00\x00\x00\x00\x00\x00\x00\x00\x00\x00\x00\x00\x00\x00\x00\x00\x00\x00\x00\x00\x00\x00\x00\x00\x00\x00\x00\x00\x00\x00\x00\x00\x00\x00\x00\x00\x00\x00\x00\x00\x00\x00\x00\x00\x00\x00\x00\x00\x00\x00\x00\x00\x00\x00\x00\x00\x00\x00\x00\x00\x00\x00\x00\x00\x00\x00\x00\x00\x00\x00\x00\x00\x00\x00\x00\x00\x00\x00\x00\x00\x00\x00\x00\x00\x00\x00\x00\x00\x00\x00\x00\x00\x00\x00\x00\x00\x00\x00\x00\x00\x00\x00\x00\x00\x00\x00\x00\x00\x00\x00\x00\x00\x00\x00\x00\x00\x00\x00\x00\x00\x00\x00\x00\x00\x00\x00\x00\x00\x00\x00\x00\x00\x00\x00\x00\x00\x00\x00\x00\x00\x00\x00\x00\x00\x00\x00\x00\x00\x00\x00\x00\x00\x00\x00\x00\x00\x00\x00\x00\x00\x00\x00\x00\x00\x00\x00\x00\x00\x00\x00\x00\x00\x00\x00\x00\x00\x00\x00\x00\x00\x00\x00\x00\x00\x00\x00\x00\x00\x00\x00\x00\x00\x00\x00\x00\x00\x00\x00\x00\x00\x00\x00\x00\x00\x00\x00\x00\x00\x00\x00\x00\x00\x00\x00\x00\x00\x00\x00\x00\x00\x00\x00\x00\x00\x00\x00\x00\x00\x00\x00\x00\x00\x00\x00\x00\x00\x00\x00\x00\x00\x00\x00\x00\x00\x00\x00\x00\x00\x00\x00\x00\x00\x00\x00\x00\x00\x00\x00\x00\x00\x00\x00\x00\x00\x00\x00\x00\x00\x00\x00\x00\x00\x00\x00\x00\x00\x00\x00\x00\x00\x00\x00\x00\x00\x00\x00\x00\x00\x00\x00\x00\x00\x00\x00\x00\x00\x00\x00\x00\x00\x00\x00\x00\x00\x00\x00\x00\x00\x00\x00\x00\x00\x00\x00\x00\x00\x00\x00\x00\x00\x00\x00\x00\x00\x00\x00\x00\x00\x00\x00\x00\x00\x00\x00\x00\x00\x00\x00\x00\x00\x00\x00\x00\x00\x00\x00\x00\x00\x00\x00\x00\x00\x00\x00\x00\x00\x00\x00\x00\x00\x00\x00\x00\x00\x00\x00\x00\x00\x00\x00\x00\x00\x00\x00\x00\x00\x00\x00\x00\x00\x00\x00\x00\x00\x00\x00\x00\x00\x00\x00\x00\x00\x00\x00\x00\x00\x00\x00\x00\x00\x00\x00\x00\x00\x00\x00\x00\x00\x00\x00\x00\x00\x00\x00\x00\x00\x00\x00\x00\x00\x00\x00\x00\x00\x00\x00\x00\x00\x00\x00\x00\x00\x00\x00\x00\x00\x00\x00\x00\x00\x00\x00\x00\x00\x00\x00\x00\x00\x00\x00\x00\x00\x00\x00\x00\x00\x00\x00\x00\x00\x00\x00\x00\x00\x00\x00\x00\x00\x00\x00\x00\x00\x00\x00\x00\x00\x00\x00\x00\x00\x00\x00\x00\x00\x00\x00\x00\x00\x00\x00\x00\x00\x00\x00\x00\x00\x00\x00\x00\x00\x00\x00\x00\x00\x00\x00\x00\x00\x00\x00\x00\x00\x00\x00\x00\x00\x00\x00\x00\x00\x00\x00\x00\x00\x00\x00\x00\x00\x00\x00\x00\x00\x00\x00\x00\x00\x00\x00\x00\x00\x00\x00\x00\x00\x00\x00\x00\x00\x00\x00\x00\x00\x00\x00\x00\x00\x00\x00\x00\x00\x00\x00\x00\x00\x00\x00\x00\x00\x00\x00\x00\x00\x00\x00\x00\x00\x00\x00\x00\x00\x00\x00\x00\x00\x00\x00\x00\x00\x00\x00\x00\x00\x00\x00\x00\x00\x00\x00\x00\x00\x00\x00\x00\x00\x00\x00\x00\x00\x00\x00\x00\x00\x00\x00\x00\x00\x00\x00\x00\x00\x00\x00\x00\x00\x00\x00\x00\x00\x00\x00\x00\x00\x00\x00\x00\x00\x00\x00\x00\x00\x00\x00\x00\x00\x00\x00\x00\x00\x00\x00\x00\x00\x00\x00\x00\x00\x00\x00\x00\x00\x00\x00\x00\x00\x00\x00\x00\x00\x00\x00\x00\x00\x00\x00\x00\x00\x00\x00\x00\x00\x00\x00\x00\x00\x00\x00\x00\x00\x00')
[11/Jun/2022 10:42:23] "Â‹qÂ¤b                                                                                                                                                                                                                                                                                                                                                                                                                                                                                                                                                                                                                                                                                                                                                                                                                                                                                                                                                                                                                                                                                                                                                                                                                                                                                                                                                                                                                                                                                                                                                                                            " 400 -
[11/Jun/2022 10:42:53] "GET / HTTP/1.1" 200 644
[11/Jun/2022 16:12:28] code 400, message Bad HTTP/0.9 request type ('\x03\x00\x00/*Ã \x00\x00\x00\x00\x00Cookie:')
[11/Jun/2022 16:12:28] "  /*Ã      Cookie: mstshash=Administr" 400 -
[11/Jun/2022 16:39:48] code 400, message Bad request syntax ('\x03\x00\x00\x13\x0eÃ \x00\x00\x00\x00\x00\x01\x00\x08\x00\x02\x00\x00\x00')
[11/Jun/2022 16:39:48] "  Ã           " 400 -
Not Found: /http:/passport.baidu.com/
[11/Jun/2022 16:48:57] "GET http://passport.baidu.com/ HTTP/1.1" 404 1829
[11/Jun/2022 16:49:18] code 400, message Bad request syntax ('\x05\x01\x00')
[11/Jun/2022 16:49:18] " " 400 -
[11/Jun/2022 16:49:26] code 400, message Bad request syntax ('\x04\x01\x00Pg)Â§Ãª\x00')
[11/Jun/2022 16:49:26] " Pg)Â§Ãª " 400 -
[11/Jun/2022 16:49:30] code 400, message Bad request syntax ('\x05\x03\x00\x01\x02')
[11/Jun/2022 16:49:30] " " 400 -
[11/Jun/2022 20:33:15] code 400, message Bad request version ('Ã€\x13Ã€')
[11/Jun/2022 20:33:15] You're accessing the development server over HTTPS, but it only supports HTTP.

[11/Jun/2022 20:33:25] "GET / HTTP/1.1" 200 644
[11/Jun/2022 20:33:26,657] - Broken pipe from ('111.7.96.148', 58334)

[11/Jun/2022 20:34:06] "GET / HTTP/1.1" 200 644
[11/Jun/2022 20:34:06] "GET / HTTP/1.1" 200 644
[11/Jun/2022 20:34:06] "GET /static/js/main.8c258a47.js HTTP/1.1" 200 930947
Not Found: /favicon.ico
[11/Jun/2022 20:34:10] "GET /favicon.ico HTTP/1.1" 404 2900
[11/Jun/2022 20:34:10,531] - Broken pipe from ('211.95.50.8', 12285)

Not Found: /http:/passport.baidu.com/
[11/Jun/2022 22:31:01] "GET http://passport.baidu.com/ HTTP/1.1" 404 1829
[11/Jun/2022 22:31:09] code 400, message Bad request syntax ('\x05\x01\x00')
[11/Jun/2022 22:31:09] " " 400 -
[11/Jun/2022 22:31:20] code 400, message Bad request syntax ('\x04\x01\x00Pg)Â§Ãª\x00')
[11/Jun/2022 22:31:20] " Pg)Â§Ãª " 400 -
[11/Jun/2022 22:31:23] code 400, message Bad request syntax ('\x05\x03\x00\x01\x02')
[11/Jun/2022 22:31:23] " " 400 -
[11/Jun/2022 23:28:35] code 400, message Bad request syntax ('\x04\x01\x00Pg)Â§Ãª\x00')
[11/Jun/2022 23:28:35] " Pg)Â§Ãª " 400 -
[11/Jun/2022 23:28:53] code 400, message Bad request syntax ('\x05\x01\x00')
[11/Jun/2022 23:28:53] " " 400 -
Not Found: /http:/passport.baidu.com/
[11/Jun/2022 23:29:00] "GET http://passport.baidu.com/ HTTP/1.1" 404 1829
[12/Jun/2022 02:22:32] code 400, message Bad request syntax ('\x03\x00\x00\x13\x0eÃ \x00\x00\x00\x00\x00\x01\x00\x08\x00\x02\x00\x00\x00')
[12/Jun/2022 02:22:32] "  Ã           " 400 -
[12/Jun/2022 04:11:11] "GET / HTTP/1.1" 200 644
[12/Jun/2022 04:11:11] "GET /static/css/main.9fc8d8b4.css HTTP/1.1" 200 558211
[12/Jun/2022 04:11:12] "GET /static/js/main.8c258a47.js HTTP/1.1" 200 930947
Not Found: /favicon.ico
[12/Jun/2022 04:11:13] "GET /favicon.ico HTTP/1.1" 404 2900
[12/Jun/2022 04:36:27] "GET / HTTP/1.1" 200 644
[12/Jun/2022 04:37:06] "GET / HTTP/1.1" 200 644
[12/Jun/2022 04:37:09] "GET /static/css/main.9fc8d8b4.css.map HTTP/1.1" 200 1529779
[12/Jun/2022 04:37:12] "GET /static/js/main.8c258a47.js.map HTTP/1.1" 200 3660857
[12/Jun/2022 05:18:08] code 400, message Bad HTTP/0.9 request type ('\x03\x00\x00/*Ã \x00\x00\x00\x00\x00Cookie:')
[12/Jun/2022 05:18:08] "  /*Ã      Cookie: mstshash=Administr" 400 -
[12/Jun/2022 06:11:50] "GET / HTTP/1.1" 200 644
[12/Jun/2022 06:11:51] "GET /static/js/main.8c258a47.js HTTP/1.1" 200 930947
[12/Jun/2022 06:11:51] "GET /static/css/main.9fc8d8b4.css HTTP/1.1" 200 558211
Not Found: /favicon.ico
[12/Jun/2022 06:11:52] "GET /favicon.ico HTTP/1.1" 404 2900
[12/Jun/2022 06:11:56] "GET / HTTP/1.1" 200 644
[12/Jun/2022 07:34:36] "GET / HTTP/1.1" 200 644
Not Found: /favicon.ico
[12/Jun/2022 07:34:37] "GET /favicon.ico HTTP/1.1" 404 2900
[{'doctorName': 'è®¸ä»°å¤©', 'position': 'ä¸»ä»»åŒ»å¸ˆ', 'doctorDescription': 'è®¸ä»°å¤©å·±ä»»èŒå¤šå¹´ï¼Œæœ‰ç€ä¸°å¯Œçš„ç»éªŒï¼Œæ›¾å¤šæ¬¡èŽ·å¾—å›½å†…å¤–å¤šé¡¹å¥–é¡¹ï¼Œå¹¿å—æ‚£è€…å¥½è¯„'}, {'doctorName': 'äºŽä¸°å…‰', 'position': 'ä¸»æ²»åŒ»å¸ˆ', 'doctorDescription': 'äºŽä¸°å…‰å·±ä»»èŒå¤šå¹´ï¼Œæœ‰ç€ä¸°å¯Œçš„ç»éªŒï¼Œæ›¾å¤šæ¬¡èŽ·å¾—å›½å†…å¤–å¤šé¡¹å¥–é¡¹ï¼Œå¹¿å—æ‚£è€…å¥½è¯„'}, {'doctorName': 'åœä¿žç­ ', 'position': 'å‰¯ä¸»ä»»åŒ»å¸ˆ', 'doctorDescription': 'åœä¿žç­ å·±ä»»èŒå¤šå¹´ï¼Œæœ‰ç€ä¸°å¯Œçš„ç»éªŒï¼Œæ›¾å¤šæ¬¡èŽ·å¾—å›½å†…å¤–å¤šé¡¹å¥–é¡¹ï¼Œå¹¿å—æ‚£è€…å¥½è¯„'}]
doctor_id1
doctor_id1
<QueryDict: {'name': ['ç²¾ç¥žå¿ƒç†ç§‘']}>
ç²¾ç¥žå¿ƒç†ç§‘
1
['']
{'description': ['']}
[{'doctorName': 'æ ¢æ–‡ç§‹', 'position': 'åŒ»å£«', 'doctorDescription': 'æ ¢æ–‡ç§‹å·±ä»»èŒå¤šå¹´ï¼Œæœ‰ç€ä¸°å¯Œçš„ç»éªŒï¼Œæ›¾å¤šæ¬¡èŽ·å¾—å›½å†…å¤–å¤šé¡¹å¥–é¡¹ï¼Œå¹¿å—æ‚£è€…å¥½è¯„'}, {'doctorName': 'ä¼ä¾‘æ–‡', 'position': 'å‰¯ä¸»ä»»åŒ»å¸ˆ', 'doctorDescription': 'ä¼ä¾‘æ–‡å·±ä»»èŒå¤šå¹´ï¼Œæœ‰ç€ä¸°å¯Œçš„ç»éªŒï¼Œæ›¾å¤šæ¬¡èŽ·å¾—å›½å†…å¤–å¤šé¡¹å¥–é¡¹ï¼Œå¹¿å—æ‚£è€…å¥½è¯„'}, {'doctorName': 'åº·é›ªèŽ²', 'position': 'ä¸»æ²»åŒ»å¸ˆ', 'doctorDescription': 'åº·é›ªèŽ²å·±ä»»èŒå¤šå¹´ï¼Œæœ‰ç€ä¸°å¯Œçš„ç»éªŒï¼Œæ›¾å¤šæ¬¡èŽ·å¾—å›½å†…å¤–å¤šé¡¹å¥–é¡¹ï¼Œå¹¿å—æ‚£è€…å¥½è¯„'}, {'doctorName': 'é»„å¦¤ç‘œ', 'position': 'ä¸»ä»»åŒ»å¸ˆ', 'doctorDescription': 'é»„å¦¤ç‘œå·±ä»»èŒå¤šå¹´ï¼Œæœ‰ç€ä¸°å¯Œçš„ç»éªŒï¼Œæ›¾å¤šæ¬¡èŽ·å¾—å›½å†…å¤–å¤šé¡¹å¥–é¡¹ï¼Œå¹¿å—æ‚£è€…å¥½è¯„'}]
<QueryDict: {'name': ['éª¨ç§‘']}>
éª¨ç§‘
1
['éª¨ç§‘ä¸­å¿ƒåè½äºŽä¸­åŠå±±å˜‰è¯ºæ’’åŒ»é™¢ï¼Œç”±é‚±æ˜Žæ‰æ•™æŽˆäºŽ1980å¹´æˆç«‹ã€‚æœ¬ä¸­å¿ƒæä¾›å…¨é¢éª¨ç§‘æœåŠ¡ï¼Œç”±æ€¥ç—‡ä»¥è‡³é¢„çº¦è¯Šç—‡ã€‚æˆ‘ä»¬çš„æ„¿æ™¯æ˜¯ä¸ºå¤§ä¼—æä¾›å…¨é¢åŠé«˜è´¨ç´ éª¨ç§‘æ²»ç–—ã€‚éª¨ç§‘æ˜¯ç‹¬ç«‹æˆç§‘çš„åŒ»å­¦ä¸“ä¸šï¼Œå½“ä¸­åŒ…æ‹¬åˆ›ä¼¤ã€è¿åŠ¨åŒ»å­¦ã€å…³èŠ‚ç½®æ¢ã€è„Šæ¤Žå¤–ç§‘ã€æ‰‹å¤–ç§‘ã€è¶³è¸å¤–ç§‘ã€å°å„¿éª¨ç§‘ã€è‚¿ç˜¤éª¨ç§‘ã€å¤åº·ç§‘ã€‚éª¨ç§‘ä¸­å¿ƒçš„éª¨ç§‘ä¸“ç§‘åŒ»ç”Ÿæä¾›å…¨é¢æ²»ç–—ä¸ºç—…äººä½œå‡ºé€‚å½“çš„è¯Šæ²»ã€‚']
{'description': ['éª¨ç§‘ä¸­å¿ƒåè½äºŽä¸­åŠå±±å˜‰è¯ºæ’’åŒ»é™¢ï¼Œç”±é‚±æ˜Žæ‰æ•™æŽˆäºŽ1980å¹´æˆç«‹ã€‚æœ¬ä¸­å¿ƒæä¾›å…¨é¢éª¨ç§‘æœåŠ¡ï¼Œç”±æ€¥ç—‡ä»¥è‡³é¢„çº¦è¯Šç—‡ã€‚æˆ‘ä»¬çš„æ„¿æ™¯æ˜¯ä¸ºå¤§ä¼—æä¾›å…¨é¢åŠé«˜è´¨ç´ éª¨ç§‘æ²»ç–—ã€‚éª¨ç§‘æ˜¯ç‹¬ç«‹æˆç§‘çš„åŒ»å­¦ä¸“ä¸šï¼Œå½“ä¸­åŒ…æ‹¬åˆ›ä¼¤ã€è¿åŠ¨åŒ»å­¦ã€å…³èŠ‚ç½®æ¢ã€è„Šæ¤Žå¤–ç§‘ã€æ‰‹å¤–ç§‘ã€è¶³è¸å¤–ç§‘ã€å°å„¿éª¨ç§‘ã€è‚¿ç˜¤éª¨ç§‘ã€å¤åº·ç§‘ã€‚éª¨ç§‘ä¸­å¿ƒçš„éª¨ç§‘ä¸“ç§‘åŒ»ç”Ÿæä¾›å…¨é¢æ²»ç–—ä¸ºç—…äººä½œå‡ºé€‚å½“çš„è¯Šæ²»ã€‚']}
[{'doctorName': 'è‘›å‰æœˆ', 'position': 'åŒ»å¸ˆ', 'doctorDescription': 'è‘›å‰æœˆå·±ä»»èŒå¤šå¹´ï¼Œæœ‰ç€ä¸°å¯Œçš„ç»éªŒï¼Œæ›¾å¤šæ¬¡èŽ·å¾—å›½å†…å¤–å¤šé¡¹å¥–é¡¹ï¼Œå¹¿å—æ‚£è€…å¥½è¯„'}, {'doctorName': 'ç§¦è±ªäº¨', 'position': 'åŒ»å¸ˆ', 'doctorDescription': 'ç§¦è±ªäº¨å·±ä»»èŒå¤šå¹´ï¼Œæœ‰ç€ä¸°å¯Œçš„ç»éªŒï¼Œæ›¾å¤šæ¬¡èŽ·å¾—å›½å†…å¤–å¤šé¡¹å¥–é¡¹ï¼Œå¹¿å—æ‚£è€…å¥½è¯„'}, {'doctorName': 'å­™ä¸Šæ€¡', 'position': 'ä¸»æ²»åŒ»å¸ˆ', 'doctorDescription': 'å­™ä¸Šæ€¡å·±ä»»èŒå¤šå¹´ï¼Œæœ‰ç€ä¸°å¯Œçš„ç»éªŒï¼Œæ›¾å¤šæ¬¡èŽ·å¾—å›½å†…å¤–å¤šé¡¹å¥–é¡¹ï¼Œå¹¿å—æ‚£è€…å¥½è¯„'}]
<QueryDict: {'name': ['è€³é¼»å’½å–‰ç§‘']}>
è€³é¼»å’½å–‰ç§‘
1
['']
{'description': ['']}
[{'doctorName': 'å­Ÿä½æ±Ÿ', 'position': 'åŒ»å£«', 'doctorDescription': 'å­Ÿä½æ±Ÿå·±ä»»èŒå¤šå¹´ï¼Œæœ‰ç€ä¸°å¯Œçš„ç»éªŒï¼Œæ›¾å¤šæ¬¡èŽ·å¾—å›½å†…å¤–å¤šé¡¹å¥–é¡¹ï¼Œå¹¿å—æ‚£è€…å¥½è¯„'}, {'doctorName': 'åžé‚¦æ˜†', 'position': 'å‰¯ä¸»ä»»åŒ»å¸ˆ', 'doctorDescription': 'åžé‚¦æ˜†å·±ä»»èŒå¤šå¹´ï¼Œæœ‰ç€ä¸°å¯Œçš„ç»éªŒï¼Œæ›¾å¤šæ¬¡èŽ·å¾—å›½å†…å¤–å¤šé¡¹å¥–é¡¹ï¼Œå¹¿å—æ‚£è€…å¥½è¯„'}]
<QueryDict: {'name': ['å¦‡ç§‘']}>
å¦‡ç§‘
1
['å¦‡äº§ç§‘å§‹åˆ›äºŽ1964å¹´ï¼ŒçŽ°ä»Šæœ¬éƒ¨é—¨è¾–ä¸‹æœ‰ç—…åºŠ126å¼ åŠè¶…è¿‡250åçƒ­è¯šçš„å‘˜å·¥ã€‚æœ¬éƒ¨é—¨äºŽ2016å¹´5æœˆé€šè¿‡è®¤è¯æˆä¸ºå…¨æ¸¯é¦–é—´â€œçˆ±å©´åŒ»é™¢â€']
{'description': ['å¦‡äº§ç§‘å§‹åˆ›äºŽ1964å¹´ï¼ŒçŽ°ä»Šæœ¬éƒ¨é—¨è¾–ä¸‹æœ‰ç—…åºŠ126å¼ åŠè¶…è¿‡250åçƒ­è¯šçš„å‘˜å·¥ã€‚æœ¬éƒ¨é—¨äºŽ2016å¹´5æœˆé€šè¿‡è®¤è¯æˆä¸ºå…¨æ¸¯é¦–é—´â€œçˆ±å©´åŒ»é™¢â€']}
[{'doctorName': 'äº‘äº­æ­', 'position': 'åŒ»å¸ˆ', 'doctorDescription': 'äº‘äº­æ­å·±ä»»èŒå¤šå¹´ï¼Œæœ‰ç€ä¸°å¯Œçš„ç»éªŒï¼Œæ›¾å¤šæ¬¡èŽ·å¾—å›½å†…å¤–å¤šé¡¹å¥–é¡¹ï¼Œå¹¿å—æ‚£è€…å¥½è¯„'}, {'doctorName': 'éƒ‘é›ªèŽ²', 'position': 'ä¸»ä»»åŒ»å¸ˆ', 'doctorDescription': 'éƒ‘é›ªèŽ²å·±ä»»èŒå¤šå¹´ï¼Œæœ‰ç€ä¸°å¯Œçš„ç»éªŒï¼Œæ›¾å¤šæ¬¡èŽ·å¾—å›½å†…å¤–å¤šé¡¹å¥–é¡¹ï¼Œå¹¿å—æ‚£è€…å¥½è¯„'}]
<QueryDict: {'name': ['å‘¼å¸å†…ç§‘']}>
å‘¼å¸å†…ç§‘
1
['']
{'description': ['']}
[{'doctorName': 'å§œæ²»ç¦¾', 'position': 'åŒ»å¸ˆ', 'doctorDescription': 'å§œæ²»ç¦¾å·±ä»»èŒå¤šå¹´ï¼Œæœ‰ç€ä¸°å¯Œçš„ç»éªŒï¼Œæ›¾å¤šæ¬¡èŽ·å¾—å›½å†…å¤–å¤šé¡¹å¥–é¡¹ï¼Œå¹¿å—æ‚£è€…å¥½è¯„'}, {'doctorName': 'ä¸¥å¨ä¿¡', 'position': 'ä¸»ä»»åŒ»å¸ˆ', 'doctorDescription': 'ä¸¥å¨ä¿¡å·±ä»»èŒå¤šå¹´ï¼Œæœ‰ç€ä¸°å¯Œçš„ç»éªŒï¼Œæ›¾å¤šæ¬¡èŽ·å¾—å›½å†…å¤–å¤šé¡¹å¥–é¡¹ï¼Œå¹¿å—æ‚£è€…å¥½è¯„'}, {'doctorName': 'ç½—å­œå¸†', 'position': 'å‰¯ä¸»ä»»åŒ»å¸ˆ', 'doctorDescription': 'ç½—å­œå¸†å·±ä»»èŒå¤šå¹´ï¼Œæœ‰ç€ä¸°å¯Œçš„ç»éªŒï¼Œæ›¾å¤šæ¬¡èŽ·å¾—å›½å†…å¤–å¤šé¡¹å¥–é¡¹ï¼Œå¹¿å—æ‚£è€…å¥½è¯„'}, {'doctorName': 'é¡¾çˆ±è´¢', 'position': 'ä¸»æ²»åŒ»å¸ˆ', 'doctorDescription': 'é¡¾çˆ±è´¢å·±ä»»èŒå¤šå¹´ï¼Œæœ‰ç€ä¸°å¯Œçš„ç»éªŒï¼Œæ›¾å¤šæ¬¡èŽ·å¾—å›½å†…å¤–å¤šé¡¹å¥–é¡¹ï¼Œå¹¿å—æ‚£è€…å¥½è¯„'}, {'doctorName': 'å§œæœˆçŽŸ', 'position': 'ä¸»ä»»åŒ»å¸ˆ', 'doctorDescription': 'å§œæœˆçŽŸå·±ä»»èŒå¤šå¹´ï¼Œæœ‰ç€ä¸°å¯Œçš„ç»éªŒï¼Œæ›¾å¤šæ¬¡èŽ·å¾—å›½å†…å¤–å¤šé¡¹å¥–é¡¹ï¼Œå¹¿å—æ‚£è€…å¥½è¯„'}, {'doctorName': 'å­”å­è¯š', 'position': 'ä¸»ä»»åŒ»å¸ˆ', 'doctorDescription': 'å­”å­è¯šå·±ä»»èŒå¤šå¹´ï¼Œæœ‰ç€ä¸°å¯Œçš„ç»éªŒï¼Œæ›¾å¤šæ¬¡èŽ·å¾—å›½å†…å¤–å¤šé¡¹å¥–é¡¹ï¼Œå¹¿å—æ‚£è€…å¥½è¯„'}]
<QueryDict: {'name': ['å£è…”ç§‘']}>
å£è…”ç§‘
1
['æœ¬é™¢å£è…”å¤–ç§‘æ‰§è¡Œä¸šåŠ¡èŒƒå›´ä»Žè½¯ç»„ç»‡åˆ°ç¡¬ç»„ç»‡æœ‰è®¸å¤šä¸åŒè¯Šæ²»é¡¹ç›®ã€‚ è¯Šæ²»é¡¹ç›®æœ‰ä¸€èˆ¬åŠå›°éš¾æ‹”ç‰™ã€é˜»ç”Ÿç‰™ä¸Žå¤šç”Ÿç‰™æ‰‹æœ¯ã€æ¤ç‰™æ‰‹æœ¯ã€å…¶ä»–ä¹‹ç‰™é½¿ä¸Žé½¿æ§½éª¨æ‰‹æœ¯ã€å‡ç‰™å‡†å¤‡å‰æ‰‹æœ¯ã€é¢šé¢œé¢å¤–ä¼¤ã€å¤´é¢ˆéƒ¨æ„ŸæŸ“ã€è‰¯æ€§è‚¿ç˜¤ã€å›Šè‚¿ã€å£è…”é»è†œç—…å˜ã€å”¾æ¶²è…ºç–¾ç—…ç­‰ã€‚']
{'description': ['æœ¬é™¢å£è…”å¤–ç§‘æ‰§è¡Œä¸šåŠ¡èŒƒå›´ä»Žè½¯ç»„ç»‡åˆ°ç¡¬ç»„ç»‡æœ‰è®¸å¤šä¸åŒè¯Šæ²»é¡¹ç›®ã€‚ è¯Šæ²»é¡¹ç›®æœ‰ä¸€èˆ¬åŠå›°éš¾æ‹”ç‰™ã€é˜»ç”Ÿç‰™ä¸Žå¤šç”Ÿç‰™æ‰‹æœ¯ã€æ¤ç‰™æ‰‹æœ¯ã€å…¶ä»–ä¹‹ç‰™é½¿ä¸Žé½¿æ§½éª¨æ‰‹æœ¯ã€å‡ç‰™å‡†å¤‡å‰æ‰‹æœ¯ã€é¢šé¢œé¢å¤–ä¼¤ã€å¤´é¢ˆéƒ¨æ„ŸæŸ“ã€è‰¯æ€§è‚¿ç˜¤ã€å›Šè‚¿ã€å£è…”é»è†œç—…å˜ã€å”¾æ¶²è…ºç–¾ç—…ç­‰ã€‚']}
[{'doctorName': 'å‘¨è‹±ä¹‰', 'position': 'åŒ»å¸ˆ', 'doctorDescription': 'å‘¨è‹±ä¹‰å·±ä»»èŒå¤šå¹´ï¼Œæœ‰ç€ä¸°å¯Œçš„ç»éªŒï¼Œæ›¾å¤šæ¬¡èŽ·å¾—å›½å†…å¤–å¤šé¡¹å¥–é¡¹ï¼Œå¹¿å—æ‚£è€…å¥½è¯„'}, {'doctorName': 'éŸ¦é‘«ä½©', 'position': 'å‰¯ä¸»ä»»åŒ»å¸ˆ', 'doctorDescription': 'éŸ¦é‘«ä½©å·±ä»»èŒå¤šå¹´ï¼Œæœ‰ç€ä¸°å¯Œçš„ç»éªŒï¼Œæ›¾å¤šæ¬¡èŽ·å¾—å›½å†…å¤–å¤šé¡¹å¥–é¡¹ï¼Œå¹¿å—æ‚£è€…å¥½è¯„'}]
<QueryDict: {'name': ['æ„ŸæŸ“ç§‘ ä¼ æŸ“ç§‘']}>
æ„ŸæŸ“ç§‘ ä¼ æŸ“ç§‘
1
['']
{'description': ['']}
[{'doctorName': 'åœæ¯“æ˜Ž', 'position': 'ä¸»ä»»åŒ»å¸ˆ', 'doctorDescription': 'åœæ¯“æ˜Žå·±ä»»èŒå¤šå¹´ï¼Œæœ‰ç€ä¸°å¯Œçš„ç»éªŒï¼Œæ›¾å¤šæ¬¡èŽ·å¾—å›½å†…å¤–å¤šé¡¹å¥–é¡¹ï¼Œå¹¿å—æ‚£è€…å¥½è¯„'}, {'doctorName': 'ä¹äº¨åŠ­', 'position': 'ä¸»ä»»åŒ»å¸ˆ', 'doctorDescription': 'ä¹äº¨åŠ­å·±ä»»èŒå¤šå¹´ï¼Œæœ‰ç€ä¸°å¯Œçš„ç»éªŒï¼Œæ›¾å¤šæ¬¡èŽ·å¾—å›½å†…å¤–å¤šé¡¹å¥–é¡¹ï¼Œå¹¿å—æ‚£è€…å¥½è¯„'}, {'doctorName': 'äº‘éŸ¦æ©', 'position': 'åŒ»å¸ˆ', 'doctorDescription': 'äº‘éŸ¦æ©å·±ä»»èŒå¤šå¹´ï¼Œæœ‰ç€ä¸°å¯Œçš„ç»éªŒï¼Œæ›¾å¤šæ¬¡èŽ·å¾—å›½å†…å¤–å¤šé¡¹å¥–é¡¹ï¼Œå¹¿å—æ‚£è€…å¥½è¯„'}, {'doctorName': 'å¹³é¦¨ç‘œ', 'position': 'åŒ»å£«', 'doctorDescription': 'å¹³é¦¨ç‘œå·±ä»»èŒå¤šå¹´ï¼Œæœ‰ç€ä¸°å¯Œçš„ç»éªŒï¼Œæ›¾å¤šæ¬¡èŽ·å¾—å›½å†…å¤–å¤šé¡¹å¥–é¡¹ï¼Œå¹¿å—æ‚£è€…å¥½è¯„'}]
<QueryDict: {'name': ['çš®è‚¤ç§‘']}>
çš®è‚¤ç§‘
1
['æˆ‘ä»¬çš„ä¸“ä¸šçš®è‚¤ç§‘å›¢é˜Ÿè‡´åŠ›äºŽä¸ºä¸åŒå¹´é¾„äººå£«åŠå„ç§çš®è‚¤é—®é¢˜çš„æ‚£è€…æä¾›å…¨é¢çš„è¯Šæ–­å’Œæ²»ç–—ã€‚']
{'description': ['æˆ‘ä»¬çš„ä¸“ä¸šçš®è‚¤ç§‘å›¢é˜Ÿè‡´åŠ›äºŽä¸ºä¸åŒå¹´é¾„äººå£«åŠå„ç§çš®è‚¤é—®é¢˜çš„æ‚£è€…æä¾›å…¨é¢çš„è¯Šæ–­å’Œæ²»ç–—ã€‚']}
[{'doctorName': 'è¢æž—ä¿', 'position': 'åŒ»å£«', 'doctorDescription': 'è¢æž—ä¿å·±ä»»èŒå¤šå¹´ï¼Œæœ‰ç€ä¸°å¯Œçš„ç»éªŒï¼Œæ›¾å¤šæ¬¡èŽ·å¾—å›½å†…å¤–å¤šé¡¹å¥–é¡¹ï¼Œå¹¿å—æ‚£è€…å¥½è¯„'}, {'doctorName': 'äºŽå‰æœˆ', 'position': 'ä¸»æ²»åŒ»å¸ˆ', 'doctorDescription': 'äºŽå‰æœˆå·±ä»»èŒå¤šå¹´ï¼Œæœ‰ç€ä¸°å¯Œçš„ç»éªŒï¼Œæ›¾å¤šæ¬¡èŽ·å¾—å›½å†…å¤–å¤šé¡¹å¥–é¡¹ï¼Œå¹¿å—æ‚£è€…å¥½è¯„'}]
<QueryDict: {}>
None
[12/Jun/2022 07:34:47] "POST /department/ HTTP/1.1" 200 1571
[12/Jun/2022 07:34:47] "GET /static/media/doctor_1.def389160d219cbf5223.png HTTP/1.1" 200 239953
[12/Jun/2022 08:09:29] "GET / HTTP/1.1" 200 644
[12/Jun/2022 08:09:29] "GET /static/css/main.9fc8d8b4.css HTTP/1.1" 200 558211
[12/Jun/2022 08:09:30] "GET /static/js/main.8c258a47.js HTTP/1.1" 200 930947
Not Found: /favicon.ico
[12/Jun/2022 08:09:30] "GET /favicon.ico HTTP/1.1" 404 2900
[12/Jun/2022 08:09:33] "POST /department/ HTTP/1.1" 200 1067
[12/Jun/2022 08:09:33] "GET /static/media/doctor_1.def389160d219cbf5223.png HTTP/1.1" 200 239953
[12/Jun/2022 08:21:11] "GET / HTTP/1.1" 200 644
[12/Jun/2022 08:21:14] "POST /searchdoctor/ HTTP/1.1" 200 122
[12/Jun/2022 08:42:38] "GET / HTTP/1.1" 200 644
[12/Jun/2022 08:42:39] "GET /static/css/main.9fc8d8b4.css HTTP/1.1" 200 558211
[12/Jun/2022 08:42:40] "GET /static/js/main.8c258a47.js HTTP/1.1" 200 930947
Not Found: /favicon.ico
[12/Jun/2022 08:42:40] "GET /favicon.ico HTTP/1.1" 404 2900
[12/Jun/2022 08:42:50] "POST /department/ HTTP/1.1" 200 1571
[12/Jun/2022 08:42:51] "GET /static/media/doctor_1.def389160d219cbf5223.png HTTP/1.1" 200 239953
[12/Jun/2022 08:42:54] "POST /department/ HTTP/1.1" 200 1983
[12/Jun/2022 08:43:07] "POST /searchdoctor/ HTTP/1.1" 200 122
Internal Server Error: /initDoctor/
Traceback (most recent call last):
  File "/www/wwwroot/review/Doctor-Review-backend/backend/1c67665285fb6a7d761414e12578e574_venv/lib/python3.9/site-packages/django/db/models/fields/__init__.py", line 1823, in get_prep_value
    return int(value)
ValueError: invalid literal for int() with base 10: 'undefined'

The above exception was the direct cause of the following exception:

Traceback (most recent call last):
  File "/www/wwwroot/review/Doctor-Review-backend/backend/1c67665285fb6a7d761414e12578e574_venv/lib/python3.9/site-packages/django/core/handlers/exception.py", line 47, in inner
    response = get_response(request)
  File "/www/wwwroot/review/Doctor-Review-backend/backend/1c67665285fb6a7d761414e12578e574_venv/lib/python3.9/site-packages/django/core/handlers/base.py", line 181, in _get_response
    response = wrapped_callback(request, *callback_args, **callback_kwargs)
  File "/www/wwwroot/review/Doctor-Review-backend/backend/1c67665285fb6a7d761414e12578e574_venv/lib/python3.9/site-packages/django/views/decorators/csrf.py", line 54, in wrapped_view
    return view_func(*args, **kwargs)
  File "/www/wwwroot/review/Doctor-Review-backend/backend/backend/views.py", line 111, in return_doc
    doc_set = models.DoctorInfo.objects.filter(id=doc_id)
  File "/www/wwwroot/review/Doctor-Review-backend/backend/1c67665285fb6a7d761414e12578e574_venv/lib/python3.9/site-packages/django/db/models/manager.py", line 85, in manager_method
    return getattr(self.get_queryset(), name)(*args, **kwargs)
  File "/www/wwwroot/review/Doctor-Review-backend/backend/1c67665285fb6a7d761414e12578e574_venv/lib/python3.9/site-packages/django/db/models/query.py", line 941, in filter
    return self._filter_or_exclude(False, args, kwargs)
  File "/www/wwwroot/review/Doctor-Review-backend/backend/1c67665285fb6a7d761414e12578e574_venv/lib/python3.9/site-packages/django/db/models/query.py", line 961, in _filter_or_exclude
    clone._filter_or_exclude_inplace(negate, args, kwargs)
  File "/www/wwwroot/review/Doctor-Review-backend/backend/1c67665285fb6a7d761414e12578e574_venv/lib/python3.9/site-packages/django/db/models/query.py", line 968, in _filter_or_exclude_inplace
    self._query.add_q(Q(*args, **kwargs))
  File "/www/wwwroot/review/Doctor-Review-backend/backend/1c67665285fb6a7d761414e12578e574_venv/lib/python3.9/site-packages/django/db/models/sql/query.py", line 1393, in add_q
    clause, _ = self._add_q(q_object, self.used_aliases)
  File "/www/wwwroot/review/Doctor-Review-backend/backend/1c67665285fb6a7d761414e12578e574_venv/lib/python3.9/site-packages/django/db/models/sql/query.py", line 1412, in _add_q
    child_clause, needed_inner = self.build_filter(
  File "/www/wwwroot/review/Doctor-Review-backend/backend/1c67665285fb6a7d761414e12578e574_venv/lib/python3.9/site-packages/django/db/models/sql/query.py", line 1347, in build_filter
    condition = self.build_lookup(lookups, col, value)
  File "/www/wwwroot/review/Doctor-Review-backend/backend/1c67665285fb6a7d761414e12578e574_venv/lib/python3.9/site-packages/django/db/models/sql/query.py", line 1193, in build_lookup
    lookup = lookup_class(lhs, rhs)
  File "/www/wwwroot/review/Doctor-Review-backend/backend/1c67665285fb6a7d761414e12578e574_venv/lib/python3.9/site-packages/django/db/models/lookups.py", line 25, in __init__
    self.rhs = self.get_prep_lookup()
  File "/www/wwwroot/review/Doctor-Review-backend/backend/1c67665285fb6a7d761414e12578e574_venv/lib/python3.9/site-packages/django/db/models/lookups.py", line 77, in get_prep_lookup
    return self.lhs.output_field.get_prep_value(self.rhs)
  File "/www/wwwroot/review/Doctor-Review-backend/backend/1c67665285fb6a7d761414e12578e574_venv/lib/python3.9/site-packages/django/db/models/fields/__init__.py", line 1825, in get_prep_value
    raise e.__class__(
ValueError: Field 'id' expected a number but got 'undefined'.
Internal Server Error: /initComment/
Traceback (most recent call last):
  File "/www/wwwroot/review/Doctor-Review-backend/backend/1c67665285fb6a7d761414e12578e574_venv/lib/python3.9/site-packages/django/db/models/fields/__init__.py", line 1823, in get_prep_value
    return int(value)
ValueError: invalid literal for int() with base 10: 'undefined'

The above exception was the direct cause of the following exception:

Traceback (most recent call last):
  File "/www/wwwroot/review/Doctor-Review-backend/backend/1c67665285fb6a7d761414e12578e574_venv/lib/python3.9/site-packages/django/core/handlers/exception.py", line 47, in inner
    response = get_response(request)
  File "/www/wwwroot/review/Doctor-Review-backend/backend/1c67665285fb6a7d761414e12578e574_venv/lib/python3.9/site-packages/django/core/handlers/base.py", line 181, in _get_response
    response = wrapped_callback(request, *callback_args, **callback_kwargs)
  File "/www/wwwroot/review/Doctor-Review-backend/backend/1c67665285fb6a7d761414e12578e574_venv/lib/python3.9/site-packages/django/views/decorators/csrf.py", line 54, in wrapped_view
    return view_func(*args, **kwargs)
  File "/www/wwwroot/review/Doctor-Review-backend/backend/backend/views.py", line 152, in return_comment_list
    doc_set = models.DoctorInfo.objects.filter(id=doc_id)
  File "/www/wwwroot/review/Doctor-Review-backend/backend/1c67665285fb6a7d761414e12578e574_venv/lib/python3.9/site-packages/django/db/models/manager.py", line 85, in manager_method
    return getattr(self.get_queryset(), name)(*args, **kwargs)
  File "/www/wwwroot/review/Doctor-Review-backend/backend/1c67665285fb6a7d761414e12578e574_venv/lib/python3.9/site-packages/django/db/models/query.py", line 941, in filter
    return self._filter_or_exclude(False, args, kwargs)
  File "/www/wwwroot/review/Doctor-Review-backend/backend/1c67665285fb6a7d761414e12578e574_venv/lib/python3.9/site-packages/django/db/models/query.py", line 961, in _filter_or_exclude
    clone._filter_or_exclude_inplace(negate, args, kwargs)
  File "/www/wwwroot/review/Doctor-Review-backend/backend/1c67665285fb6a7d761414e12578e574_venv/lib/python3.9/site-packages/django/db/models/query.py", line 968, in _filter_or_exclude_inplace
    self._query.add_q(Q(*args, **kwargs))
  File "/www/wwwroot/review/Doctor-Review-backend/backend/1c67665285fb6a7d761414e12578e574_venv/lib/python3.9/site-packages/django/db/models/sql/query.py", line 1393, in add_q
    clause, _ = self._add_q(q_object, self.used_aliases)
  File "/www/wwwroot/review/Doctor-Review-backend/backend/1c67665285fb6a7d761414e12578e574_venv/lib/python3.9/site-packages/django/db/models/sql/query.py", line 1412, in _add_q
    child_clause, needed_inner = self.build_filter(
  File "/www/wwwroot/review/Doctor-Review-backend/backend/1c67665285fb6a7d761414e12578e574_venv/lib/python3.9/site-packages/django/db/models/sql/query.py", line 1347, in build_filter
    condition = self.build_lookup(lookups, col, value)
  File "/www/wwwroot/review/Doctor-Review-backend/backend/1c67665285fb6a7d761414e12578e574_venv/lib/python3.9/site-packages/django/db/models/sql/query.py", line 1193, in build_lookup
    lookup = lookup_class(lhs, rhs)
  File "/www/wwwroot/review/Doctor-Review-backend/backend/1c67665285fb6a7d761414e12578e574_venv/lib/python3.9/site-packages/django/db/models/lookups.py", line 25, in __init__
    self.rhs = self.get_prep_lookup()
  File "/www/wwwroot/review/Doctor-Review-backend/backend/1c67665285fb6a7d761414e12578e574_venv/lib/python3.9/site-packages/django/db/models/lookups.py", line 77, in get_prep_lookup
    return self.lhs.output_field.get_prep_value(self.rhs)
  File "/www/wwwroot/review/Doctor-Review-backend/backend/1c67665285fb6a7d761414e12578e574_venv/lib/python3.9/site-packages/django/db/models/fields/__init__.py", line 1825, in get_prep_value
    raise e.__class__(
ValueError: Field 'id' expected a number but got 'undefined'.
[12/Jun/2022 08:43:11] "POST /initDoctor/ HTTP/1.1" 500 123007
[12/Jun/2022 08:43:11] "POST /initComment/ HTTP/1.1" 500 123285
[12/Jun/2022 08:43:17] "POST /searchdoctor/ HTTP/1.1" 200 122
[12/Jun/2022 12:03:06] code 400, message Bad HTTP/0.9 request type ('\x03\x00\x00/*Ã \x00\x00\x00\x00\x00Cookie:')
[12/Jun/2022 12:03:06] "  /*Ã      Cookie: mstshash=Administr" 400 -
[12/Jun/2022 15:24:11] code 400, message Bad HTTP/0.9 request type ('\x03\x00\x00/*Ã \x00\x00\x00\x00\x00Cookie:')
[12/Jun/2022 15:24:11] "  /*Ã      Cookie: mstshash=Administr" 400 -
[12/Jun/2022 15:45:29] code 400, message Bad HTTP/0.9 request type ('\x03\x00\x00/*Ã \x00\x00\x00\x00\x00Cookie:')
[12/Jun/2022 15:45:29] "  /*Ã      Cookie: mstshash=Administr" 400 -
Not Found: /http:/passport.baidu.com/
[12/Jun/2022 19:23:50] "GET http://passport.baidu.com/ HTTP/1.1" 404 1829
[12/Jun/2022 19:23:52] code 400, message Bad request syntax ('\x05\x01\x00')
[12/Jun/2022 19:23:52] " " 400 -
[12/Jun/2022 19:24:15] code 400, message Bad request syntax ('\x04\x01\x00Pg)Â§Ãª\x00')
[12/Jun/2022 19:24:15] " Pg)Â§Ãª " 400 -
[12/Jun/2022 19:24:19] code 400, message Bad request syntax ('\x05\x03\x00\x01\x02')
[12/Jun/2022 19:24:19] " " 400 -
[12/Jun/2022 20:43:52] "GET /searchdoctor/ HTTP/1.1" 200 122
[12/Jun/2022 22:16:59] "GET / HTTP/1.0" 200 644
[12/Jun/2022 22:19:30] code 400, message Bad request syntax ('\x05\x01\x00')
[12/Jun/2022 22:19:30] " " 400 -
[12/Jun/2022 22:20:47] code 400, message Bad request syntax ('\x05\x01\x00')
[12/Jun/2022 22:20:47] " " 400 -
[12/Jun/2022 22:21:18] code 400, message Bad request syntax ('\x05\x01\x00')
[12/Jun/2022 22:21:18] " " 400 -
[12/Jun/2022 22:31:36] code 400, message Bad request syntax ('\x05\x01\x00')
[12/Jun/2022 22:31:36] " " 400 -
Not Found: /http:/passport.baidu.com/
[13/Jun/2022 00:34:19] "GET http://passport.baidu.com/ HTTP/1.1" 404 1829
[13/Jun/2022 00:34:52] code 400, message Bad request syntax ('\x05\x01\x00')
[13/Jun/2022 00:34:52] " " 400 -
[13/Jun/2022 00:34:54] code 400, message Bad request syntax ('\x04\x01\x00Pg)Â§Ãª\x00')
[13/Jun/2022 00:34:54] " Pg)Â§Ãª " 400 -
[13/Jun/2022 05:22:09] "GET / HTTP/1.1" 200 644
[13/Jun/2022 05:22:09] "GET /static/css/main.9fc8d8b4.css HTTP/1.1" 200 558211
[13/Jun/2022 05:22:09] "GET /static/js/main.8c258a47.js HTTP/1.1" 200 930947
Not Found: /favicon.ico
[13/Jun/2022 05:22:10] "GET /favicon.ico HTTP/1.1" 404 2900
[13/Jun/2022 07:07:06] code 400, message Bad request syntax ('\x05\x01\x00')
[13/Jun/2022 07:07:06] " " 400 -
[13/Jun/2022 07:07:09] code 400, message Bad request syntax ('\x05\x01\x00')
[13/Jun/2022 07:07:09] " " 400 -
[13/Jun/2022 09:29:01,663] - Broken pipe from ('185.170.144.46', 64611)

[13/Jun/2022 10:19:29] "GET / HTTP/1.1" 200 644
Not Found: /favicon.ico
[13/Jun/2022 10:19:29] "GET /favicon.ico HTTP/1.1" 404 2900
Not Found: /logo192.png
[13/Jun/2022 10:19:29] "GET /logo192.png HTTP/1.1" 404 2900
[13/Jun/2022 10:19:29] "GET / HTTP/1.1" 200 644
Not Found: /favicon.ico
[13/Jun/2022 10:19:29] "GET /favicon.ico HTTP/1.1" 404 2900
Not Found: /logo192.png
[13/Jun/2022 10:19:29] "GET /logo192.png HTTP/1.1" 404 2900
Not Found: /favicon.ico
[13/Jun/2022 10:19:29] "GET /favicon.ico HTTP/1.1" 404 2900
Not Found: /robots.txt
[13/Jun/2022 10:19:29] "GET /robots.txt HTTP/1.1" 404 2897
[13/Jun/2022 10:39:59] code 400, message Bad HTTP/0.9 request type ('\x03\x00\x00/*Ã \x00\x00\x00\x00\x00Cookie:')
[13/Jun/2022 10:39:59] "  /*Ã      Cookie: mstshash=Administr" 400 -
[13/Jun/2022 13:01:19] code 400, message Bad request syntax ('\x05\x01\x00')
[13/Jun/2022 13:01:19] " " 400 -
Not Found: /http:/passport.baidu.com/
[13/Jun/2022 13:01:28] "GET http://passport.baidu.com/ HTTP/1.1" 404 1829
[13/Jun/2022 13:02:11] code 400, message Bad request syntax ('\x04\x01\x00Pg)Â§Ãª\x00')
[13/Jun/2022 13:02:11] " Pg)Â§Ãª " 400 -
[13/Jun/2022 13:33:02] code 400, message Bad HTTP/0.9 request type ('\x03\x00\x00/*Ã \x00\x00\x00\x00\x00Cookie:')
[13/Jun/2022 13:33:02] "  /*Ã      Cookie: mstshash=Administr" 400 -
Not Found: /favicon.ico
[13/Jun/2022 14:17:30] "GET /favicon.ico HTTP/1.1" 404 2900
[13/Jun/2022 15:42:55,766] - Broken pipe from ('89.248.165.21', 54797)

[13/Jun/2022 15:44:23] code 400, message Bad request syntax ('\x03\x00\x00\x13\x0eÃ \x00\x00\x00\x00\x00\x01\x00\x08\x00\x02\x00\x00\x00')
[13/Jun/2022 15:44:23] "  Ã           " 400 -
[13/Jun/2022 16:07:20,438] - Broken pipe from ('185.170.144.46', 65018)

[13/Jun/2022 20:15:40] code 400, message Bad request syntax ('\x05\x01\x00')
[13/Jun/2022 20:15:40] " " 400 -
[13/Jun/2022 20:15:43] code 400, message Bad request syntax ('\x05\x01\x00')
[13/Jun/2022 20:15:43] " " 400 -
[13/Jun/2022 20:18:00] code 400, message Bad request syntax ('\x04\x01\x00Pg)Â§Ãª\x00')
[13/Jun/2022 20:18:00] " Pg)Â§Ãª " 400 -
Not Found: /http:/passport.baidu.com/
[13/Jun/2022 20:18:01] "GET http://passport.baidu.com/ HTTP/1.1" 404 1829
[13/Jun/2022 20:18:35] code 400, message Bad request syntax ('\x05\x01\x00')
[13/Jun/2022 20:18:35] " " 400 -
[13/Jun/2022 20:47:24] "GET / HTTP/1.1" 200 644
Not Found: /robots.txt
[14/Jun/2022 00:29:40] "GET /robots.txt HTTP/1.1" 404 2892
[14/Jun/2022 00:29:47] "GET /static/js/main.8c258a47.js HTTP/1.1" 200 930947
/www/wwwroot/review/Doctor-Review-backend/backend/backend/views.py changed, reloading.
<QueryDict: {'name': ['å„¿ç§‘']}>
å„¿ç§‘
1
['å„¿ç§‘éƒ¨æ˜¯æœ¬æ¸¯å…¶ä¸­ä¸€ä¸ªä¸»è¦çš„å„¿ç§‘éƒ¨é—¨ï¼Œä¸ºä¸­ä¹é¾™åœ°åŒºæä¾›äºŒåå››å°æ—¶æœåŠ¡ã€‚æ—¨åœ¨ç”±ä¸“ä¸šåŒ»ç–—åŠæŠ€æœ¯äººå‘˜å¸¦é¢†ä¸‹ï¼Œä»¥â€œå„¿ç«¥ä¸ºæœ¬â€çš„ç†å¿µï¼Œä¸ºæœ‰éœ€è¦çš„å„¿ç«¥åŠå…¶å®¶åº­æä¾›é«˜è´¨ç´ åŠå…¨é¢çš„å„¿ç§‘æœåŠ¡ã€‚']
{'description': ['å„¿ç§‘éƒ¨æ˜¯æœ¬æ¸¯å…¶ä¸­ä¸€ä¸ªä¸»è¦çš„å„¿ç§‘éƒ¨é—¨ï¼Œä¸ºä¸­ä¹é¾™åœ°åŒºæä¾›äºŒåå››å°æ—¶æœåŠ¡ã€‚æ—¨åœ¨ç”±ä¸“ä¸šåŒ»ç–—åŠæŠ€æœ¯äººå‘˜å¸¦é¢†ä¸‹ï¼Œä»¥â€œå„¿ç«¥ä¸ºæœ¬â€çš„ç†å¿µï¼Œä¸ºæœ‰éœ€è¦çš„å„¿ç«¥åŠå…¶å®¶åº­æä¾›é«˜è´¨ç´ åŠå…¨é¢çš„å„¿ç§‘æœåŠ¡ã€‚']}
[{'doctorName': 'å€ªè´¢éœž', 'position': 'åŒ»å£«', 'doctorDescription': 'å€ªè´¢éœžå·±ä»»èŒå¤šå¹´ï¼Œæœ‰ç€ä¸°å¯Œçš„ç»éªŒï¼Œæ›¾å¤šæ¬¡èŽ·å¾—å›½å†…å¤–å¤šé¡¹å¥–é¡¹ï¼Œå¹¿å—æ‚£è€…å¥½è¯„'}, {'doctorName': 'è´ºå„’ç››', 'position': 'ä¸»ä»»åŒ»å¸ˆ', 'doctorDescription': 'è´ºå„’ç››å·±ä»»èŒå¤šå¹´ï¼Œæœ‰ç€ä¸°å¯Œçš„ç»éªŒï¼Œæ›¾å¤šæ¬¡èŽ·å¾—å›½å†…å¤–å¤šé¡¹å¥–é¡¹ï¼Œå¹¿å—æ‚£è€…å¥½è¯„'}, {'doctorName': 'è°¢æ±‰ä¼¯', 'position': 'å‰¯ä¸»ä»»åŒ»å¸ˆ', 'doctorDescription': 'è°¢æ±‰ä¼¯å·±ä»»èŒå¤šå¹´ï¼Œæœ‰ç€ä¸°å¯Œçš„ç»éªŒï¼Œæ›¾å¤šæ¬¡èŽ·å¾—å›½å†…å¤–å¤šé¡¹å¥–é¡¹ï¼Œå¹¿å—æ‚£è€…å¥½è¯„'}]
<QueryDict: {'name': ['äº§ç§‘']}>
äº§ç§‘
1
['']
{'description': ['']}
[{'doctorName': 'è®¸ä»°å¤©', 'position': 'ä¸»ä»»åŒ»å¸ˆ', 'doctorDescription': 'è®¸ä»°å¤©å·±ä»»èŒå¤šå¹´ï¼Œæœ‰ç€ä¸°å¯Œçš„ç»éªŒï¼Œæ›¾å¤šæ¬¡èŽ·å¾—å›½å†…å¤–å¤šé¡¹å¥–é¡¹ï¼Œå¹¿å—æ‚£è€…å¥½è¯„'}, {'doctorName': 'äºŽä¸°å…‰', 'position': 'ä¸»æ²»åŒ»å¸ˆ', 'doctorDescription': 'äºŽä¸°å…‰å·±ä»»èŒå¤šå¹´ï¼Œæœ‰ç€ä¸°å¯Œçš„ç»éªŒï¼Œæ›¾å¤šæ¬¡èŽ·å¾—å›½å†…å¤–å¤šé¡¹å¥–é¡¹ï¼Œå¹¿å—æ‚£è€…å¥½è¯„'}, {'doctorName': 'åœä¿žç­ ', 'position': 'å‰¯ä¸»ä»»åŒ»å¸ˆ', 'doctorDescription': 'åœä¿žç­ å·±ä»»èŒå¤šå¹´ï¼Œæœ‰ç€ä¸°å¯Œçš„ç»éªŒï¼Œæ›¾å¤šæ¬¡èŽ·å¾—å›½å†…å¤–å¤šé¡¹å¥–é¡¹ï¼Œå¹¿å—æ‚£è€…å¥½è¯„'}]
<QueryDict: {'name': ['å„¿ç§‘']}>
å„¿ç§‘
1
['å„¿ç§‘éƒ¨æ˜¯æœ¬æ¸¯å…¶ä¸­ä¸€ä¸ªä¸»è¦çš„å„¿ç§‘éƒ¨é—¨ï¼Œä¸ºä¸­ä¹é¾™åœ°åŒºæä¾›äºŒåå››å°æ—¶æœåŠ¡ã€‚æ—¨åœ¨ç”±ä¸“ä¸šåŒ»ç–—åŠæŠ€æœ¯äººå‘˜å¸¦é¢†ä¸‹ï¼Œä»¥â€œå„¿ç«¥ä¸ºæœ¬â€çš„ç†å¿µï¼Œä¸ºæœ‰éœ€è¦çš„å„¿ç«¥åŠå…¶å®¶åº­æä¾›é«˜è´¨ç´ åŠå…¨é¢çš„å„¿ç§‘æœåŠ¡ã€‚']
{'description': ['å„¿ç§‘éƒ¨æ˜¯æœ¬æ¸¯å…¶ä¸­ä¸€ä¸ªä¸»è¦çš„å„¿ç§‘éƒ¨é—¨ï¼Œä¸ºä¸­ä¹é¾™åœ°åŒºæä¾›äºŒåå››å°æ—¶æœåŠ¡ã€‚æ—¨åœ¨ç”±ä¸“ä¸šåŒ»ç–—åŠæŠ€æœ¯äººå‘˜å¸¦é¢†ä¸‹ï¼Œä»¥â€œå„¿ç«¥ä¸ºæœ¬â€çš„ç†å¿µï¼Œä¸ºæœ‰éœ€è¦çš„å„¿ç«¥åŠå…¶å®¶åº­æä¾›é«˜è´¨ç´ åŠå…¨é¢çš„å„¿ç§‘æœåŠ¡ã€‚']}
[{'doctorName': 'å€ªè´¢éœž', 'position': 'åŒ»å£«', 'doctorDescription': 'å€ªè´¢éœžå·±ä»»èŒå¤šå¹´ï¼Œæœ‰ç€ä¸°å¯Œçš„ç»éªŒï¼Œæ›¾å¤šæ¬¡èŽ·å¾—å›½å†…å¤–å¤šé¡¹å¥–é¡¹ï¼Œå¹¿å—æ‚£è€…å¥½è¯„'}, {'doctorName': 'è´ºå„’ç››', 'position': 'ä¸»ä»»åŒ»å¸ˆ', 'doctorDescription': 'è´ºå„’ç››å·±ä»»èŒå¤šå¹´ï¼Œæœ‰ç€ä¸°å¯Œçš„ç»éªŒï¼Œæ›¾å¤šæ¬¡èŽ·å¾—å›½å†…å¤–å¤šé¡¹å¥–é¡¹ï¼Œå¹¿å—æ‚£è€…å¥½è¯„'}, {'doctorName': 'è°¢æ±‰ä¼¯', 'position': 'å‰¯ä¸»ä»»åŒ»å¸ˆ', 'doctorDescription': 'è°¢æ±‰ä¼¯å·±ä»»èŒå¤šå¹´ï¼Œæœ‰ç€ä¸°å¯Œçš„ç»éªŒï¼Œæ›¾å¤šæ¬¡èŽ·å¾—å›½å†…å¤–å¤šé¡¹å¥–é¡¹ï¼Œå¹¿å—æ‚£è€…å¥½è¯„'}]
<QueryDict: {'name': ['éª¨ç§‘']}>
éª¨ç§‘
1
['éª¨ç§‘ä¸­å¿ƒåè½äºŽä¸­åŠå±±å˜‰è¯ºæ’’åŒ»é™¢ï¼Œç”±é‚±æ˜Žæ‰æ•™æŽˆäºŽ1980å¹´æˆç«‹ã€‚æœ¬ä¸­å¿ƒæä¾›å…¨é¢éª¨ç§‘æœåŠ¡ï¼Œç”±æ€¥ç—‡ä»¥è‡³é¢„çº¦è¯Šç—‡ã€‚æˆ‘ä»¬çš„æ„¿æ™¯æ˜¯ä¸ºå¤§ä¼—æä¾›å…¨é¢åŠé«˜è´¨ç´ éª¨ç§‘æ²»ç–—ã€‚éª¨ç§‘æ˜¯ç‹¬ç«‹æˆç§‘çš„åŒ»å­¦ä¸“ä¸šï¼Œå½“ä¸­åŒ…æ‹¬åˆ›ä¼¤ã€è¿åŠ¨åŒ»å­¦ã€å…³èŠ‚ç½®æ¢ã€è„Šæ¤Žå¤–ç§‘ã€æ‰‹å¤–ç§‘ã€è¶³è¸å¤–ç§‘ã€å°å„¿éª¨ç§‘ã€è‚¿ç˜¤éª¨ç§‘ã€å¤åº·ç§‘ã€‚éª¨ç§‘ä¸­å¿ƒçš„éª¨ç§‘ä¸“ç§‘åŒ»ç”Ÿæä¾›å…¨é¢æ²»ç–—ä¸ºç—…äººä½œå‡ºé€‚å½“çš„è¯Šæ²»ã€‚']
{'description': ['éª¨ç§‘ä¸­å¿ƒåè½äºŽä¸­åŠå±±å˜‰è¯ºæ’’åŒ»é™¢ï¼Œç”±é‚±æ˜Žæ‰æ•™æŽˆäºŽ1980å¹´æˆç«‹ã€‚æœ¬ä¸­å¿ƒæä¾›å…¨é¢éª¨ç§‘æœåŠ¡ï¼Œç”±æ€¥ç—‡ä»¥è‡³é¢„çº¦è¯Šç—‡ã€‚æˆ‘ä»¬çš„æ„¿æ™¯æ˜¯ä¸ºå¤§ä¼—æä¾›å…¨é¢åŠé«˜è´¨ç´ éª¨ç§‘æ²»ç–—ã€‚éª¨ç§‘æ˜¯ç‹¬ç«‹æˆç§‘çš„åŒ»å­¦ä¸“ä¸šï¼Œå½“ä¸­åŒ…æ‹¬åˆ›ä¼¤ã€è¿åŠ¨åŒ»å­¦ã€å…³èŠ‚ç½®æ¢ã€è„Šæ¤Žå¤–ç§‘ã€æ‰‹å¤–ç§‘ã€è¶³è¸å¤–ç§‘ã€å°å„¿éª¨ç§‘ã€è‚¿ç˜¤éª¨ç§‘ã€å¤åº·ç§‘ã€‚éª¨ç§‘ä¸­å¿ƒçš„éª¨ç§‘ä¸“ç§‘åŒ»ç”Ÿæä¾›å…¨é¢æ²»ç–—ä¸ºç—…äººä½œå‡ºé€‚å½“çš„è¯Šæ²»ã€‚']}
[{'doctorName': 'è‘›å‰æœˆ', 'position': 'åŒ»å¸ˆ', 'doctorDescription': 'è‘›å‰æœˆå·±ä»»èŒå¤šå¹´ï¼Œæœ‰ç€ä¸°å¯Œçš„ç»éªŒï¼Œæ›¾å¤šæ¬¡èŽ·å¾—å›½å†…å¤–å¤šé¡¹å¥–é¡¹ï¼Œå¹¿å—æ‚£è€…å¥½è¯„'}, {'doctorName': 'ç§¦è±ªäº¨', 'position': 'åŒ»å¸ˆ', 'doctorDescription': 'ç§¦è±ªäº¨å·±ä»»èŒå¤šå¹´ï¼Œæœ‰ç€ä¸°å¯Œçš„ç»éªŒï¼Œæ›¾å¤šæ¬¡èŽ·å¾—å›½å†…å¤–å¤šé¡¹å¥–é¡¹ï¼Œå¹¿å—æ‚£è€…å¥½è¯„'}, {'doctorName': 'å­™ä¸Šæ€¡', 'position': 'ä¸»æ²»åŒ»å¸ˆ', 'doctorDescription': 'å­™ä¸Šæ€¡å·±ä»»èŒå¤šå¹´ï¼Œæœ‰ç€ä¸°å¯Œçš„ç»éªŒï¼Œæ›¾å¤šæ¬¡èŽ·å¾—å›½å†…å¤–å¤šé¡¹å¥–é¡¹ï¼Œå¹¿å—æ‚£è€…å¥½è¯„'}]
Watching for file changes with StatReloader
[14/Jun/2022 07:33:25] "GET / HTTP/1.1" 200 644
[14/Jun/2022 07:33:25] "GET /static/css/main.9fc8d8b4.css HTTP/1.1" 200 558211
[14/Jun/2022 07:33:26] "GET /static/js/main.8c258a47.js HTTP/1.1" 200 930947
Not Found: /favicon.ico
[14/Jun/2022 07:33:27] "GET /favicon.ico HTTP/1.1" 404 2900
[14/Jun/2022 07:33:29] "GET /static/media/doctor_1.def389160d219cbf5223.png HTTP/1.1" 200 239953
Internal Server Error: /department/
Traceback (most recent call last):
  File "/www/wwwroot/review/Doctor-Review-backend/backend/1c67665285fb6a7d761414e12578e574_venv/lib/python3.9/site-packages/django/core/handlers/exception.py", line 47, in inner
    response = get_response(request)
  File "/www/wwwroot/review/Doctor-Review-backend/backend/1c67665285fb6a7d761414e12578e574_venv/lib/python3.9/site-packages/django/core/handlers/base.py", line 181, in _get_response
    response = wrapped_callback(request, *callback_args, **callback_kwargs)
  File "/www/wwwroot/review/Doctor-Review-backend/backend/1c67665285fb6a7d761414e12578e574_venv/lib/python3.9/site-packages/django/views/decorators/csrf.py", line 54, in wrapped_view
    return view_func(*args, **kwargs)
  File "/www/wwwroot/review/Doctor-Review-backend/backend/backend/views.py", line 90, in get_department
    update_data()
  File "/www/wwwroot/review/Doctor-Review-backend/backend/backend/views.py", line 27, in update_data
    sql = "select real_name from user where user_id = " + doc[0] + ";"
TypeError: can only concatenate str (not "int") to str
[14/Jun/2022 07:33:29] "POST /department/ HTTP/1.1" 500 68765
Internal Server Error: /department/
Traceback (most recent call last):
  File "/www/wwwroot/review/Doctor-Review-backend/backend/1c67665285fb6a7d761414e12578e574_venv/lib/python3.9/site-packages/django/core/handlers/exception.py", line 47, in inner
    response = get_response(request)
  File "/www/wwwroot/review/Doctor-Review-backend/backend/1c67665285fb6a7d761414e12578e574_venv/lib/python3.9/site-packages/django/core/handlers/base.py", line 181, in _get_response
    response = wrapped_callback(request, *callback_args, **callback_kwargs)
  File "/www/wwwroot/review/Doctor-Review-backend/backend/1c67665285fb6a7d761414e12578e574_venv/lib/python3.9/site-packages/django/views/decorators/csrf.py", line 54, in wrapped_view
    return view_func(*args, **kwargs)
  File "/www/wwwroot/review/Doctor-Review-backend/backend/backend/views.py", line 90, in get_department
    update_data()
  File "/www/wwwroot/review/Doctor-Review-backend/backend/backend/views.py", line 27, in update_data
    sql = "select real_name from user where user_id = " + doc[0] + ";"
TypeError: can only concatenate str (not "int") to str
[14/Jun/2022 07:33:55] "POST /department/ HTTP/1.1" 500 68765
Internal Server Error: /department/
Traceback (most recent call last):
  File "/www/wwwroot/review/Doctor-Review-backend/backend/1c67665285fb6a7d761414e12578e574_venv/lib/python3.9/site-packages/django/core/handlers/exception.py", line 47, in inner
    response = get_response(request)
  File "/www/wwwroot/review/Doctor-Review-backend/backend/1c67665285fb6a7d761414e12578e574_venv/lib/python3.9/site-packages/django/core/handlers/base.py", line 181, in _get_response
    response = wrapped_callback(request, *callback_args, **callback_kwargs)
  File "/www/wwwroot/review/Doctor-Review-backend/backend/1c67665285fb6a7d761414e12578e574_venv/lib/python3.9/site-packages/django/views/decorators/csrf.py", line 54, in wrapped_view
    return view_func(*args, **kwargs)
  File "/www/wwwroot/review/Doctor-Review-backend/backend/backend/views.py", line 90, in get_department
    update_data()
  File "/www/wwwroot/review/Doctor-Review-backend/backend/backend/views.py", line 27, in update_data
    sql = "select real_name from user where user_id = " + doc[0] + ";"
TypeError: can only concatenate str (not "int") to str
[14/Jun/2022 07:34:01] "POST /department/ HTTP/1.1" 500 68765
Internal Server Error: /searchdoctor/
Traceback (most recent call last):
  File "/www/wwwroot/review/Doctor-Review-backend/backend/1c67665285fb6a7d761414e12578e574_venv/lib/python3.9/site-packages/django/core/handlers/exception.py", line 47, in inner
    response = get_response(request)
  File "/www/wwwroot/review/Doctor-Review-backend/backend/1c67665285fb6a7d761414e12578e574_venv/lib/python3.9/site-packages/django/core/handlers/base.py", line 181, in _get_response
    response = wrapped_callback(request, *callback_args, **callback_kwargs)
  File "/www/wwwroot/review/Doctor-Review-backend/backend/1c67665285fb6a7d761414e12578e574_venv/lib/python3.9/site-packages/django/views/decorators/csrf.py", line 54, in wrapped_view
    return view_func(*args, **kwargs)
  File "/www/wwwroot/review/Doctor-Review-backend/backend/backend/views.py", line 159, in find_doc
    update_data()
  File "/www/wwwroot/review/Doctor-Review-backend/backend/backend/views.py", line 27, in update_data
    sql = "select real_name from user where user_id = " + doc[0] + ";"
TypeError: can only concatenate str (not "int") to str
[14/Jun/2022 07:34:09] "POST /searchdoctor/ HTTP/1.1" 500 68658
Internal Server Error: /initDoctor/
Traceback (most recent call last):
  File "/www/wwwroot/review/Doctor-Review-backend/backend/1c67665285fb6a7d761414e12578e574_venv/lib/python3.9/site-packages/django/core/handlers/exception.py", line 47, in inner
    response = get_response(request)
  File "/www/wwwroot/review/Doctor-Review-backend/backend/1c67665285fb6a7d761414e12578e574_venv/lib/python3.9/site-packages/django/core/handlers/base.py", line 181, in _get_response
    response = wrapped_callback(request, *callback_args, **callback_kwargs)
  File "/www/wwwroot/review/Doctor-Review-backend/backend/1c67665285fb6a7d761414e12578e574_venv/lib/python3.9/site-packages/django/views/decorators/csrf.py", line 54, in wrapped_view
    return view_func(*args, **kwargs)
  File "/www/wwwroot/review/Doctor-Review-backend/backend/backend/views.py", line 136, in return_doc
    update_data()
  File "/www/wwwroot/review/Doctor-Review-backend/backend/backend/views.py", line 27, in update_data
    sql = "select real_name from user where user_id = " + doc[0] + ";"
TypeError: can only concatenate str (not "int") to str
[14/Jun/2022 07:34:11] "POST /initDoctor/ HTTP/1.1" 500 68615
Internal Server Error: /initComment/
Traceback (most recent call last):
  File "/www/wwwroot/review/Doctor-Review-backend/backend/1c67665285fb6a7d761414e12578e574_venv/lib/python3.9/site-packages/django/db/backends/utils.py", line 84, in _execute
    return self.cursor.execute(sql, params)
  File "/www/wwwroot/review/Doctor-Review-backend/backend/1c67665285fb6a7d761414e12578e574_venv/lib/python3.9/site-packages/django/db/backends/mysql/base.py", line 73, in execute
    return self.cursor.execute(query, args)
  File "/www/wwwroot/review/Doctor-Review-backend/backend/1c67665285fb6a7d761414e12578e574_venv/lib/python3.9/site-packages/pymysql/cursors.py", line 148, in execute
    result = self._query(query)
  File "/www/wwwroot/review/Doctor-Review-backend/backend/1c67665285fb6a7d761414e12578e574_venv/lib/python3.9/site-packages/pymysql/cursors.py", line 310, in _query
    conn.query(q)
  File "/www/wwwroot/review/Doctor-Review-backend/backend/1c67665285fb6a7d761414e12578e574_venv/lib/python3.9/site-packages/pymysql/connections.py", line 548, in query
    self._affected_rows = self._read_query_result(unbuffered=unbuffered)
  File "/www/wwwroot/review/Doctor-Review-backend/backend/1c67665285fb6a7d761414e12578e574_venv/lib/python3.9/site-packages/pymysql/connections.py", line 775, in _read_query_result
    result.read()
  File "/www/wwwroot/review/Doctor-Review-backend/backend/1c67665285fb6a7d761414e12578e574_venv/lib/python3.9/site-packages/pymysql/connections.py", line 1156, in read
    first_packet = self.connection._read_packet()
  File "/www/wwwroot/review/Doctor-Review-backend/backend/1c67665285fb6a7d761414e12578e574_venv/lib/python3.9/site-packages/pymysql/connections.py", line 725, in _read_packet
    packet.raise_for_error()
  File "/www/wwwroot/review/Doctor-Review-backend/backend/1c67665285fb6a7d761414e12578e574_venv/lib/python3.9/site-packages/pymysql/protocol.py", line 221, in raise_for_error
    err.raise_mysql_exception(self._data)
  File "/www/wwwroot/review/Doctor-Review-backend/backend/1c67665285fb6a7d761414e12578e574_venv/lib/python3.9/site-packages/pymysql/err.py", line 143, in raise_mysql_exception
    raise errorclass(errno, errval)
pymysql.err.IntegrityError: (1048, "Column 'user_name' cannot be null")

The above exception was the direct cause of the following exception:

Traceback (most recent call last):
  File "/www/wwwroot/review/Doctor-Review-backend/backend/1c67665285fb6a7d761414e12578e574_venv/lib/python3.9/site-packages/django/core/handlers/exception.py", line 47, in inner
    response = get_response(request)
  File "/www/wwwroot/review/Doctor-Review-backend/backend/1c67665285fb6a7d761414e12578e574_venv/lib/python3.9/site-packages/django/core/handlers/base.py", line 181, in _get_response
    response = wrapped_callback(request, *callback_args, **callback_kwargs)
  File "/www/wwwroot/review/Doctor-Review-backend/backend/1c67665285fb6a7d761414e12578e574_venv/lib/python3.9/site-packages/django/views/decorators/csrf.py", line 54, in wrapped_view
    return view_func(*args, **kwargs)
  File "/www/wwwroot/review/Doctor-Review-backend/backend/backend/views.py", line 186, in return_comment_list
    new_user.save()
  File "/www/wwwroot/review/Doctor-Review-backend/backend/1c67665285fb6a7d761414e12578e574_venv/lib/python3.9/site-packages/django/db/models/base.py", line 726, in save
    self.save_base(using=using, force_insert=force_insert,
  File "/www/wwwroot/review/Doctor-Review-backend/backend/1c67665285fb6a7d761414e12578e574_venv/lib/python3.9/site-packages/django/db/models/base.py", line 763, in save_base
    updated = self._save_table(
  File "/www/wwwroot/review/Doctor-Review-backend/backend/1c67665285fb6a7d761414e12578e574_venv/lib/python3.9/site-packages/django/db/models/base.py", line 868, in _save_table
    results = self._do_insert(cls._base_manager, using, fields, returning_fields, raw)
  File "/www/wwwroot/review/Doctor-Review-backend/backend/1c67665285fb6a7d761414e12578e574_venv/lib/python3.9/site-packages/django/db/models/base.py", line 906, in _do_insert
    return manager._insert(
  File "/www/wwwroot/review/Doctor-Review-backend/backend/1c67665285fb6a7d761414e12578e574_venv/lib/python3.9/site-packages/django/db/models/manager.py", line 85, in manager_method
    return getattr(self.get_queryset(), name)(*args, **kwargs)
  File "/www/wwwroot/review/Doctor-Review-backend/backend/1c67665285fb6a7d761414e12578e574_venv/lib/python3.9/site-packages/django/db/models/query.py", line 1270, in _insert
    return query.get_compiler(using=using).execute_sql(returning_fields)
  File "/www/wwwroot/review/Doctor-Review-backend/backend/1c67665285fb6a7d761414e12578e574_venv/lib/python3.9/site-packages/django/db/models/sql/compiler.py", line 1416, in execute_sql
    cursor.execute(sql, params)
  File "/www/wwwroot/review/Doctor-Review-backend/backend/1c67665285fb6a7d761414e12578e574_venv/lib/python3.9/site-packages/django/db/backends/utils.py", line 98, in execute
    return super().execute(sql, params)
  File "/www/wwwroot/review/Doctor-Review-backend/backend/1c67665285fb6a7d761414e12578e574_venv/lib/python3.9/site-packages/django/db/backends/utils.py", line 66, in execute
    return self._execute_with_wrappers(sql, params, many=False, executor=self._execute)
  File "/www/wwwroot/review/Doctor-Review-backend/backend/1c67665285fb6a7d761414e12578e574_venv/lib/python3.9/site-packages/django/db/backends/utils.py", line 75, in _execute_with_wrappers
    return executor(sql, params, many, context)
  File "/www/wwwroot/review/Doctor-Review-backend/backend/1c67665285fb6a7d761414e12578e574_venv/lib/python3.9/site-packages/django/db/backends/utils.py", line 84, in _execute
    return self.cursor.execute(sql, params)
  File "/www/wwwroot/review/Doctor-Review-backend/backend/1c67665285fb6a7d761414e12578e574_venv/lib/python3.9/site-packages/django/db/utils.py", line 90, in __exit__
    raise dj_exc_value.with_traceback(traceback) from exc_value
  File "/www/wwwroot/review/Doctor-Review-backend/backend/1c67665285fb6a7d761414e12578e574_venv/lib/python3.9/site-packages/django/db/backends/utils.py", line 84, in _execute
    return self.cursor.execute(sql, params)
  File "/www/wwwroot/review/Doctor-Review-backend/backend/1c67665285fb6a7d761414e12578e574_venv/lib/python3.9/site-packages/django/db/backends/mysql/base.py", line 73, in execute
    return self.cursor.execute(query, args)
  File "/www/wwwroot/review/Doctor-Review-backend/backend/1c67665285fb6a7d761414e12578e574_venv/lib/python3.9/site-packages/pymysql/cursors.py", line 148, in execute
    result = self._query(query)
  File "/www/wwwroot/review/Doctor-Review-backend/backend/1c67665285fb6a7d761414e12578e574_venv/lib/python3.9/site-packages/pymysql/cursors.py", line 310, in _query
    conn.query(q)
  File "/www/wwwroot/review/Doctor-Review-backend/backend/1c67665285fb6a7d761414e12578e574_venv/lib/python3.9/site-packages/pymysql/connections.py", line 548, in query
    self._affected_rows = self._read_query_result(unbuffered=unbuffered)
  File "/www/wwwroot/review/Doctor-Review-backend/backend/1c67665285fb6a7d761414e12578e574_venv/lib/python3.9/site-packages/pymysql/connections.py", line 775, in _read_query_result
    result.read()
  File "/www/wwwroot/review/Doctor-Review-backend/backend/1c67665285fb6a7d761414e12578e574_venv/lib/python3.9/site-packages/pymysql/connections.py", line 1156, in read
    first_packet = self.connection._read_packet()
  File "/www/wwwroot/review/Doctor-Review-backend/backend/1c67665285fb6a7d761414e12578e574_venv/lib/python3.9/site-packages/pymysql/connections.py", line 725, in _read_packet
    packet.raise_for_error()
  File "/www/wwwroot/review/Doctor-Review-backend/backend/1c67665285fb6a7d761414e12578e574_venv/lib/python3.9/site-packages/pymysql/protocol.py", line 221, in raise_for_error
    err.raise_mysql_exception(self._data)
  File "/www/wwwroot/review/Doctor-Review-backend/backend/1c67665285fb6a7d761414e12578e574_venv/lib/python3.9/site-packages/pymysql/err.py", line 143, in raise_mysql_exception
    raise errorclass(errno, errval)
django.db.utils.IntegrityError: (1048, "Column 'user_name' cannot be null")
[14/Jun/2022 07:34:11] "POST /initComment/ HTTP/1.1" 500 212241
Internal Server Error: /department/
Traceback (most recent call last):
  File "/www/wwwroot/review/Doctor-Review-backend/backend/1c67665285fb6a7d761414e12578e574_venv/lib/python3.9/site-packages/django/core/handlers/exception.py", line 47, in inner
    response = get_response(request)
  File "/www/wwwroot/review/Doctor-Review-backend/backend/1c67665285fb6a7d761414e12578e574_venv/lib/python3.9/site-packages/django/core/handlers/base.py", line 181, in _get_response
    response = wrapped_callback(request, *callback_args, **callback_kwargs)
  File "/www/wwwroot/review/Doctor-Review-backend/backend/1c67665285fb6a7d761414e12578e574_venv/lib/python3.9/site-packages/django/views/decorators/csrf.py", line 54, in wrapped_view
    return view_func(*args, **kwargs)
  File "/www/wwwroot/review/Doctor-Review-backend/backend/backend/views.py", line 90, in get_department
    update_data()
  File "/www/wwwroot/review/Doctor-Review-backend/backend/backend/views.py", line 27, in update_data
    sql = "select real_name from user where user_id = " + doc[0] + ";"
TypeError: can only concatenate str (not "int") to str
[14/Jun/2022 07:34:23] "POST /department/ HTTP/1.1" 500 68765
Internal Server Error: /department/
Traceback (most recent call last):
  File "/www/wwwroot/review/Doctor-Review-backend/backend/1c67665285fb6a7d761414e12578e574_venv/lib/python3.9/site-packages/django/core/handlers/exception.py", line 47, in inner
    response = get_response(request)
  File "/www/wwwroot/review/Doctor-Review-backend/backend/1c67665285fb6a7d761414e12578e574_venv/lib/python3.9/site-packages/django/core/handlers/base.py", line 181, in _get_response
    response = wrapped_callback(request, *callback_args, **callback_kwargs)
  File "/www/wwwroot/review/Doctor-Review-backend/backend/1c67665285fb6a7d761414e12578e574_venv/lib/python3.9/site-packages/django/views/decorators/csrf.py", line 54, in wrapped_view
    return view_func(*args, **kwargs)
  File "/www/wwwroot/review/Doctor-Review-backend/backend/backend/views.py", line 90, in get_department
    update_data()
  File "/www/wwwroot/review/Doctor-Review-backend/backend/backend/views.py", line 27, in update_data
    sql = "select real_name from user where user_id = " + doc[0] + ";"
TypeError: can only concatenate str (not "int") to str
[14/Jun/2022 07:34:29] "POST /department/ HTTP/1.1" 500 68765
Internal Server Error: /searchdoctor/
Traceback (most recent call last):
  File "/www/wwwroot/review/Doctor-Review-backend/backend/1c67665285fb6a7d761414e12578e574_venv/lib/python3.9/site-packages/django/core/handlers/exception.py", line 47, in inner
    response = get_response(request)
  File "/www/wwwroot/review/Doctor-Review-backend/backend/1c67665285fb6a7d761414e12578e574_venv/lib/python3.9/site-packages/django/core/handlers/base.py", line 181, in _get_response
    response = wrapped_callback(request, *callback_args, **callback_kwargs)
  File "/www/wwwroot/review/Doctor-Review-backend/backend/1c67665285fb6a7d761414e12578e574_venv/lib/python3.9/site-packages/django/views/decorators/csrf.py", line 54, in wrapped_view
    return view_func(*args, **kwargs)
  File "/www/wwwroot/review/Doctor-Review-backend/backend/backend/views.py", line 159, in find_doc
    update_data()
  File "/www/wwwroot/review/Doctor-Review-backend/backend/backend/views.py", line 27, in update_data
    sql = "select real_name from user where user_id = " + doc[0] + ";"
TypeError: can only concatenate str (not "int") to str
[14/Jun/2022 07:35:41] "POST /searchdoctor/ HTTP/1.1" 500 68658
Internal Server Error: /initDoctor/
Traceback (most recent call last):
  File "/www/wwwroot/review/Doctor-Review-backend/backend/1c67665285fb6a7d761414e12578e574_venv/lib/python3.9/site-packages/django/core/handlers/exception.py", line 47, in inner
    response = get_response(request)
  File "/www/wwwroot/review/Doctor-Review-backend/backend/1c67665285fb6a7d761414e12578e574_venv/lib/python3.9/site-packages/django/core/handlers/base.py", line 181, in _get_response
    response = wrapped_callback(request, *callback_args, **callback_kwargs)
  File "/www/wwwroot/review/Doctor-Review-backend/backend/1c67665285fb6a7d761414e12578e574_venv/lib/python3.9/site-packages/django/views/decorators/csrf.py", line 54, in wrapped_view
    return view_func(*args, **kwargs)
  File "/www/wwwroot/review/Doctor-Review-backend/backend/backend/views.py", line 136, in return_doc
    update_data()
  File "/www/wwwroot/review/Doctor-Review-backend/backend/backend/views.py", line 27, in update_data
    sql = "select real_name from user where user_id = " + doc[0] + ";"
TypeError: can only concatenate str (not "int") to str
[14/Jun/2022 07:35:42] "POST /initDoctor/ HTTP/1.1" 500 68615
Internal Server Error: /initComment/
Traceback (most recent call last):
  File "/www/wwwroot/review/Doctor-Review-backend/backend/1c67665285fb6a7d761414e12578e574_venv/lib/python3.9/site-packages/django/db/backends/utils.py", line 84, in _execute
    return self.cursor.execute(sql, params)
  File "/www/wwwroot/review/Doctor-Review-backend/backend/1c67665285fb6a7d761414e12578e574_venv/lib/python3.9/site-packages/django/db/backends/mysql/base.py", line 73, in execute
    return self.cursor.execute(query, args)
  File "/www/wwwroot/review/Doctor-Review-backend/backend/1c67665285fb6a7d761414e12578e574_venv/lib/python3.9/site-packages/pymysql/cursors.py", line 148, in execute
    result = self._query(query)
  File "/www/wwwroot/review/Doctor-Review-backend/backend/1c67665285fb6a7d761414e12578e574_venv/lib/python3.9/site-packages/pymysql/cursors.py", line 310, in _query
    conn.query(q)
  File "/www/wwwroot/review/Doctor-Review-backend/backend/1c67665285fb6a7d761414e12578e574_venv/lib/python3.9/site-packages/pymysql/connections.py", line 548, in query
    self._affected_rows = self._read_query_result(unbuffered=unbuffered)
  File "/www/wwwroot/review/Doctor-Review-backend/backend/1c67665285fb6a7d761414e12578e574_venv/lib/python3.9/site-packages/pymysql/connections.py", line 775, in _read_query_result
    result.read()
  File "/www/wwwroot/review/Doctor-Review-backend/backend/1c67665285fb6a7d761414e12578e574_venv/lib/python3.9/site-packages/pymysql/connections.py", line 1156, in read
    first_packet = self.connection._read_packet()
  File "/www/wwwroot/review/Doctor-Review-backend/backend/1c67665285fb6a7d761414e12578e574_venv/lib/python3.9/site-packages/pymysql/connections.py", line 725, in _read_packet
    packet.raise_for_error()
  File "/www/wwwroot/review/Doctor-Review-backend/backend/1c67665285fb6a7d761414e12578e574_venv/lib/python3.9/site-packages/pymysql/protocol.py", line 221, in raise_for_error
    err.raise_mysql_exception(self._data)
  File "/www/wwwroot/review/Doctor-Review-backend/backend/1c67665285fb6a7d761414e12578e574_venv/lib/python3.9/site-packages/pymysql/err.py", line 143, in raise_mysql_exception
    raise errorclass(errno, errval)
pymysql.err.IntegrityError: (1048, "Column 'user_name' cannot be null")

The above exception was the direct cause of the following exception:

Traceback (most recent call last):
  File "/www/wwwroot/review/Doctor-Review-backend/backend/1c67665285fb6a7d761414e12578e574_venv/lib/python3.9/site-packages/django/core/handlers/exception.py", line 47, in inner
    response = get_response(request)
  File "/www/wwwroot/review/Doctor-Review-backend/backend/1c67665285fb6a7d761414e12578e574_venv/lib/python3.9/site-packages/django/core/handlers/base.py", line 181, in _get_response
    response = wrapped_callback(request, *callback_args, **callback_kwargs)
  File "/www/wwwroot/review/Doctor-Review-backend/backend/1c67665285fb6a7d761414e12578e574_venv/lib/python3.9/site-packages/django/views/decorators/csrf.py", line 54, in wrapped_view
    return view_func(*args, **kwargs)
  File "/www/wwwroot/review/Doctor-Review-backend/backend/backend/views.py", line 186, in return_comment_list
    new_user.save()
  File "/www/wwwroot/review/Doctor-Review-backend/backend/1c67665285fb6a7d761414e12578e574_venv/lib/python3.9/site-packages/django/db/models/base.py", line 726, in save
    self.save_base(using=using, force_insert=force_insert,
  File "/www/wwwroot/review/Doctor-Review-backend/backend/1c67665285fb6a7d761414e12578e574_venv/lib/python3.9/site-packages/django/db/models/base.py", line 763, in save_base
    updated = self._save_table(
  File "/www/wwwroot/review/Doctor-Review-backend/backend/1c67665285fb6a7d761414e12578e574_venv/lib/python3.9/site-packages/django/db/models/base.py", line 868, in _save_table
    results = self._do_insert(cls._base_manager, using, fields, returning_fields, raw)
  File "/www/wwwroot/review/Doctor-Review-backend/backend/1c67665285fb6a7d761414e12578e574_venv/lib/python3.9/site-packages/django/db/models/base.py", line 906, in _do_insert
    return manager._insert(
  File "/www/wwwroot/review/Doctor-Review-backend/backend/1c67665285fb6a7d761414e12578e574_venv/lib/python3.9/site-packages/django/db/models/manager.py", line 85, in manager_method
    return getattr(self.get_queryset(), name)(*args, **kwargs)
  File "/www/wwwroot/review/Doctor-Review-backend/backend/1c67665285fb6a7d761414e12578e574_venv/lib/python3.9/site-packages/django/db/models/query.py", line 1270, in _insert
    return query.get_compiler(using=using).execute_sql(returning_fields)
  File "/www/wwwroot/review/Doctor-Review-backend/backend/1c67665285fb6a7d761414e12578e574_venv/lib/python3.9/site-packages/django/db/models/sql/compiler.py", line 1416, in execute_sql
    cursor.execute(sql, params)
  File "/www/wwwroot/review/Doctor-Review-backend/backend/1c67665285fb6a7d761414e12578e574_venv/lib/python3.9/site-packages/django/db/backends/utils.py", line 98, in execute
    return super().execute(sql, params)
  File "/www/wwwroot/review/Doctor-Review-backend/backend/1c67665285fb6a7d761414e12578e574_venv/lib/python3.9/site-packages/django/db/backends/utils.py", line 66, in execute
    return self._execute_with_wrappers(sql, params, many=False, executor=self._execute)
  File "/www/wwwroot/review/Doctor-Review-backend/backend/1c67665285fb6a7d761414e12578e574_venv/lib/python3.9/site-packages/django/db/backends/utils.py", line 75, in _execute_with_wrappers
    return executor(sql, params, many, context)
  File "/www/wwwroot/review/Doctor-Review-backend/backend/1c67665285fb6a7d761414e12578e574_venv/lib/python3.9/site-packages/django/db/backends/utils.py", line 84, in _execute
    return self.cursor.execute(sql, params)
  File "/www/wwwroot/review/Doctor-Review-backend/backend/1c67665285fb6a7d761414e12578e574_venv/lib/python3.9/site-packages/django/db/utils.py", line 90, in __exit__
    raise dj_exc_value.with_traceback(traceback) from exc_value
  File "/www/wwwroot/review/Doctor-Review-backend/backend/1c67665285fb6a7d761414e12578e574_venv/lib/python3.9/site-packages/django/db/backends/utils.py", line 84, in _execute
    return self.cursor.execute(sql, params)
  File "/www/wwwroot/review/Doctor-Review-backend/backend/1c67665285fb6a7d761414e12578e574_venv/lib/python3.9/site-packages/django/db/backends/mysql/base.py", line 73, in execute
    return self.cursor.execute(query, args)
  File "/www/wwwroot/review/Doctor-Review-backend/backend/1c67665285fb6a7d761414e12578e574_venv/lib/python3.9/site-packages/pymysql/cursors.py", line 148, in execute
    result = self._query(query)
  File "/www/wwwroot/review/Doctor-Review-backend/backend/1c67665285fb6a7d761414e12578e574_venv/lib/python3.9/site-packages/pymysql/cursors.py", line 310, in _query
    conn.query(q)
  File "/www/wwwroot/review/Doctor-Review-backend/backend/1c67665285fb6a7d761414e12578e574_venv/lib/python3.9/site-packages/pymysql/connections.py", line 548, in query
    self._affected_rows = self._read_query_result(unbuffered=unbuffered)
  File "/www/wwwroot/review/Doctor-Review-backend/backend/1c67665285fb6a7d761414e12578e574_venv/lib/python3.9/site-packages/pymysql/connections.py", line 775, in _read_query_result
    result.read()
  File "/www/wwwroot/review/Doctor-Review-backend/backend/1c67665285fb6a7d761414e12578e574_venv/lib/python3.9/site-packages/pymysql/connections.py", line 1156, in read
    first_packet = self.connection._read_packet()
  File "/www/wwwroot/review/Doctor-Review-backend/backend/1c67665285fb6a7d761414e12578e574_venv/lib/python3.9/site-packages/pymysql/connections.py", line 725, in _read_packet
    packet.raise_for_error()
  File "/www/wwwroot/review/Doctor-Review-backend/backend/1c67665285fb6a7d761414e12578e574_venv/lib/python3.9/site-packages/pymysql/protocol.py", line 221, in raise_for_error
    err.raise_mysql_exception(self._data)
  File "/www/wwwroot/review/Doctor-Review-backend/backend/1c67665285fb6a7d761414e12578e574_venv/lib/python3.9/site-packages/pymysql/err.py", line 143, in raise_mysql_exception
    raise errorclass(errno, errval)
django.db.utils.IntegrityError: (1048, "Column 'user_name' cannot be null")
[14/Jun/2022 07:35:42] "POST /initComment/ HTTP/1.1" 500 212241
